{"meta": {"format": 3, "version": "7.16.0", "timestamp": "2026-09-10T20:32:04.523439", "branch_coverage": true, "show_contexts": false}, "files": {"stocks_predictor/__init__.py": {"executed_lines": [], "summary": {"covered_lines": 0, "num_statements": 0, "percent_covered": 100.0, "percent_covered_display": "100", "missing_lines": 0, "excluded_lines": 0, "percent_statements_covered": 100.0, "percent_statements_covered_display": "100", "num_branches": 0, "num_partial_branches": 0, "covered_branches": 0, "missing_branches": 0, "percent_branches_covered": 100.0, "percent_branches_covered_display": "100"}, "missing_lines": [], "excluded_lines": [], "executed_branches": [], "missing_branches": [], "functions": {"": {"executed_lines": [], "summary": {"covered_lines": 0, "num_statements": 0, "percent_covered": 100.0, "percent_covered_display": "100", "missing_lines": 0, "excluded_lines": 0, "percent_statements_covered": 100.0, "percent_statements_covered_display": "100", "num_branches": 0, "num_partial_branches": 0, "covered_branches": 0, "missing_branches": 0, "percent_branches_covered": 100.0, "percent_branches_covered_display": "100"}, "missing_lines": [], "excluded_lines": [], "start_line": 1, "executed_branches": [], "missing_branches": []}}, "classes": {"": {"executed_lines": [], "summary": {"covered_lines": 0, "num_statements": 0, "percent_covered": 100.0, "percent_covered_display": "100", "missing_lines": 0, "excluded_lines": 0, "percent_statements_covered": 100.0, "percent_statements_covered_display": "100", "num_branches": 0, "num_partial_branches": 0, "covered_branches": 0, "missing_branches": 0, "percent_branches_covered": 100.0, "percent_branches_covered_display": "100"}, "missing_lines": [], "excluded_lines": [], "start_line": 1, "executed_branches": [], "missing_branches": []}}}, "stocks_predictor/__main__.py": {"executed_lines": [], "summary": {"covered_lines": 0, "num_statements": 3, "percent_covered": 0.0, "percent_covered_display": "0", "missing_lines": 3, "excluded_lines": 0, "percent_statements_covered": 0.0, "percent_statements_covered_display": "0", "num_branches": 2, "num_partial_branches": 0, "covered_branches": 0, "missing_branches": 2, "percent_branches_covered": 0.0, "percent_branches_covered_display": "0"}, "missing_lines": [2, 4, 5], "excluded_lines": [], "executed_branches": [], "missing_branches": [[4, -1], [4, 5]], "functions": {"": {"executed_lines": [], "summary": {"covered_lines": 0, "num_statements": 3, "percent_covered": 0.0, "percent_covered_display": "0", "missing_lines": 3, "excluded_lines": 0, "percent_statements_covered": 0.0, "percent_statements_covered_display": "0", "num_branches": 2, "num_partial_branches": 0, "covered_branches": 0, "missing_branches": 2, "percent_branches_covered": 0.0, "percent_branches_covered_display": "0"}, "missing_lines": [2, 4, 5], "excluded_lines": [], "start_line": 1, "executed_branches": [], "missing_branches": [[4, -1], [4, 5]]}}, "classes": {"": {"executed_lines": [], "summary": {"covered_lines": 0, "num_statements": 3, "percent_covered": 0.0, "percent_covered_display": "0", "missing_lines": 3, "excluded_lines": 0, "percent_statements_covered": 0.0, "percent_statements_covered_display": "0", "num_branches": 2, "num_partial_branches": 0, "covered_branches": 0, "missing_branches": 2, "percent_branches_covered": 0.0, "percent_branches_covered_display": "0"}, "missing_lines": [2, 4, 5], "excluded_lines": [], "start_line": 1, "executed_branches": [], "missing_branches": [[4, -1], [4, 5]]}}}, "stocks_predictor/adjust.py": {"executed_lines": [26, 27, 29, 33, 34, 36, 39, 41, 42, 43, 47, 49, 50, 51, 52, 53, 56, 58, 61, 65, 67, 68, 69, 70, 71, 72, 73, 76, 82, 83, 84, 86, 89, 90, 95, 99, 100, 101, 104, 107, 108, 113, 116, 117, 118, 119, 122, 123, 124, 127, 138, 139, 140, 141, 142, 143, 144, 152, 156, 159, 160, 161, 167, 171, 175, 176, 181, 185, 186, 189, 190, 191, 194, 197, 198, 199, 200, 202, 203, 204, 205, 206, 214, 217, 221, 222, 223, 224, 225, 226, 229, 236, 237, 238, 239, 240, 241, 242, 243, 244, 245, 251, 256, 259, 260, 263, 266, 267, 272, 273, 278, 283, 284, 285, 288, 300, 301, 303, 306, 307, 308, 309, 310, 312, 317, 318, 323, 324, 326, 327, 331, 333, 336, 337], "summary": {"covered_lines": 134, "num_statements": 149, "percent_covered": 86.17511520737327, "percent_covered_display": "86", "missing_lines": 15, "excluded_lines": 0, "percent_statements_covered": 89.93288590604027, "percent_statements_covered_display": "90", "num_branches": 68, "num_partial_branches": 13, "covered_branches": 53, "missing_branches": 15, "percent_branches_covered": 77.94117647058823, "percent_branches_covered_display": "78"}, "missing_lines": [30, 31, 66, 85, 87, 172, 174, 201, 302, 319, 320, 321, 322, 325, 334], "excluded_lines": [], "executed_branches": [[29, 33], [50, 51], [50, 53], [51, 52], [65, 67], [68, 69], [68, 73], [69, 70], [69, 71], [71, 68], [71, 72], [83, 84], [83, 90], [84, 86], [86, 89], [101, 104], [101, 123], [116, 101], [116, 117], [117, 118], [117, 119], [139, 140], [139, 141], [143, 144], [167, 171], [167, 176], [171, 175], [186, 189], [186, 190], [191, 194], [191, 214], [198, 191], [198, 199], [200, 202], [204, 205], [204, 206], [238, 239], [238, 272], [241, 242], [241, 243], [251, 256], [251, 266], [259, 260], [283, 284], [283, 285], [301, 303], [308, 309], [308, 327], [309, 310], [309, 317], [318, 323], [324, 326], [333, 336]], "missing_branches": [[29, 30], [51, 50], [65, 66], [84, 85], [86, 87], [143, -127], [171, 172], [200, 201], [259, 267], [301, 302], [318, 319], [320, 321], [320, 322], [324, 325], [333, 334]], "functions": {"overnight_returns": {"executed_lines": [49, 50, 51, 52, 53], "summary": {"covered_lines": 5, "num_statements": 5, "percent_covered": 88.88888888888889, "percent_covered_display": "89", "missing_lines": 0, "excluded_lines": 0, "percent_statements_covered": 100.0, "percent_statements_covered_display": "100", "num_branches": 4, "num_partial_branches": 1, "covered_branches": 3, "missing_branches": 1, "percent_branches_covered": 75.0, "percent_branches_covered_display": "75"}, "missing_lines": [], "excluded_lines": [], "start_line": 47, "executed_branches": [[50, 51], [50, 53], [51, 52]], "missing_branches": [[51, 50]]}, "detect_jumps": {"executed_lines": [58], "summary": {"covered_lines": 1, "num_statements": 1, "percent_covered": 100.0, "percent_covered_display": "100", "missing_lines": 0, "excluded_lines": 0, "percent_statements_covered": 100.0, "percent_statements_covered_display": "100", "num_branches": 0, "num_partial_branches": 0, "covered_branches": 0, "missing_branches": 0, "percent_branches_covered": 100.0, "percent_branches_covered_display": "100"}, "missing_lines": [], "excluded_lines": [], "start_line": 56, "executed_branches": [], "missing_branches": []}, "infer_split_factor": {"executed_lines": [65, 67, 68, 69, 70, 71, 72, 73], "summary": {"covered_lines": 8, "num_statements": 9, "percent_covered": 88.23529411764706, "percent_covered_display": "88", "missing_lines": 1, "excluded_lines": 0, "percent_statements_covered": 88.88888888888889, "percent_statements_covered_display": "89", "num_branches": 8, "num_partial_branches": 1, "covered_branches": 7, "missing_branches": 1, "percent_branches_covered": 87.5, "percent_branches_covered_display": "88"}, "missing_lines": [66], "excluded_lines": [], "start_line": 61, "executed_branches": [[65, 67], [68, 69], [68, 73], [69, 70], [69, 71], [71, 68], [71, 72]], "missing_branches": [[65, 66]]}, "adjusted_closes": {"executed_lines": [82, 83, 84, 86, 89, 90], "summary": {"covered_lines": 6, "num_statements": 8, "percent_covered": 71.42857142857143, "percent_covered_display": "71", "missing_lines": 2, "excluded_lines": 0, "percent_statements_covered": 75.0, "percent_statements_covered_display": "75", "num_branches": 6, "num_partial_branches": 2, "covered_branches": 4, "missing_branches": 2, "percent_branches_covered": 66.66666666666667, "percent_branches_covered_display": "67"}, "missing_lines": [85, 87], "excluded_lines": [], "start_line": 76, "executed_branches": [[83, 84], [83, 90], [84, 86], [86, 89]], "missing_branches": [[84, 85], [86, 87]]}, "scan_and_quarantine": {"executed_lines": [99, 100, 101, 104, 107, 108, 113, 116, 117, 118, 119, 122, 123, 124], "summary": {"covered_lines": 14, "num_statements": 14, "percent_covered": 100.0, "percent_covered_display": "100", "missing_lines": 0, "excluded_lines": 0, "percent_statements_covered": 100.0, "percent_statements_covered_display": "100", "num_branches": 6, "num_partial_branches": 0, "covered_branches": 6, "missing_branches": 0, "percent_branches_covered": 100.0, "percent_branches_covered_display": "100"}, "missing_lines": [], "excluded_lines": [], "start_line": 95, "executed_branches": [[101, 104], [101, 123], [116, 101], [116, 117], [117, 118], [117, 119]], "missing_branches": []}, "require_scanned": {"executed_lines": [138, 139, 140, 141, 142, 143, 144], "summary": {"covered_lines": 7, "num_statements": 7, "percent_covered": 90.9090909090909, "percent_covered_display": "91", "missing_lines": 0, "excluded_lines": 0, "percent_statements_covered": 100.0, "percent_statements_covered_display": "100", "num_branches": 4, "num_partial_branches": 1, "covered_branches": 3, "missing_branches": 1, "percent_branches_covered": 75.0, "percent_branches_covered_display": "75"}, "missing_lines": [], "excluded_lines": [], "start_line": 127, "executed_branches": [[139, 140], [139, 141], [143, 144]], "missing_branches": [[143, -127]]}, "adjusted_series": {"executed_lines": [156, 159, 160, 161, 167, 171, 175, 176], "summary": {"covered_lines": 8, "num_statements": 10, "percent_covered": 78.57142857142857, "percent_covered_display": "79", "missing_lines": 2, "excluded_lines": 0, "percent_statements_covered": 80.0, "percent_statements_covered_display": "80", "num_branches": 4, "num_partial_branches": 1, "covered_branches": 3, "missing_branches": 1, "percent_branches_covered": 75.0, "percent_branches_covered_display": "75"}, "missing_lines": [172, 174], "excluded_lines": [], "start_line": 152, "executed_branches": [[167, 171], [167, 176], [171, 175]], "missing_branches": [[171, 172]]}, "list_split_candidates": {"executed_lines": [185, 186, 189, 190, 191, 194, 197, 198, 199, 200, 202, 203, 204, 205, 206, 214], "summary": {"covered_lines": 16, "num_statements": 17, "percent_covered": 92.5925925925926, "percent_covered_display": "93", "missing_lines": 1, "excluded_lines": 0, "percent_statements_covered": 94.11764705882354, "percent_statements_covered_display": "94", "num_branches": 10, "num_partial_branches": 1, "covered_branches": 9, "missing_branches": 1, "percent_branches_covered": 90.0, "percent_branches_covered_display": "90"}, "missing_lines": [201], "excluded_lines": [], "start_line": 181, "executed_branches": [[186, 189], [186, 190], [191, 194], [191, 214], [198, 191], [198, 199], [200, 202], [204, 205], [204, 206]], "missing_branches": [[200, 201]]}, "export_candidates_csv": {"executed_lines": [221, 222, 223, 224, 225, 226], "summary": {"covered_lines": 6, "num_statements": 6, "percent_covered": 100.0, "percent_covered_display": "100", "missing_lines": 0, "excluded_lines": 0, "percent_statements_covered": 100.0, "percent_statements_covered_display": "100", "num_branches": 0, "num_partial_branches": 0, "covered_branches": 0, "missing_branches": 0, "percent_branches_covered": 100.0, "percent_branches_covered_display": "100"}, "missing_lines": [], "excluded_lines": [], "start_line": 217, "executed_branches": [], "missing_branches": []}, "import_approved_adjustments": {"executed_lines": [236, 237, 238, 239, 240, 241, 242, 243, 244, 245, 251, 256, 259, 260, 263, 266, 267, 272, 273], "summary": {"covered_lines": 19, "num_statements": 19, "percent_covered": 96.29629629629629, "percent_covered_display": "96", "missing_lines": 0, "excluded_lines": 0, "percent_statements_covered": 100.0, "percent_statements_covered_display": "100", "num_branches": 8, "num_partial_branches": 1, "covered_branches": 7, "missing_branches": 1, "percent_branches_covered": 87.5, "percent_branches_covered_display": "88"}, "missing_lines": [], "excluded_lines": [], "start_line": 229, "executed_branches": [[238, 239], [238, 272], [241, 242], [241, 243], [251, 256], [251, 266], [259, 260]], "missing_branches": [[259, 267]]}, "dividend_factor": {"executed_lines": [283, 284, 285], "summary": {"covered_lines": 3, "num_statements": 3, "percent_covered": 100.0, "percent_covered_display": "100", "missing_lines": 0, "excluded_lines": 0, "percent_statements_covered": 100.0, "percent_statements_covered_display": "100", "num_branches": 2, "num_partial_branches": 0, "covered_branches": 2, "missing_branches": 0, "percent_branches_covered": 100.0, "percent_branches_covered_display": "100"}, "missing_lines": [], "excluded_lines": [], "start_line": 278, "executed_branches": [[283, 284], [283, 285]], "missing_branches": []}, "legacy_total_return_series": {"executed_lines": [300, 301, 303, 306, 307, 308, 309, 310, 312, 317, 318, 323, 324, 326, 327], "summary": {"covered_lines": 15, "num_statements": 21, "percent_covered": 66.66666666666667, "percent_covered_display": "67", "missing_lines": 6, "excluded_lines": 0, "percent_statements_covered": 71.42857142857143, "percent_statements_covered_display": "71", "num_branches": 12, "num_partial_branches": 3, "covered_branches": 7, "missing_branches": 5, "percent_branches_covered": 58.333333333333336, "percent_branches_covered_display": "58"}, "missing_lines": [302, 319, 320, 321, 322, 325], "excluded_lines": [], "start_line": 288, "executed_branches": [[301, 303], [308, 309], [308, 327], [309, 310], [309, 317], [318, 323], [324, 326]], "missing_branches": [[301, 302], [318, 319], [320, 321], [320, 322], [324, 325]]}, "total_return_series": {"executed_lines": [333, 336, 337], "summary": {"covered_lines": 3, "num_statements": 4, "percent_covered": 66.66666666666667, "percent_covered_display": "67", "missing_lines": 1, "excluded_lines": 0, "percent_statements_covered": 75.0, "percent_statements_covered_display": "75", "num_branches": 2, "num_partial_branches": 1, "covered_branches": 1, "missing_branches": 1, "percent_branches_covered": 50.0, "percent_branches_covered_display": "50"}, "missing_lines": [334], "excluded_lines": [], "start_line": 331, "executed_branches": [[333, 336]], "missing_branches": [[333, 334]]}, "": {"executed_lines": [26, 27, 29, 33, 34, 36, 39, 41, 42, 43, 47, 56, 61, 76, 95, 127, 152, 181, 217, 229, 278, 288, 331], "summary": {"covered_lines": 23, "num_statements": 25, "percent_covered": 88.88888888888889, "percent_covered_display": "89", "missing_lines": 2, "excluded_lines": 0, "percent_statements_covered": 92.0, "percent_statements_covered_display": "92", "num_branches": 2, "num_partial_branches": 1, "covered_branches": 1, "missing_branches": 1, "percent_branches_covered": 50.0, "percent_branches_covered_display": "50"}, "missing_lines": [30, 31], "excluded_lines": [], "start_line": 1, "executed_branches": [[29, 33]], "missing_branches": [[29, 30]]}}, "classes": {"": {"executed_lines": [26, 27, 29, 33, 34, 36, 39, 41, 42, 43, 47, 49, 50, 51, 52, 53, 56, 58, 61, 65, 67, 68, 69, 70, 71, 72, 73, 76, 82, 83, 84, 86, 89, 90, 95, 99, 100, 101, 104, 107, 108, 113, 116, 117, 118, 119, 122, 123, 124, 127, 138, 139, 140, 141, 142, 143, 144, 152, 156, 159, 160, 161, 167, 171, 175, 176, 181, 185, 186, 189, 190, 191, 194, 197, 198, 199, 200, 202, 203, 204, 205, 206, 214, 217, 221, 222, 223, 224, 225, 226, 229, 236, 237, 238, 239, 240, 241, 242, 243, 244, 245, 251, 256, 259, 260, 263, 266, 267, 272, 273, 278, 283, 284, 285, 288, 300, 301, 303, 306, 307, 308, 309, 310, 312, 317, 318, 323, 324, 326, 327, 331, 333, 336, 337], "summary": {"covered_lines": 134, "num_statements": 149, "percent_covered": 86.17511520737327, "percent_covered_display": "86", "missing_lines": 15, "excluded_lines": 0, "percent_statements_covered": 89.93288590604027, "percent_statements_covered_display": "90", "num_branches": 68, "num_partial_branches": 13, "covered_branches": 53, "missing_branches": 15, "percent_branches_covered": 77.94117647058823, "percent_branches_covered_display": "78"}, "missing_lines": [30, 31, 66, 85, 87, 172, 174, 201, 302, 319, 320, 321, 322, 325, 334], "excluded_lines": [], "start_line": 1, "executed_branches": [[29, 33], [50, 51], [50, 53], [51, 52], [65, 67], [68, 69], [68, 73], [69, 70], [69, 71], [71, 68], [71, 72], [83, 84], [83, 90], [84, 86], [86, 89], [101, 104], [101, 123], [116, 101], [116, 117], [117, 118], [117, 119], [139, 140], [139, 141], [143, 144], [167, 171], [167, 176], [171, 175], [186, 189], [186, 190], [191, 194], [191, 214], [198, 191], [198, 199], [200, 202], [204, 205], [204, 206], [238, 239], [238, 272], [241, 242], [241, 243], [251, 256], [251, 266], [259, 260], [283, 284], [283, 285], [301, 303], [308, 309], [308, 327], [309, 310], [309, 317], [318, 323], [324, 326], [333, 336]], "missing_branches": [[29, 30], [51, 50], [65, 66], [84, 85], [86, 87], [143, -127], [171, 172], [200, 201], [259, 267], [301, 302], [318, 319], [320, 321], [320, 322], [324, 325], [333, 334]]}}}, "stocks_predictor/analyst.py": {"executed_lines": [15, 17, 20, 28, 31, 60, 62, 63, 75, 76, 77, 78, 82, 83, 89, 91, 92, 98, 99, 100, 103, 112, 121], "summary": {"covered_lines": 23, "num_statements": 55, "percent_covered": 42.028985507246375, "percent_covered_display": "42", "missing_lines": 32, "excluded_lines": 0, "percent_statements_covered": 41.81818181818182, "percent_statements_covered_display": "42", "num_branches": 14, "num_partial_branches": 4, "covered_branches": 6, "missing_branches": 8, "percent_branches_covered": 42.857142857142854, "percent_branches_covered_display": "43"}, "missing_lines": [33, 34, 35, 37, 40, 41, 42, 46, 50, 52, 53, 57, 80, 84, 85, 86, 87, 93, 94, 95, 96, 105, 106, 107, 108, 109, 113, 114, 115, 116, 118, 122], "excluded_lines": [], "executed_branches": [[75, 76], [77, 78], [77, 82], [83, 89], [92, 98], [121, -1]], "missing_branches": [[75, 80], [83, 84], [85, 86], [85, 91], [92, 93], [94, 95], [94, 99], [121, 122]], "functions": {"_fmt_ptbr": {"executed_lines": [28], "summary": {"covered_lines": 1, "num_statements": 1, "percent_covered": 100.0, "percent_covered_display": "100", "missing_lines": 0, "excluded_lines": 0, "percent_statements_covered": 100.0, "percent_statements_covered_display": "100", "num_branches": 0, "num_partial_branches": 0, "covered_branches": 0, "missing_branches": 0, "percent_branches_covered": 100.0, "percent_branches_covered_display": "100"}, "missing_lines": [], "excluded_lines": [], "start_line": 20, "executed_branches": [], "missing_branches": []}, "gather": {"executed_lines": [], "summary": {"covered_lines": 0, "num_statements": 12, "percent_covered": 0.0, "percent_covered_display": "0", "missing_lines": 12, "excluded_lines": 0, "percent_statements_covered": 0.0, "percent_statements_covered_display": "0", "num_branches": 0, "num_partial_branches": 0, "covered_branches": 0, "missing_branches": 0, "percent_branches_covered": 100.0, "percent_branches_covered_display": "100"}, "missing_lines": [33, 34, 35, 37, 40, 41, 42, 46, 50, 52, 53, 57], "excluded_lines": [], "start_line": 31, "executed_branches": [], "missing_branches": []}, "build_brief": {"executed_lines": [62, 63, 75, 76, 77, 78, 82, 83, 89, 91, 92, 98, 99, 100], "summary": {"covered_lines": 14, "num_statements": 23, "percent_covered": 54.285714285714285, "percent_covered_display": "54", "missing_lines": 9, "excluded_lines": 0, "percent_statements_covered": 60.869565217391305, "percent_statements_covered_display": "61", "num_branches": 12, "num_partial_branches": 3, "covered_branches": 5, "missing_branches": 7, "percent_branches_covered": 41.666666666666664, "percent_branches_covered_display": "42"}, "missing_lines": [80, 84, 85, 86, 87, 93, 94, 95, 96], "excluded_lines": [], "start_line": 60, "executed_branches": [[75, 76], [77, 78], [77, 82], [83, 89], [92, 98]], "missing_branches": [[75, 80], [83, 84], [85, 86], [85, 91], [92, 93], [94, 95], [94, 99]]}, "write_brief": {"executed_lines": [], "summary": {"covered_lines": 0, "num_statements": 5, "percent_covered": 0.0, "percent_covered_display": "0", "missing_lines": 5, "excluded_lines": 0, "percent_statements_covered": 0.0, "percent_statements_covered_display": "0", "num_branches": 0, "num_partial_branches": 0, "covered_branches": 0, "missing_branches": 0, "percent_branches_covered": 100.0, "percent_branches_covered_display": "100"}, "missing_lines": [105, 106, 107, 108, 109], "excluded_lines": [], "start_line": 103, "executed_branches": [], "missing_branches": []}, "main": {"executed_lines": [], "summary": {"covered_lines": 0, "num_statements": 5, "percent_covered": 0.0, "percent_covered_display": "0", "missing_lines": 5, "excluded_lines": 0, "percent_statements_covered": 0.0, "percent_statements_covered_display": "0", "num_branches": 0, "num_partial_branches": 0, "covered_branches": 0, "missing_branches": 0, "percent_branches_covered": 100.0, "percent_branches_covered_display": "100"}, "missing_lines": [113, 114, 115, 116, 118], "excluded_lines": [], "start_line": 112, "executed_branches": [], "missing_branches": []}, "": {"executed_lines": [15, 17, 20, 31, 60, 103, 112, 121], "summary": {"covered_lines": 8, "num_statements": 9, "percent_covered": 81.81818181818181, "percent_covered_display": "82", "missing_lines": 1, "excluded_lines": 0, "percent_statements_covered": 88.88888888888889, "percent_statements_covered_display": "89", "num_branches": 2, "num_partial_branches": 1, "covered_branches": 1, "missing_branches": 1, "percent_branches_covered": 50.0, "percent_branches_covered_display": "50"}, "missing_lines": [122], "excluded_lines": [], "start_line": 1, "executed_branches": [[121, -1]], "missing_branches": [[121, 122]]}}, "classes": {"": {"executed_lines": [15, 17, 20, 28, 31, 60, 62, 63, 75, 76, 77, 78, 82, 83, 89, 91, 92, 98, 99, 100, 103, 112, 121], "summary": {"covered_lines": 23, "num_statements": 55, "percent_covered": 42.028985507246375, "percent_covered_display": "42", "missing_lines": 32, "excluded_lines": 0, "percent_statements_covered": 41.81818181818182, "percent_statements_covered_display": "42", "num_branches": 14, "num_partial_branches": 4, "covered_branches": 6, "missing_branches": 8, "percent_branches_covered": 42.857142857142854, "percent_branches_covered_display": "43"}, "missing_lines": [33, 34, 35, 37, 40, 41, 42, 46, 50, 52, 53, 57, 80, 84, 85, 86, 87, 93, 94, 95, 96, 105, 106, 107, 108, 109, 113, 114, 115, 116, 118, 122], "excluded_lines": [], "start_line": 1, "executed_branches": [[75, 76], [77, 78], [77, 82], [83, 89], [92, 98], [121, -1]], "missing_branches": [[75, 80], [83, 84], [85, 86], [85, 91], [92, 93], [94, 95], [94, 99], [121, 122]]}}}, "stocks_predictor/backtest.py": {"executed_lines": [18, 19, 20, 22, 23, 24, 25, 26, 27, 28, 29, 30, 31, 32, 41, 42, 46, 84, 85, 86, 87, 88, 89, 90, 91, 92, 93, 95, 96, 97, 102, 104, 105, 106, 107, 108, 110, 113, 114, 115, 117, 118, 119, 120, 121, 122, 124, 125, 126, 127, 128, 129, 132, 135, 136, 137, 139, 140, 143, 144, 146, 147, 152, 153, 154, 160, 161, 163, 168, 169, 170, 172, 173, 174, 175, 176, 179, 181, 182, 183, 184, 185, 190, 194, 195, 196, 198, 200, 201, 204, 206, 208, 209, 213, 214, 215, 216, 217, 218, 220, 224, 227, 230, 231, 239, 240, 245, 248, 250, 251, 252, 253, 254, 257, 261, 262, 263, 264, 265, 266, 267, 270, 282, 284, 289, 297, 298, 299, 300, 301, 302, 306, 307, 311, 316, 317, 318, 319, 325, 331, 332, 333, 334, 335, 344, 350, 351, 352, 353, 354, 355, 362, 367, 368, 369, 370, 371, 372, 379, 385, 386, 387, 388, 389, 390, 391, 392, 393, 394, 396, 397, 398, 399, 401, 408, 416, 417, 418, 419, 420, 421, 429, 436, 437, 438, 439, 440, 441, 450, 457, 458, 459, 460, 461, 462, 463, 464, 465, 467, 468, 469, 470, 472, 479, 487, 488, 489, 490, 491, 492, 496, 497, 498, 499, 501, 510, 521, 522, 523, 524, 525, 526, 535, 545, 546, 547, 548, 549, 550, 559, 567, 568, 569, 570, 571, 572, 581, 591, 592, 593, 594, 595, 596, 597, 607, 609, 613, 615, 619, 621, 625, 630, 631, 632, 633, 634, 635, 636, 637, 638, 639, 642, 668, 669, 670, 671, 672, 673, 674, 675, 676, 677, 678, 679, 680, 683, 686, 688, 689, 691, 693, 694, 695, 696, 697, 699, 700, 702, 703, 704, 707, 708, 709, 710, 711, 712, 713, 714, 715, 716, 717, 718, 719, 720, 721, 723, 729, 735, 737, 738], "summary": {"covered_lines": 310, "num_statements": 328, "percent_covered": 91.58163265306122, "percent_covered_display": "92", "missing_lines": 18, "excluded_lines": 0, "percent_statements_covered": 94.51219512195122, "percent_statements_covered_display": "95", "num_branches": 64, "num_partial_branches": 13, "covered_branches": 49, "missing_branches": 15, "percent_branches_covered": 76.5625, "percent_branches_covered_display": "77"}, "missing_lines": [123, 130, 131, 141, 142, 162, 171, 188, 191, 221, 222, 223, 241, 242, 244, 687, 730, 731], "excluded_lines": [], "executed_branches": [[88, 89], [88, 90], [105, -104], [105, 106], [114, 115], [114, 117], [120, 121], [120, 176], [122, 124], [124, 125], [124, 126], [127, 128], [127, 139], [129, 132], [140, 143], [152, 120], [152, 153], [154, 160], [154, 168], [161, 163], [170, 172], [185, 190], [190, 194], [220, 224], [240, 245], [251, 252], [251, 254], [263, 264], [265, 266], [300, 301], [300, 302], [631, 632], [631, 633], [635, 636], [635, 639], [637, 635], [637, 638], [686, 688], [694, 695], [694, 700], [704, 707], [704, 723], [707, 708], [707, 711], [711, 712], [711, 713], [717, 718], [717, 719], [729, 735]], "missing_branches": [[122, 123], [129, 130], [140, 141], [161, 162], [170, 171], [185, 188], [190, 191], [220, 221], [240, 241], [263, 267], [265, 267], [686, 687], [729, 730], [730, 731], [730, 735]], "functions": {"_daily_returns": {"executed_lines": [42], "summary": {"covered_lines": 1, "num_statements": 1, "percent_covered": 100.0, "percent_covered_display": "100", "missing_lines": 0, "excluded_lines": 0, "percent_statements_covered": 100.0, "percent_statements_covered_display": "100", "num_branches": 0, "num_partial_branches": 0, "covered_branches": 0, "missing_branches": 0, "percent_branches_covered": 100.0, "percent_branches_covered_display": "100"}, "missing_lines": [], "excluded_lines": [], "start_line": 41, "executed_branches": [], "missing_branches": []}, "legacy_walk_forward": {"executed_lines": [84, 85, 86, 87, 88, 89, 90, 91, 92, 93, 95, 96, 97, 102, 104, 110, 113, 114, 115, 117, 118, 119, 120, 121, 122, 124, 125, 126, 127, 128, 129, 132, 135, 136, 137, 139, 140, 143, 144, 146, 147, 152, 153, 154, 160, 161, 163, 168, 169, 170, 172, 173, 174, 175, 176], "summary": {"covered_lines": 55, "num_statements": 62, "percent_covered": 86.04651162790698, "percent_covered_display": "86", "missing_lines": 7, "excluded_lines": 0, "percent_statements_covered": 88.70967741935483, "percent_statements_covered_display": "89", "num_branches": 24, "num_partial_branches": 5, "covered_branches": 19, "missing_branches": 5, "percent_branches_covered": 79.16666666666667, "percent_branches_covered_display": "79"}, "missing_lines": [123, 130, 131, 141, 142, 162, 171], "excluded_lines": [], "start_line": 46, "executed_branches": [[88, 89], [88, 90], [114, 115], [114, 117], [120, 121], [120, 176], [122, 124], [124, 125], [124, 126], [127, 128], [127, 139], [129, 132], [140, 143], [152, 120], [152, 153], [154, 160], [154, 168], [161, 163], [170, 172]], "missing_branches": [[122, 123], [129, 130], [140, 141], [161, 162], [170, 171]]}, "legacy_walk_forward._load": {"executed_lines": [105, 106, 107, 108], "summary": {"covered_lines": 4, "num_statements": 4, "percent_covered": 100.0, "percent_covered_display": "100", "missing_lines": 0, "excluded_lines": 0, "percent_statements_covered": 100.0, "percent_statements_covered_display": "100", "num_branches": 2, "num_partial_branches": 0, "covered_branches": 2, "missing_branches": 0, "percent_branches_covered": 100.0, "percent_branches_covered_display": "100"}, "missing_lines": [], "excluded_lines": [], "start_line": 104, "executed_branches": [[105, -104], [105, 106]], "missing_branches": []}, "judge": {"executed_lines": [181, 182, 183, 184, 185, 190, 194, 198, 200, 206, 208, 209], "summary": {"covered_lines": 12, "num_statements": 14, "percent_covered": 77.77777777777777, "percent_covered_display": "78", "missing_lines": 2, "excluded_lines": 0, "percent_statements_covered": 85.71428571428571, "percent_statements_covered_display": "86", "num_branches": 4, "num_partial_branches": 2, "covered_branches": 2, "missing_branches": 2, "percent_branches_covered": 50.0, "percent_branches_covered_display": "50"}, "missing_lines": [188, 191], "excluded_lines": [], "start_line": 179, "executed_branches": [[185, 190], [190, 194]], "missing_branches": [[185, 188], [190, 191]]}, "judge.per_period": {"executed_lines": [195, 196], "summary": {"covered_lines": 2, "num_statements": 2, "percent_covered": 100.0, "percent_covered_display": "100", "missing_lines": 0, "excluded_lines": 0, "percent_statements_covered": 100.0, "percent_statements_covered_display": "100", "num_branches": 0, "num_partial_branches": 0, "covered_branches": 0, "missing_branches": 0, "percent_branches_covered": 100.0, "percent_branches_covered_display": "100"}, "missing_lines": [], "excluded_lines": [], "start_line": 194, "executed_branches": [], "missing_branches": []}, "judge.diff_sharpe": {"executed_lines": [201, 204], "summary": {"covered_lines": 2, "num_statements": 2, "percent_covered": 100.0, "percent_covered_display": "100", "missing_lines": 0, "excluded_lines": 0, "percent_statements_covered": 100.0, "percent_statements_covered_display": "100", "num_branches": 0, "num_partial_branches": 0, "covered_branches": 0, "missing_branches": 0, "percent_branches_covered": 100.0, "percent_branches_covered_display": "100"}, "missing_lines": [], "excluded_lines": [], "start_line": 200, "executed_branches": [], "missing_branches": []}, "run": {"executed_lines": [214, 215, 216, 217, 218, 220, 224], "summary": {"covered_lines": 7, "num_statements": 10, "percent_covered": 66.66666666666667, "percent_covered_display": "67", "missing_lines": 3, "excluded_lines": 0, "percent_statements_covered": 70.0, "percent_statements_covered_display": "70", "num_branches": 2, "num_partial_branches": 1, "covered_branches": 1, "missing_branches": 1, "percent_branches_covered": 50.0, "percent_branches_covered_display": "50"}, "missing_lines": [221, 222, 223], "excluded_lines": [], "start_line": 213, "executed_branches": [[220, 224]], "missing_branches": [[220, 221]]}, "_conclude": {"executed_lines": [230, 231, 239, 240, 245], "summary": {"covered_lines": 5, "num_statements": 8, "percent_covered": 60.0, "percent_covered_display": "60", "missing_lines": 3, "excluded_lines": 0, "percent_statements_covered": 62.5, "percent_statements_covered_display": "62", "num_branches": 2, "num_partial_branches": 1, "covered_branches": 1, "missing_branches": 1, "percent_branches_covered": 50.0, "percent_branches_covered_display": "50"}, "missing_lines": [241, 242, 244], "excluded_lines": [], "start_line": 227, "executed_branches": [[240, 245]], "missing_branches": [[240, 241]]}, "_max_dd": {"executed_lines": [250, 251, 252, 253, 254], "summary": {"covered_lines": 5, "num_statements": 5, "percent_covered": 100.0, "percent_covered_display": "100", "missing_lines": 0, "excluded_lines": 0, "percent_statements_covered": 100.0, "percent_statements_covered_display": "100", "num_branches": 2, "num_partial_branches": 0, "covered_branches": 2, "missing_branches": 0, "percent_branches_covered": 100.0, "percent_branches_covered_display": "100"}, "missing_lines": [], "excluded_lines": [], "start_line": 248, "executed_branches": [[251, 252], [251, 254]], "missing_branches": []}, "_h4_extra_criteria": {"executed_lines": [261, 262, 263, 264, 265, 266, 267], "summary": {"covered_lines": 7, "num_statements": 7, "percent_covered": 81.81818181818181, "percent_covered_display": "82", "missing_lines": 0, "excluded_lines": 0, "percent_statements_covered": 100.0, "percent_statements_covered_display": "100", "num_branches": 4, "num_partial_branches": 2, "covered_branches": 2, "missing_branches": 2, "percent_branches_covered": 50.0, "percent_branches_covered_display": "50"}, "missing_lines": [], "excluded_lines": [], "start_line": 257, "executed_branches": [[263, 264], [265, 266]], "missing_branches": [[263, 267], [265, 267]]}, "_run_hypothesis": {"executed_lines": [282, 284], "summary": {"covered_lines": 2, "num_statements": 2, "percent_covered": 100.0, "percent_covered_display": "100", "missing_lines": 0, "excluded_lines": 0, "percent_statements_covered": 100.0, "percent_statements_covered_display": "100", "num_branches": 0, "num_partial_branches": 0, "covered_branches": 0, "missing_branches": 0, "percent_branches_covered": 100.0, "percent_branches_covered_display": "100"}, "missing_lines": [], "excluded_lines": [], "start_line": 270, "executed_branches": [], "missing_branches": []}, "_finalize_hypothesis": {"executed_lines": [297, 298, 299, 300, 301, 302, 306, 307], "summary": {"covered_lines": 8, "num_statements": 8, "percent_covered": 100.0, "percent_covered_display": "100", "missing_lines": 0, "excluded_lines": 0, "percent_statements_covered": 100.0, "percent_statements_covered_display": "100", "num_branches": 2, "num_partial_branches": 0, "covered_branches": 2, "missing_branches": 0, "percent_branches_covered": 100.0, "percent_branches_covered_display": "100"}, "missing_lines": [], "excluded_lines": [], "start_line": 289, "executed_branches": [[300, 301], [300, 302]], "missing_branches": []}, "run_h2": {"executed_lines": [316, 317, 318, 319], "summary": {"covered_lines": 4, "num_statements": 4, "percent_covered": 100.0, "percent_covered_display": "100", "missing_lines": 0, "excluded_lines": 0, "percent_statements_covered": 100.0, "percent_statements_covered_display": "100", "num_branches": 0, "num_partial_branches": 0, "covered_branches": 0, "missing_branches": 0, "percent_branches_covered": 100.0, "percent_branches_covered_display": "100"}, "missing_lines": [], "excluded_lines": [], "start_line": 311, "executed_branches": [], "missing_branches": []}, "run_h4": {"executed_lines": [331, 332, 333, 334, 335], "summary": {"covered_lines": 5, "num_statements": 5, "percent_covered": 100.0, "percent_covered_display": "100", "missing_lines": 0, "excluded_lines": 0, "percent_statements_covered": 100.0, "percent_statements_covered_display": "100", "num_branches": 0, "num_partial_branches": 0, "covered_branches": 0, "missing_branches": 0, "percent_branches_covered": 100.0, "percent_branches_covered_display": "100"}, "missing_lines": [], "excluded_lines": [], "start_line": 325, "executed_branches": [], "missing_branches": []}, "run_h5": {"executed_lines": [350, 351, 352, 353, 354, 355], "summary": {"covered_lines": 6, "num_statements": 6, "percent_covered": 100.0, "percent_covered_display": "100", "missing_lines": 0, "excluded_lines": 0, "percent_statements_covered": 100.0, "percent_statements_covered_display": "100", "num_branches": 0, "num_partial_branches": 0, "covered_branches": 0, "missing_branches": 0, "percent_branches_covered": 100.0, "percent_branches_covered_display": "100"}, "missing_lines": [], "excluded_lines": [], "start_line": 344, "executed_branches": [], "missing_branches": []}, "run_h6": {"executed_lines": [367, 368, 369, 370, 371, 372], "summary": {"covered_lines": 6, "num_statements": 6, "percent_covered": 100.0, "percent_covered_display": "100", "missing_lines": 0, "excluded_lines": 0, "percent_statements_covered": 100.0, "percent_statements_covered_display": "100", "num_branches": 0, "num_partial_branches": 0, "covered_branches": 0, "missing_branches": 0, "percent_branches_covered": 100.0, "percent_branches_covered_display": "100"}, "missing_lines": [], "excluded_lines": [], "start_line": 362, "executed_branches": [], "missing_branches": []}, "run_h8": {"executed_lines": [385, 386, 387, 388, 389, 390, 391, 392, 393, 394, 396, 401], "summary": {"covered_lines": 12, "num_statements": 12, "percent_covered": 100.0, "percent_covered_display": "100", "missing_lines": 0, "excluded_lines": 0, "percent_statements_covered": 100.0, "percent_statements_covered_display": "100", "num_branches": 0, "num_partial_branches": 0, "covered_branches": 0, "missing_branches": 0, "percent_branches_covered": 100.0, "percent_branches_covered_display": "100"}, "missing_lines": [], "excluded_lines": [], "start_line": 379, "executed_branches": [], "missing_branches": []}, "run_h8._pf": {"executed_lines": [397, 398, 399], "summary": {"covered_lines": 3, "num_statements": 3, "percent_covered": 100.0, "percent_covered_display": "100", "missing_lines": 0, "excluded_lines": 0, "percent_statements_covered": 100.0, "percent_statements_covered_display": "100", "num_branches": 0, "num_partial_branches": 0, "covered_branches": 0, "missing_branches": 0, "percent_branches_covered": 100.0, "percent_branches_covered_display": "100"}, "missing_lines": [], "excluded_lines": [], "start_line": 396, "executed_branches": [], "missing_branches": []}, "run_h7": {"executed_lines": [416, 417, 418, 419, 420, 421], "summary": {"covered_lines": 6, "num_statements": 6, "percent_covered": 100.0, "percent_covered_display": "100", "missing_lines": 0, "excluded_lines": 0, "percent_statements_covered": 100.0, "percent_statements_covered_display": "100", "num_branches": 0, "num_partial_branches": 0, "covered_branches": 0, "missing_branches": 0, "percent_branches_covered": 100.0, "percent_branches_covered_display": "100"}, "missing_lines": [], "excluded_lines": [], "start_line": 408, "executed_branches": [], "missing_branches": []}, "run_h9": {"executed_lines": [436, 437, 438, 439, 440, 441], "summary": {"covered_lines": 6, "num_statements": 6, "percent_covered": 100.0, "percent_covered_display": "100", "missing_lines": 0, "excluded_lines": 0, "percent_statements_covered": 100.0, "percent_statements_covered_display": "100", "num_branches": 0, "num_partial_branches": 0, "covered_branches": 0, "missing_branches": 0, "percent_branches_covered": 100.0, "percent_branches_covered_display": "100"}, "missing_lines": [], "excluded_lines": [], "start_line": 429, "executed_branches": [], "missing_branches": []}, "run_h10": {"executed_lines": [457, 458, 459, 460, 461, 462, 463, 464, 465, 467, 472], "summary": {"covered_lines": 11, "num_statements": 11, "percent_covered": 100.0, "percent_covered_display": "100", "missing_lines": 0, "excluded_lines": 0, "percent_statements_covered": 100.0, "percent_statements_covered_display": "100", "num_branches": 0, "num_partial_branches": 0, "covered_branches": 0, "missing_branches": 0, "percent_branches_covered": 100.0, "percent_branches_covered_display": "100"}, "missing_lines": [], "excluded_lines": [], "start_line": 450, "executed_branches": [], "missing_branches": []}, "run_h10._pf": {"executed_lines": [468, 469, 470], "summary": {"covered_lines": 3, "num_statements": 3, "percent_covered": 100.0, "percent_covered_display": "100", "missing_lines": 0, "excluded_lines": 0, "percent_statements_covered": 100.0, "percent_statements_covered_display": "100", "num_branches": 0, "num_partial_branches": 0, "covered_branches": 0, "missing_branches": 0, "percent_branches_covered": 100.0, "percent_branches_covered_display": "100"}, "missing_lines": [], "excluded_lines": [], "start_line": 467, "executed_branches": [], "missing_branches": []}, "run_h11": {"executed_lines": [487, 488, 489, 490, 491, 492, 496, 497, 498, 499, 501], "summary": {"covered_lines": 11, "num_statements": 11, "percent_covered": 100.0, "percent_covered_display": "100", "missing_lines": 0, "excluded_lines": 0, "percent_statements_covered": 100.0, "percent_statements_covered_display": "100", "num_branches": 0, "num_partial_branches": 0, "covered_branches": 0, "missing_branches": 0, "percent_branches_covered": 100.0, "percent_branches_covered_display": "100"}, "missing_lines": [], "excluded_lines": [], "start_line": 479, "executed_branches": [], "missing_branches": []}, "run_h12": {"executed_lines": [521, 522, 523, 524, 525, 526], "summary": {"covered_lines": 6, "num_statements": 6, "percent_covered": 100.0, "percent_covered_display": "100", "missing_lines": 0, "excluded_lines": 0, "percent_statements_covered": 100.0, "percent_statements_covered_display": "100", "num_branches": 0, "num_partial_branches": 0, "covered_branches": 0, "missing_branches": 0, "percent_branches_covered": 100.0, "percent_branches_covered_display": "100"}, "missing_lines": [], "excluded_lines": [], "start_line": 510, "executed_branches": [], "missing_branches": []}, "run_h13": {"executed_lines": [545, 546, 547, 548, 549, 550], "summary": {"covered_lines": 6, "num_statements": 6, "percent_covered": 100.0, "percent_covered_display": "100", "missing_lines": 0, "excluded_lines": 0, "percent_statements_covered": 100.0, "percent_statements_covered_display": "100", "num_branches": 0, "num_partial_branches": 0, "covered_branches": 0, "missing_branches": 0, "percent_branches_covered": 100.0, "percent_branches_covered_display": "100"}, "missing_lines": [], "excluded_lines": [], "start_line": 535, "executed_branches": [], "missing_branches": []}, "run_h14": {"executed_lines": [567, 568, 569, 570, 571, 572], "summary": {"covered_lines": 6, "num_statements": 6, "percent_covered": 100.0, "percent_covered_display": "100", "missing_lines": 0, "excluded_lines": 0, "percent_statements_covered": 100.0, "percent_statements_covered_display": "100", "num_branches": 0, "num_partial_branches": 0, "covered_branches": 0, "missing_branches": 0, "percent_branches_covered": 100.0, "percent_branches_covered_display": "100"}, "missing_lines": [], "excluded_lines": [], "start_line": 559, "executed_branches": [], "missing_branches": []}, "run_h15": {"executed_lines": [591, 592, 593, 594, 595, 596, 597], "summary": {"covered_lines": 7, "num_statements": 7, "percent_covered": 100.0, "percent_covered_display": "100", "missing_lines": 0, "excluded_lines": 0, "percent_statements_covered": 100.0, "percent_statements_covered_display": "100", "num_branches": 0, "num_partial_branches": 0, "covered_branches": 0, "missing_branches": 0, "percent_branches_covered": 100.0, "percent_branches_covered_display": "100"}, "missing_lines": [], "excluded_lines": [], "start_line": 581, "executed_branches": [], "missing_branches": []}, "run_h17": {"executed_lines": [609], "summary": {"covered_lines": 1, "num_statements": 1, "percent_covered": 100.0, "percent_covered_display": "100", "missing_lines": 0, "excluded_lines": 0, "percent_statements_covered": 100.0, "percent_statements_covered_display": "100", "num_branches": 0, "num_partial_branches": 0, "covered_branches": 0, "missing_branches": 0, "percent_branches_covered": 100.0, "percent_branches_covered_display": "100"}, "missing_lines": [], "excluded_lines": [], "start_line": 607, "executed_branches": [], "missing_branches": []}, "run_h18": {"executed_lines": [615], "summary": {"covered_lines": 1, "num_statements": 1, "percent_covered": 100.0, "percent_covered_display": "100", "missing_lines": 0, "excluded_lines": 0, "percent_statements_covered": 100.0, "percent_statements_covered_display": "100", "num_branches": 0, "num_partial_branches": 0, "covered_branches": 0, "missing_branches": 0, "percent_branches_covered": 100.0, "percent_branches_covered_display": "100"}, "missing_lines": [], "excluded_lines": [], "start_line": 613, "executed_branches": [], "missing_branches": []}, "run_h19": {"executed_lines": [621], "summary": {"covered_lines": 1, "num_statements": 1, "percent_covered": 100.0, "percent_covered_display": "100", "missing_lines": 0, "excluded_lines": 0, "percent_statements_covered": 100.0, "percent_statements_covered_display": "100", "num_branches": 0, "num_partial_branches": 0, "covered_branches": 0, "missing_branches": 0, "percent_branches_covered": 100.0, "percent_branches_covered_display": "100"}, "missing_lines": [], "excluded_lines": [], "start_line": 619, "executed_branches": [], "missing_branches": []}, "_turn_of_month_days": {"executed_lines": [630, 631, 632, 633, 634, 635, 636, 637, 638, 639], "summary": {"covered_lines": 10, "num_statements": 10, "percent_covered": 100.0, "percent_covered_display": "100", "missing_lines": 0, "excluded_lines": 0, "percent_statements_covered": 100.0, "percent_statements_covered_display": "100", "num_branches": 6, "num_partial_branches": 0, "covered_branches": 6, "missing_branches": 0, "percent_branches_covered": 100.0, "percent_branches_covered_display": "100"}, "missing_lines": [], "excluded_lines": [], "start_line": 625, "executed_branches": [[631, 632], [631, 633], [635, 636], [635, 639], [637, 635], [637, 638]], "missing_branches": []}, "run_h16": {"executed_lines": [668, 669, 670, 671, 672, 673, 674, 675, 676, 677, 678, 679, 680, 683, 686, 688, 689, 691, 693, 702, 703, 704, 707, 708, 709, 710, 711, 712, 713, 714, 715, 716, 717, 718, 719, 720, 721, 723], "summary": {"covered_lines": 38, "num_statements": 39, "percent_covered": 95.91836734693878, "percent_covered_display": "96", "missing_lines": 1, "excluded_lines": 0, "percent_statements_covered": 97.43589743589743, "percent_statements_covered_display": "97", "num_branches": 10, "num_partial_branches": 1, "covered_branches": 9, "missing_branches": 1, "percent_branches_covered": 90.0, "percent_branches_covered_display": "90"}, "missing_lines": [687], "excluded_lines": [], "start_line": 642, "executed_branches": [[686, 688], [704, 707], [704, 723], [707, 708], [707, 711], [711, 712], [711, 713], [717, 718], [717, 719]], "missing_branches": [[686, 687]]}, "run_h16._load": {"executed_lines": [694, 695, 696, 697, 699, 700], "summary": {"covered_lines": 6, "num_statements": 6, "percent_covered": 100.0, "percent_covered_display": "100", "missing_lines": 0, "excluded_lines": 0, "percent_statements_covered": 100.0, "percent_statements_covered_display": "100", "num_branches": 2, "num_partial_branches": 0, "covered_branches": 2, "missing_branches": 0, "percent_branches_covered": 100.0, "percent_branches_covered_display": "100"}, "missing_lines": [], "excluded_lines": [], "start_line": 693, "executed_branches": [[694, 695], [694, 700]], "missing_branches": []}, "walk_forward": {"executed_lines": [737, 738], "summary": {"covered_lines": 2, "num_statements": 2, "percent_covered": 100.0, "percent_covered_display": "100", "missing_lines": 0, "excluded_lines": 0, "percent_statements_covered": 100.0, "percent_statements_covered_display": "100", "num_branches": 0, "num_partial_branches": 0, "covered_branches": 0, "missing_branches": 0, "percent_branches_covered": 100.0, "percent_branches_covered_display": "100"}, "missing_lines": [], "excluded_lines": [], "start_line": 735, "executed_branches": [], "missing_branches": []}, "": {"executed_lines": [18, 19, 20, 22, 23, 24, 25, 26, 27, 28, 29, 30, 31, 32, 41, 46, 179, 213, 227, 248, 257, 270, 289, 311, 325, 344, 362, 379, 408, 429, 450, 479, 510, 535, 559, 581, 607, 613, 619, 625, 642, 729, 735], "summary": {"covered_lines": 43, "num_statements": 45, "percent_covered": 89.79591836734694, "percent_covered_display": "90", "missing_lines": 2, "excluded_lines": 0, "percent_statements_covered": 95.55555555555556, "percent_statements_covered_display": "96", "num_branches": 4, "num_partial_branches": 1, "covered_branches": 1, "missing_branches": 3, "percent_branches_covered": 25.0, "percent_branches_covered_display": "25"}, "missing_lines": [730, 731], "excluded_lines": [], "start_line": 1, "executed_branches": [[729, 735]], "missing_branches": [[729, 730], [730, 731], [730, 735]]}}, "classes": {"": {"executed_lines": [18, 19, 20, 22, 23, 24, 25, 26, 27, 28, 29, 30, 31, 32, 41, 42, 46, 84, 85, 86, 87, 88, 89, 90, 91, 92, 93, 95, 96, 97, 102, 104, 105, 106, 107, 108, 110, 113, 114, 115, 117, 118, 119, 120, 121, 122, 124, 125, 126, 127, 128, 129, 132, 135, 136, 137, 139, 140, 143, 144, 146, 147, 152, 153, 154, 160, 161, 163, 168, 169, 170, 172, 173, 174, 175, 176, 179, 181, 182, 183, 184, 185, 190, 194, 195, 196, 198, 200, 201, 204, 206, 208, 209, 213, 214, 215, 216, 217, 218, 220, 224, 227, 230, 231, 239, 240, 245, 248, 250, 251, 252, 253, 254, 257, 261, 262, 263, 264, 265, 266, 267, 270, 282, 284, 289, 297, 298, 299, 300, 301, 302, 306, 307, 311, 316, 317, 318, 319, 325, 331, 332, 333, 334, 335, 344, 350, 351, 352, 353, 354, 355, 362, 367, 368, 369, 370, 371, 372, 379, 385, 386, 387, 388, 389, 390, 391, 392, 393, 394, 396, 397, 398, 399, 401, 408, 416, 417, 418, 419, 420, 421, 429, 436, 437, 438, 439, 440, 441, 450, 457, 458, 459, 460, 461, 462, 463, 464, 465, 467, 468, 469, 470, 472, 479, 487, 488, 489, 490, 491, 492, 496, 497, 498, 499, 501, 510, 521, 522, 523, 524, 525, 526, 535, 545, 546, 547, 548, 549, 550, 559, 567, 568, 569, 570, 571, 572, 581, 591, 592, 593, 594, 595, 596, 597, 607, 609, 613, 615, 619, 621, 625, 630, 631, 632, 633, 634, 635, 636, 637, 638, 639, 642, 668, 669, 670, 671, 672, 673, 674, 675, 676, 677, 678, 679, 680, 683, 686, 688, 689, 691, 693, 694, 695, 696, 697, 699, 700, 702, 703, 704, 707, 708, 709, 710, 711, 712, 713, 714, 715, 716, 717, 718, 719, 720, 721, 723, 729, 735, 737, 738], "summary": {"covered_lines": 310, "num_statements": 328, "percent_covered": 91.58163265306122, "percent_covered_display": "92", "missing_lines": 18, "excluded_lines": 0, "percent_statements_covered": 94.51219512195122, "percent_statements_covered_display": "95", "num_branches": 64, "num_partial_branches": 13, "covered_branches": 49, "missing_branches": 15, "percent_branches_covered": 76.5625, "percent_branches_covered_display": "77"}, "missing_lines": [123, 130, 131, 141, 142, 162, 171, 188, 191, 221, 222, 223, 241, 242, 244, 687, 730, 731], "excluded_lines": [], "start_line": 1, "executed_branches": [[88, 89], [88, 90], [105, -104], [105, 106], [114, 115], [114, 117], [120, 121], [120, 176], [122, 124], [124, 125], [124, 126], [127, 128], [127, 139], [129, 132], [140, 143], [152, 120], [152, 153], [154, 160], [154, 168], [161, 163], [170, 172], [185, 190], [190, 194], [220, 224], [240, 245], [251, 252], [251, 254], [263, 264], [265, 266], [300, 301], [300, 302], [631, 632], [631, 633], [635, 636], [635, 639], [637, 635], [637, 638], [686, 688], [694, 695], [694, 700], [704, 707], [704, 723], [707, 708], [707, 711], [711, 712], [711, 713], [717, 718], [717, 719], [729, 735]], "missing_branches": [[122, 123], [129, 130], [140, 141], [161, 162], [170, 171], [185, 188], [190, 191], [220, 221], [240, 241], [263, 267], [265, 267], [686, 687], [729, 730], [730, 731], [730, 735]]}}}, "stocks_predictor/buffered_rebalance.py": {"executed_lines": [6, 7, 8, 9, 10, 12, 15, 16, 17, 18, 19, 20, 23, 24, 25, 26, 27, 28, 29, 30, 31, 32, 33, 34, 37, 40, 41, 43, 45, 46, 47, 48, 49, 50, 52, 53, 54, 55, 56, 57, 58, 61, 62, 64, 65, 67, 68, 69, 70, 71, 72, 73, 74, 75, 76, 78, 79, 80, 81, 82, 83, 89, 96, 97, 98, 99, 100, 102, 103, 104, 105, 107, 108, 109, 110, 112, 113, 114, 124, 125], "summary": {"covered_lines": 80, "num_statements": 86, "percent_covered": 90.0, "percent_covered_display": "90", "missing_lines": 6, "excluded_lines": 0, "percent_statements_covered": 93.02325581395348, "percent_statements_covered_display": "93", "num_branches": 34, "num_partial_branches": 6, "covered_branches": 28, "missing_branches": 6, "percent_branches_covered": 82.3529411764706, "percent_branches_covered_display": "82"}, "missing_lines": [42, 44, 51, 60, 63, 101], "excluded_lines": [], "executed_branches": [[41, 43], [43, 45], [46, 47], [46, 53], [47, 48], [47, 49], [50, 52], [54, 55], [54, 64], [56, 57], [56, 58], [58, 61], [62, 54], [67, 68], [67, 69], [74, 75], [74, 81], [78, 74], [78, 79], [96, 97], [96, 98], [98, 99], [98, 100], [100, 102], [103, 104], [103, 109], [105, 107], [105, 108]], "missing_branches": [[41, 42], [43, 44], [50, 51], [58, 60], [62, 63], [100, 101]], "functions": {"book_digest": {"executed_lines": [16, 17, 18, 19, 20], "summary": {"covered_lines": 5, "num_statements": 5, "percent_covered": 100.0, "percent_covered_display": "100", "missing_lines": 0, "excluded_lines": 0, "percent_statements_covered": 100.0, "percent_statements_covered_display": "100", "num_branches": 0, "num_partial_branches": 0, "covered_branches": 0, "missing_branches": 0, "percent_branches_covered": 100.0, "percent_branches_covered_display": "100"}, "missing_lines": [], "excluded_lines": [], "start_line": 15, "executed_branches": [], "missing_branches": []}, "freeze_rebalance": {"executed_lines": [40, 41, 43, 45, 46, 47, 48, 49, 50, 52, 53, 54, 55, 56, 57, 58, 61, 62, 64, 65, 67, 68, 69, 70, 71, 72, 73, 74, 75, 76, 78, 79, 80, 81, 82, 83], "summary": {"covered_lines": 36, "num_statements": 41, "percent_covered": 84.61538461538461, "percent_covered_display": "85", "missing_lines": 5, "excluded_lines": 0, "percent_statements_covered": 87.8048780487805, "percent_statements_covered_display": "88", "num_branches": 24, "num_partial_branches": 5, "covered_branches": 19, "missing_branches": 5, "percent_branches_covered": 79.16666666666667, "percent_branches_covered_display": "79"}, "missing_lines": [42, 44, 51, 60, 63], "excluded_lines": [], "start_line": 37, "executed_branches": [[41, 43], [43, 45], [46, 47], [46, 53], [47, 48], [47, 49], [50, 52], [54, 55], [54, 64], [56, 57], [56, 58], [58, 61], [62, 54], [67, 68], [67, 69], [74, 75], [74, 81], [78, 74], [78, 79]], "missing_branches": [[41, 42], [43, 44], [50, 51], [58, 60], [62, 63]]}, "execute_rebalance": {"executed_lines": [96, 97, 98, 99, 100, 102, 103, 104, 105, 107, 108, 109, 110, 112, 113, 114, 124, 125], "summary": {"covered_lines": 18, "num_statements": 19, "percent_covered": 93.10344827586206, "percent_covered_display": "93", "missing_lines": 1, "excluded_lines": 0, "percent_statements_covered": 94.73684210526316, "percent_statements_covered_display": "95", "num_branches": 10, "num_partial_branches": 1, "covered_branches": 9, "missing_branches": 1, "percent_branches_covered": 90.0, "percent_branches_covered_display": "90"}, "missing_lines": [101], "excluded_lines": [], "start_line": 89, "executed_branches": [[96, 97], [96, 98], [98, 99], [98, 100], [100, 102], [103, 104], [103, 109], [105, 107], [105, 108]], "missing_branches": [[100, 101]]}, "": {"executed_lines": [6, 7, 8, 9, 10, 12, 15, 23, 24, 25, 26, 27, 28, 29, 30, 31, 32, 33, 34, 37, 89], "summary": {"covered_lines": 21, "num_statements": 21, "percent_covered": 100.0, "percent_covered_display": "100", "missing_lines": 0, "excluded_lines": 0, "percent_statements_covered": 100.0, "percent_statements_covered_display": "100", "num_branches": 0, "num_partial_branches": 0, "covered_branches": 0, "missing_branches": 0, "percent_branches_covered": 100.0, "percent_branches_covered_display": "100"}, "missing_lines": [], "excluded_lines": [], "start_line": 1, "executed_branches": [], "missing_branches": []}}, "classes": {"FrozenRebalance": {"executed_lines": [], "summary": {"covered_lines": 0, "num_statements": 0, "percent_covered": 100.0, "percent_covered_display": "100", "missing_lines": 0, "excluded_lines": 0, "percent_statements_covered": 100.0, "percent_statements_covered_display": "100", "num_branches": 0, "num_partial_branches": 0, "covered_branches": 0, "missing_branches": 0, "percent_branches_covered": 100.0, "percent_branches_covered_display": "100"}, "missing_lines": [], "excluded_lines": [], "start_line": 24, "executed_branches": [], "missing_branches": []}, "": {"executed_lines": [6, 7, 8, 9, 10, 12, 15, 16, 17, 18, 19, 20, 23, 24, 25, 26, 27, 28, 29, 30, 31, 32, 33, 34, 37, 40, 41, 43, 45, 46, 47, 48, 49, 50, 52, 53, 54, 55, 56, 57, 58, 61, 62, 64, 65, 67, 68, 69, 70, 71, 72, 73, 74, 75, 76, 78, 79, 80, 81, 82, 83, 89, 96, 97, 98, 99, 100, 102, 103, 104, 105, 107, 108, 109, 110, 112, 113, 114, 124, 125], "summary": {"covered_lines": 80, "num_statements": 86, "percent_covered": 90.0, "percent_covered_display": "90", "missing_lines": 6, "excluded_lines": 0, "percent_statements_covered": 93.02325581395348, "percent_statements_covered_display": "93", "num_branches": 34, "num_partial_branches": 6, "covered_branches": 28, "missing_branches": 6, "percent_branches_covered": 82.3529411764706, "percent_branches_covered_display": "82"}, "missing_lines": [42, 44, 51, 60, 63, 101], "excluded_lines": [], "start_line": 1, "executed_branches": [[41, 43], [43, 45], [46, 47], [46, 53], [47, 48], [47, 49], [50, 52], [54, 55], [54, 64], [56, 57], [56, 58], [58, 61], [62, 54], [67, 68], [67, 69], [74, 75], [74, 81], [78, 74], [78, 79], [96, 97], [96, 98], [98, 99], [98, 100], [100, 102], [103, 104], [103, 109], [105, 107], [105, 108]], "missing_branches": [[41, 42], [43, 44], [50, 51], [58, 60], [62, 63], [100, 101]]}}}, "stocks_predictor/cash_events.py": {"executed_lines": [7, 8, 9, 10, 12, 15, 18, 26, 27, 28, 29, 31, 32, 33, 34, 36, 37, 38, 39, 40, 42, 43, 44, 45, 46, 48, 51, 52, 53, 54, 55, 56, 57, 58, 60, 61, 62, 63, 64, 69, 72, 73, 75, 76, 77, 78, 81, 82, 84, 85, 86, 87, 88, 91, 98, 101, 103, 104, 106, 107, 108, 109, 110, 115, 116, 117, 118, 119, 120, 121, 122, 123, 124], "summary": {"covered_lines": 73, "num_statements": 85, "percent_covered": 82.11382113821138, "percent_covered_display": "82", "missing_lines": 12, "excluded_lines": 0, "percent_statements_covered": 85.88235294117646, "percent_statements_covered_display": "86", "num_branches": 38, "num_partial_branches": 10, "covered_branches": 28, "missing_branches": 10, "percent_branches_covered": 73.6842105263158, "percent_branches_covered_display": "74"}, "missing_lines": [13, 30, 35, 41, 47, 65, 66, 67, 68, 83, 99, 105], "excluded_lines": [], "executed_branches": [[12, 15], [29, 31], [32, 33], [32, 37], [34, 36], [39, 40], [39, 60], [40, 42], [44, 45], [44, 46], [46, 48], [48, 51], [48, 52], [55, 56], [55, 57], [78, 81], [78, 88], [82, 84], [84, 85], [86, 87], [98, 101], [104, 106], [110, 115], [110, 116], [117, 118], [117, 124], [119, 120], [119, 122]], "missing_branches": [[12, 13], [29, 30], [34, 35], [40, 41], [46, 47], [82, 83], [84, 86], [86, 78], [98, 99], [104, 105]], "functions": {"import_verified_events": {"executed_lines": [26, 27, 28, 29, 31, 32, 33, 34, 36, 37, 38, 39, 40, 42, 43, 44, 45, 46, 48, 51, 52, 53, 54, 55, 56, 57, 58, 60, 61, 62, 63, 64, 69], "summary": {"covered_lines": 33, "num_statements": 41, "percent_covered": 79.66101694915254, "percent_covered_display": "80", "missing_lines": 8, "excluded_lines": 0, "percent_statements_covered": 80.48780487804878, "percent_statements_covered_display": "80", "num_branches": 18, "num_partial_branches": 4, "covered_branches": 14, "missing_branches": 4, "percent_branches_covered": 77.77777777777777, "percent_branches_covered_display": "78"}, "missing_lines": [30, 35, 41, 47, 65, 66, 67, 68], "excluded_lines": [], "start_line": 18, "executed_branches": [[29, 31], [32, 33], [32, 37], [34, 36], [39, 40], [39, 60], [40, 42], [44, 45], [44, 46], [46, 48], [48, 51], [48, 52], [55, 56], [55, 57]], "missing_branches": [[29, 30], [34, 35], [40, 41], [46, 47]]}, "require_coverage": {"executed_lines": [73, 75, 76, 77, 78, 81, 82, 84, 85, 86, 87, 88], "summary": {"covered_lines": 12, "num_statements": 13, "percent_covered": 80.95238095238095, "percent_covered_display": "81", "missing_lines": 1, "excluded_lines": 0, "percent_statements_covered": 92.3076923076923, "percent_statements_covered_display": "92", "num_branches": 8, "num_partial_branches": 3, "covered_branches": 5, "missing_branches": 3, "percent_branches_covered": 62.5, "percent_branches_covered_display": "62"}, "missing_lines": [83], "excluded_lines": [], "start_line": 72, "executed_branches": [[78, 81], [78, 88], [82, 84], [84, 85], [86, 87]], "missing_branches": [[82, 83], [84, 86], [86, 78]]}, "total_return_series": {"executed_lines": [98, 101, 103, 104, 106, 107, 108, 109, 110, 115, 116, 117, 118, 119, 120, 121, 122, 123, 124], "summary": {"covered_lines": 19, "num_statements": 21, "percent_covered": 87.09677419354838, "percent_covered_display": "87", "missing_lines": 2, "excluded_lines": 0, "percent_statements_covered": 90.47619047619048, "percent_statements_covered_display": "90", "num_branches": 10, "num_partial_branches": 2, "covered_branches": 8, "missing_branches": 2, "percent_branches_covered": 80.0, "percent_branches_covered_display": "80"}, "missing_lines": [99, 105], "excluded_lines": [], "start_line": 91, "executed_branches": [[98, 101], [104, 106], [110, 115], [110, 116], [117, 118], [117, 124], [119, 120], [119, 122]], "missing_branches": [[98, 99], [104, 105]]}, "": {"executed_lines": [7, 8, 9, 10, 12, 15, 18, 72, 91], "summary": {"covered_lines": 9, "num_statements": 10, "percent_covered": 83.33333333333333, "percent_covered_display": "83", "missing_lines": 1, "excluded_lines": 0, "percent_statements_covered": 90.0, "percent_statements_covered_display": "90", "num_branches": 2, "num_partial_branches": 1, "covered_branches": 1, "missing_branches": 1, "percent_branches_covered": 50.0, "percent_branches_covered_display": "50"}, "missing_lines": [13], "excluded_lines": [], "start_line": 1, "executed_branches": [[12, 15]], "missing_branches": [[12, 13]]}}, "classes": {"": {"executed_lines": [7, 8, 9, 10, 12, 15, 18, 26, 27, 28, 29, 31, 32, 33, 34, 36, 37, 38, 39, 40, 42, 43, 44, 45, 46, 48, 51, 52, 53, 54, 55, 56, 57, 58, 60, 61, 62, 63, 64, 69, 72, 73, 75, 76, 77, 78, 81, 82, 84, 85, 86, 87, 88, 91, 98, 101, 103, 104, 106, 107, 108, 109, 110, 115, 116, 117, 118, 119, 120, 121, 122, 123, 124], "summary": {"covered_lines": 73, "num_statements": 85, "percent_covered": 82.11382113821138, "percent_covered_display": "82", "missing_lines": 12, "excluded_lines": 0, "percent_statements_covered": 85.88235294117646, "percent_statements_covered_display": "86", "num_branches": 38, "num_partial_branches": 10, "covered_branches": 28, "missing_branches": 10, "percent_branches_covered": 73.6842105263158, "percent_branches_covered_display": "74"}, "missing_lines": [13, 30, 35, 41, 47, 65, 66, 67, 68, 83, 99, 105], "excluded_lines": [], "start_line": 1, "executed_branches": [[12, 15], [29, 31], [32, 33], [32, 37], [34, 36], [39, 40], [39, 60], [40, 42], [44, 45], [44, 46], [46, 48], [48, 51], [48, 52], [55, 56], [55, 57], [78, 81], [78, 88], [82, 84], [84, 85], [86, 87], [98, 101], [104, 106], [110, 115], [110, 116], [117, 118], [117, 124], [119, 120], [119, 122]], "missing_branches": [[12, 13], [29, 30], [34, 35], [40, 41], [46, 47], [82, 83], [84, 86], [86, 78], [98, 99], [104, 105]]}}}, "stocks_predictor/cash_source_audit.py": {"executed_lines": [7, 8, 9, 10, 11, 12, 15, 21, 23, 24, 25, 26, 27, 28, 29, 30, 31, 32, 33, 35, 37, 39, 42, 43, 46, 53, 54, 56, 57, 58, 59, 60, 61, 63, 64, 68, 69, 71, 72, 73, 76, 77, 80, 81, 82, 83, 84, 85, 86, 87, 88, 89, 91, 92, 93, 94, 97, 99, 101, 102, 103, 104, 105, 106, 107, 108, 109, 110, 111, 112, 113, 116, 122, 124, 125, 126, 127, 132, 133, 134, 135, 137, 138, 139, 140, 141, 142, 143, 144, 145, 146, 147, 148, 149, 150, 151, 152, 153, 154, 155, 156, 160, 163, 166, 167, 170, 174, 181, 183, 184, 186, 187, 188, 189, 190, 191, 192, 193, 195, 196, 198, 199, 200, 201, 202, 203, 204, 205, 206, 207, 209, 210, 211, 212, 213, 214, 215, 216, 217, 218, 219, 220, 221, 223, 224, 225, 227, 231, 232, 234, 235, 236, 237, 240, 241, 242, 246, 247, 249, 252, 253, 254, 255, 256, 257, 260, 262, 265, 266, 267, 268, 271, 273, 275, 276, 277, 278, 279, 280, 281, 284, 285, 298, 299, 300, 302, 303, 304, 305, 306, 320, 321, 322, 324, 325, 326, 327, 328, 329, 330, 332, 335, 336, 337, 347, 348, 351, 360, 362, 364, 365, 367, 368, 369, 370, 371, 372, 373], "summary": {"covered_lines": 218, "num_statements": 242, "percent_covered": 88.14432989690722, "percent_covered_display": "88", "missing_lines": 24, "excluded_lines": 0, "percent_statements_covered": 90.08264462809917, "percent_statements_covered_display": "90", "num_branches": 146, "num_partial_branches": 22, "covered_branches": 124, "missing_branches": 22, "percent_branches_covered": 84.93150684931507, "percent_branches_covered_display": "85"}, "missing_lines": [22, 34, 36, 55, 123, 182, 185, 194, 197, 208, 222, 226, 233, 248, 258, 259, 261, 274, 297, 301, 323, 331, 363, 366], "excluded_lines": [], "executed_branches": [[21, 23], [23, 24], [23, 26], [24, 23], [24, 25], [27, 28], [27, 43], [29, 30], [29, 31], [33, 35], [35, 37], [39, 27], [39, 42], [54, 56], [57, 58], [57, 105], [61, 63], [61, 64], [64, 68], [64, 69], [69, 71], [69, 72], [73, 76], [73, 77], [77, 80], [77, 81], [82, 83], [82, 84], [86, 87], [86, 89], [87, 86], [87, 88], [89, 91], [89, 92], [92, 93], [92, 102], [94, 97], [94, 99], [99, 92], [99, 101], [106, 107], [106, 113], [107, 108], [107, 109], [110, 111], [110, 112], [122, 124], [125, 126], [125, 127], [134, 135], [134, 167], [138, 139], [138, 141], [141, 142], [141, 143], [144, 145], [144, 146], [146, 134], [146, 147], [151, 152], [151, 156], [160, 163], [160, 166], [181, 183], [184, 186], [188, 189], [188, 246], [190, 191], [190, 192], [193, 195], [196, 198], [199, 200], [199, 201], [203, 204], [203, 231], [204, 205], [204, 206], [207, 209], [212, 213], [212, 214], [214, 215], [214, 216], [217, 218], [217, 221], [219, 220], [219, 221], [221, 223], [225, 227], [232, 234], [235, 236], [235, 241], [237, 240], [237, 241], [247, 249], [254, 255], [254, 256], [260, 262], [266, 267], [266, 268], [273, 275], [276, 277], [276, 278], [279, 280], [279, 281], [285, 298], [300, 302], [304, 305], [304, 306], [321, 322], [321, 324], [322, 321], [325, 326], [325, 327], [327, 328], [327, 329], [330, 332], [347, 348], [347, 351], [362, 364], [365, 367], [367, 368], [367, 369], [369, 370], [369, 371]], "missing_branches": [[21, 22], [33, 34], [35, 36], [54, 55], [122, 123], [181, 182], [184, 185], [193, 194], [196, 197], [207, 208], [221, 222], [225, 226], [232, 233], [247, 248], [260, 261], [273, 274], [285, 297], [300, 301], [322, 323], [330, 331], [362, 363], [365, 366]], "functions": {"select_cvm_followup_filings": {"executed_lines": [21, 23, 24, 25, 26, 27, 28, 29, 30, 31, 32, 33, 35, 37, 39, 42, 43], "summary": {"covered_lines": 17, "num_statements": 20, "percent_covered": 83.33333333333333, "percent_covered_display": "83", "missing_lines": 3, "excluded_lines": 0, "percent_statements_covered": 85.0, "percent_statements_covered_display": "85", "num_branches": 16, "num_partial_branches": 3, "covered_branches": 13, "missing_branches": 3, "percent_branches_covered": 81.25, "percent_branches_covered_display": "81"}, "missing_lines": [22, 34, 36], "excluded_lines": [], "start_line": 15, "executed_branches": [[21, 23], [23, 24], [23, 26], [24, 23], [24, 25], [27, 28], [27, 43], [29, 30], [29, 31], [33, 35], [35, 37], [39, 27], [39, 42]], "missing_branches": [[21, 22], [33, 34], [35, 36]]}, "coalesce_reviewed_cash_duplicates": {"executed_lines": [53, 54, 56, 57, 58, 59, 60, 61, 63, 64, 68, 69, 71, 72, 73, 76, 77, 80, 81, 82, 83, 84, 85, 86, 87, 88, 89, 91, 92, 93, 94, 97, 99, 101, 102, 103, 104, 105, 106, 107, 108, 109, 110, 111, 112, 113], "summary": {"covered_lines": 46, "num_statements": 47, "percent_covered": 97.53086419753086, "percent_covered_display": "98", "missing_lines": 1, "excluded_lines": 0, "percent_statements_covered": 97.87234042553192, "percent_statements_covered_display": "98", "num_branches": 34, "num_partial_branches": 1, "covered_branches": 33, "missing_branches": 1, "percent_branches_covered": 97.05882352941177, "percent_branches_covered_display": "97"}, "missing_lines": [55], "excluded_lines": [], "start_line": 46, "executed_branches": [[54, 56], [57, 58], [57, 105], [61, 63], [61, 64], [64, 68], [64, 69], [69, 71], [69, 72], [73, 76], [73, 77], [77, 80], [77, 81], [82, 83], [82, 84], [86, 87], [86, 89], [87, 86], [87, 88], [89, 91], [89, 92], [92, 93], [92, 102], [94, 97], [94, 99], [99, 92], [99, 101], [106, 107], [106, 113], [107, 108], [107, 109], [110, 111], [110, 112]], "missing_branches": [[54, 55]]}, "parse_b3_credit_pages": {"executed_lines": [122, 124, 125, 126, 127, 132, 133, 134, 135, 137, 138, 139, 140, 141, 142, 143, 144, 145, 146, 147, 148, 149, 150, 151, 152, 153, 154, 155, 156, 160, 163, 166, 167, 170], "summary": {"covered_lines": 34, "num_statements": 35, "percent_covered": 96.22641509433963, "percent_covered_display": "96", "missing_lines": 1, "excluded_lines": 0, "percent_statements_covered": 97.14285714285714, "percent_statements_covered_display": "97", "num_branches": 18, "num_partial_branches": 1, "covered_branches": 17, "missing_branches": 1, "percent_branches_covered": 94.44444444444444, "percent_branches_covered_display": "94"}, "missing_lines": [123], "excluded_lines": [], "start_line": 116, "executed_branches": [[122, 124], [125, 126], [125, 127], [134, 135], [134, 167], [138, 139], [138, 141], [141, 142], [141, 143], [144, 145], [144, 146], [146, 134], [146, 147], [151, 152], [151, 156], [160, 163], [160, 166]], "missing_branches": [[122, 123]]}, "expand_reviewed_installments": {"executed_lines": [181, 183, 184, 186, 187, 188, 189, 190, 191, 192, 193, 195, 196, 198, 199, 200, 201, 202, 203, 204, 205, 206, 207, 209, 210, 211, 212, 213, 214, 215, 216, 217, 218, 219, 220, 221, 223, 224, 225, 227, 231, 232, 234, 235, 236, 237, 240, 241, 242, 246, 247, 249], "summary": {"covered_lines": 52, "num_statements": 61, "percent_covered": 82.17821782178218, "percent_covered_display": "82", "missing_lines": 9, "excluded_lines": 0, "percent_statements_covered": 85.24590163934427, "percent_statements_covered_display": "85", "num_branches": 40, "num_partial_branches": 9, "covered_branches": 31, "missing_branches": 9, "percent_branches_covered": 77.5, "percent_branches_covered_display": "78"}, "missing_lines": [182, 185, 194, 197, 208, 222, 226, 233, 248], "excluded_lines": [], "start_line": 174, "executed_branches": [[181, 183], [184, 186], [188, 189], [188, 246], [190, 191], [190, 192], [193, 195], [196, 198], [199, 200], [199, 201], [203, 204], [203, 231], [204, 205], [204, 206], [207, 209], [212, 213], [212, 214], [214, 215], [214, 216], [217, 218], [217, 221], [219, 220], [219, 221], [221, 223], [225, 227], [232, 234], [235, 236], [235, 241], [237, 240], [237, 241], [247, 249]], "missing_branches": [[181, 182], [184, 185], [193, 194], [196, 197], [207, 208], [221, 222], [225, 226], [232, 233], [247, 248]]}, "br_decimal": {"executed_lines": [253, 254, 255, 256, 257, 260, 262], "summary": {"covered_lines": 7, "num_statements": 10, "percent_covered": 71.42857142857143, "percent_covered_display": "71", "missing_lines": 3, "excluded_lines": 0, "percent_statements_covered": 70.0, "percent_statements_covered_display": "70", "num_branches": 4, "num_partial_branches": 1, "covered_branches": 3, "missing_branches": 1, "percent_branches_covered": 75.0, "percent_branches_covered_display": "75"}, "missing_lines": [258, 259, 261], "excluded_lines": [], "start_line": 252, "executed_branches": [[254, 255], [254, 256], [260, 262]], "missing_branches": [[260, 261]]}, "br_date": {"executed_lines": [266, 267, 268], "summary": {"covered_lines": 3, "num_statements": 3, "percent_covered": 100.0, "percent_covered_display": "100", "missing_lines": 0, "excluded_lines": 0, "percent_statements_covered": 100.0, "percent_statements_covered_display": "100", "num_branches": 2, "num_partial_branches": 0, "covered_branches": 2, "missing_branches": 0, "percent_branches_covered": 100.0, "percent_branches_covered_display": "100"}, "missing_lines": [], "excluded_lines": [], "start_line": 265, "executed_branches": [[266, 267], [266, 268]], "missing_branches": []}, "next_exchange_session": {"executed_lines": [273, 275, 276, 277, 278, 279, 280, 281], "summary": {"covered_lines": 8, "num_statements": 9, "percent_covered": 86.66666666666667, "percent_covered_display": "87", "missing_lines": 1, "excluded_lines": 0, "percent_statements_covered": 88.88888888888889, "percent_statements_covered_display": "89", "num_branches": 6, "num_partial_branches": 1, "covered_branches": 5, "missing_branches": 1, "percent_branches_covered": 83.33333333333333, "percent_branches_covered_display": "83"}, "missing_lines": [274], "excluded_lines": [], "start_line": 271, "executed_branches": [[273, 275], [276, 277], [276, 278], [279, 280], [279, 281]], "missing_branches": [[273, 274]]}, "normalize_b3_history": {"executed_lines": [285, 298, 299, 300, 302, 303, 304, 305, 306], "summary": {"covered_lines": 9, "num_statements": 11, "percent_covered": 76.47058823529412, "percent_covered_display": "76", "missing_lines": 2, "excluded_lines": 0, "percent_statements_covered": 81.81818181818181, "percent_statements_covered_display": "82", "num_branches": 6, "num_partial_branches": 2, "covered_branches": 4, "missing_branches": 2, "percent_branches_covered": 66.66666666666667, "percent_branches_covered_display": "67"}, "missing_lines": [297, 301], "excluded_lines": [], "start_line": 284, "executed_branches": [[285, 298], [300, 302], [304, 305], [304, 306]], "missing_branches": [[285, 297], [300, 301]]}, "validate_payment": {"executed_lines": [321, 322, 324, 325, 326, 327, 328, 329, 330, 332], "summary": {"covered_lines": 10, "num_statements": 12, "percent_covered": 81.81818181818181, "percent_covered_display": "82", "missing_lines": 2, "excluded_lines": 0, "percent_statements_covered": 83.33333333333333, "percent_statements_covered_display": "83", "num_branches": 10, "num_partial_branches": 2, "covered_branches": 8, "missing_branches": 2, "percent_branches_covered": 80.0, "percent_branches_covered_display": "80"}, "missing_lines": [323, 331], "excluded_lines": [], "start_line": 320, "executed_branches": [[321, 322], [321, 324], [322, 321], [325, 326], [325, 327], [327, 328], [327, 329], [330, 332]], "missing_branches": [[322, 323], [330, 331]]}, "match_payment": {"executed_lines": [336, 337, 347, 348, 351], "summary": {"covered_lines": 5, "num_statements": 5, "percent_covered": 100.0, "percent_covered_display": "100", "missing_lines": 0, "excluded_lines": 0, "percent_statements_covered": 100.0, "percent_statements_covered_display": "100", "num_branches": 2, "num_partial_branches": 0, "covered_branches": 2, "missing_branches": 0, "percent_branches_covered": 100.0, "percent_branches_covered_display": "100"}, "missing_lines": [], "excluded_lines": [], "start_line": 335, "executed_branches": [[347, 348], [347, 351]], "missing_branches": []}, "match_installments": {"executed_lines": [362, 364, 365, 367, 368, 369, 370, 371, 372, 373], "summary": {"covered_lines": 10, "num_statements": 12, "percent_covered": 80.0, "percent_covered_display": "80", "missing_lines": 2, "excluded_lines": 0, "percent_statements_covered": 83.33333333333333, "percent_statements_covered_display": "83", "num_branches": 8, "num_partial_branches": 2, "covered_branches": 6, "missing_branches": 2, "percent_branches_covered": 75.0, "percent_branches_covered_display": "75"}, "missing_lines": [363, 366], "excluded_lines": [], "start_line": 360, "executed_branches": [[362, 364], [365, 367], [367, 368], [367, 369], [369, 370], [369, 371]], "missing_branches": [[362, 363], [365, 366]]}, "": {"executed_lines": [7, 8, 9, 10, 11, 12, 15, 46, 116, 174, 252, 265, 271, 284, 320, 335, 360], "summary": {"covered_lines": 17, "num_statements": 17, "percent_covered": 100.0, "percent_covered_display": "100", "missing_lines": 0, "excluded_lines": 0, "percent_statements_covered": 100.0, "percent_statements_covered_display": "100", "num_branches": 0, "num_partial_branches": 0, "covered_branches": 0, "missing_branches": 0, "percent_branches_covered": 100.0, "percent_branches_covered_display": "100"}, "missing_lines": [], "excluded_lines": [], "start_line": 1, "executed_branches": [], "missing_branches": []}}, "classes": {"": {"executed_lines": [7, 8, 9, 10, 11, 12, 15, 21, 23, 24, 25, 26, 27, 28, 29, 30, 31, 32, 33, 35, 37, 39, 42, 43, 46, 53, 54, 56, 57, 58, 59, 60, 61, 63, 64, 68, 69, 71, 72, 73, 76, 77, 80, 81, 82, 83, 84, 85, 86, 87, 88, 89, 91, 92, 93, 94, 97, 99, 101, 102, 103, 104, 105, 106, 107, 108, 109, 110, 111, 112, 113, 116, 122, 124, 125, 126, 127, 132, 133, 134, 135, 137, 138, 139, 140, 141, 142, 143, 144, 145, 146, 147, 148, 149, 150, 151, 152, 153, 154, 155, 156, 160, 163, 166, 167, 170, 174, 181, 183, 184, 186, 187, 188, 189, 190, 191, 192, 193, 195, 196, 198, 199, 200, 201, 202, 203, 204, 205, 206, 207, 209, 210, 211, 212, 213, 214, 215, 216, 217, 218, 219, 220, 221, 223, 224, 225, 227, 231, 232, 234, 235, 236, 237, 240, 241, 242, 246, 247, 249, 252, 253, 254, 255, 256, 257, 260, 262, 265, 266, 267, 268, 271, 273, 275, 276, 277, 278, 279, 280, 281, 284, 285, 298, 299, 300, 302, 303, 304, 305, 306, 320, 321, 322, 324, 325, 326, 327, 328, 329, 330, 332, 335, 336, 337, 347, 348, 351, 360, 362, 364, 365, 367, 368, 369, 370, 371, 372, 373], "summary": {"covered_lines": 218, "num_statements": 242, "percent_covered": 88.14432989690722, "percent_covered_display": "88", "missing_lines": 24, "excluded_lines": 0, "percent_statements_covered": 90.08264462809917, "percent_statements_covered_display": "90", "num_branches": 146, "num_partial_branches": 22, "covered_branches": 124, "missing_branches": 22, "percent_branches_covered": 84.93150684931507, "percent_branches_covered_display": "85"}, "missing_lines": [22, 34, 36, 55, 123, 182, 185, 194, 197, 208, 222, 226, 233, 248, 258, 259, 261, 274, 297, 301, 323, 331, 363, 366], "excluded_lines": [], "start_line": 1, "executed_branches": [[21, 23], [23, 24], [23, 26], [24, 23], [24, 25], [27, 28], [27, 43], [29, 30], [29, 31], [33, 35], [35, 37], [39, 27], [39, 42], [54, 56], [57, 58], [57, 105], [61, 63], [61, 64], [64, 68], [64, 69], [69, 71], [69, 72], [73, 76], [73, 77], [77, 80], [77, 81], [82, 83], [82, 84], [86, 87], [86, 89], [87, 86], [87, 88], [89, 91], [89, 92], [92, 93], [92, 102], [94, 97], [94, 99], [99, 92], [99, 101], [106, 107], [106, 113], [107, 108], [107, 109], [110, 111], [110, 112], [122, 124], [125, 126], [125, 127], [134, 135], [134, 167], [138, 139], [138, 141], [141, 142], [141, 143], [144, 145], [144, 146], [146, 134], [146, 147], [151, 152], [151, 156], [160, 163], [160, 166], [181, 183], [184, 186], [188, 189], [188, 246], [190, 191], [190, 192], [193, 195], [196, 198], [199, 200], [199, 201], [203, 204], [203, 231], [204, 205], [204, 206], [207, 209], [212, 213], [212, 214], [214, 215], [214, 216], [217, 218], [217, 221], [219, 220], [219, 221], [221, 223], [225, 227], [232, 234], [235, 236], [235, 241], [237, 240], [237, 241], [247, 249], [254, 255], [254, 256], [260, 262], [266, 267], [266, 268], [273, 275], [276, 277], [276, 278], [279, 280], [279, 281], [285, 298], [300, 302], [304, 305], [304, 306], [321, 322], [321, 324], [322, 321], [325, 326], [325, 327], [327, 328], [327, 329], [330, 332], [347, 348], [347, 351], [362, 364], [365, 367], [367, 368], [367, 369], [369, 370], [369, 371]], "missing_branches": [[21, 22], [33, 34], [35, 36], [54, 55], [122, 123], [181, 182], [184, 185], [193, 194], [196, 197], [207, 208], [221, 222], [225, 226], [232, 233], [247, 248], [260, 261], [273, 274], [285, 297], [300, 301], [322, 323], [330, 331], [362, 363], [365, 366]]}}}, "stocks_predictor/config.py": {"executed_lines": [12, 14, 16, 19, 21, 22, 23, 24, 25, 26, 27, 30, 31, 32, 33, 34, 35, 36, 38, 39, 40, 41, 42, 43, 44, 45, 46, 49, 55, 56, 57, 58, 59, 60, 61, 62, 63, 64, 65, 66, 67, 69, 70, 74, 75, 77, 79, 80, 81, 82, 85, 86, 87, 90, 92, 97, 110, 114, 115, 116, 118, 121, 127, 134, 150, 152, 158, 172, 174, 180, 196, 198, 204, 220, 222, 227, 244, 246, 253, 269, 271, 278, 294, 296, 302, 319, 321, 329, 345, 347, 354, 370, 372, 378, 394, 396, 402, 418, 420, 426, 443, 445, 454, 468, 470, 478, 495, 497, 502, 519, 521, 526, 543, 545], "summary": {"covered_lines": 114, "num_statements": 120, "percent_covered": 92.66666666666667, "percent_covered_display": "93", "missing_lines": 6, "excluded_lines": 0, "percent_statements_covered": 95.0, "percent_statements_covered_display": "95", "num_branches": 30, "num_partial_branches": 5, "covered_branches": 25, "missing_branches": 5, "percent_branches_covered": 83.33333333333333, "percent_branches_covered_display": "83"}, "missing_lines": [37, 68, 71, 72, 78, 117], "excluded_lines": [], "executed_branches": [[22, 23], [2
[...]
ches": [[218, 220]]}, "": {"executed_lines": [17, 18, 19, 20, 21, 23, 24, 25, 27, 28, 32, 33, 36, 39, 56, 64, 71, 79, 93, 97, 112, 130, 136, 162], "summary": {"covered_lines": 24, "num_statements": 24, "percent_covered": 100.0, "percent_covered_display": "100", "missing_lines": 0, "excluded_lines": 0, "percent_statements_covered": 100.0, "percent_statements_covered_display": "100", "num_branches": 0, "num_partial_branches": 0, "covered_branches": 0, "missing_branches": 0, "percent_branches_covered": 100.0, "percent_branches_covered_display": "100"}, "missing_lines": [], "excluded_lines": [], "start_line": 1, "executed_branches": [], "missing_branches": []}}, "classes": {"": {"executed_lines": [17, 18, 19, 20, 21, 23, 24, 25, 27, 28, 32, 33, 36, 39, 51, 52, 53, 56, 58, 59, 60, 61, 64, 67, 68, 71, 74, 75, 76, 79, 82, 83, 84, 93, 94, 97, 103, 104, 105, 108, 109, 112, 117, 118, 123, 127, 130, 132, 133, 136, 144, 145, 146, 147, 148, 149, 150, 159, 162, 180, 181, 182, 183, 187, 188, 189, 193, 196, 197, 198, 199, 204, 205, 208, 209, 211, 212, 213, 214, 215, 218, 219, 220, 221, 222], "summary": {"covered_lines": 85, "num_statements": 87, "percent_covered": 97.02970297029702, "percent_covered_display": "97", "missing_lines": 2, "excluded_lines": 0, "percent_statements_covered": 97.70114942528735, "percent_statements_covered_display": "98", "num_branches": 14, "num_partial_branches": 1, "covered_branches": 13, "missing_branches": 1, "percent_branches_covered": 92.85714285714286, "percent_branches_covered_display": "93"}, "missing_lines": [106, 107], "excluded_lines": [], "start_line": 1, "executed_branches": [[145, 146], [145, 150], [147, 148], [147, 150], [180, 181], [180, 182], [208, 209], [208, 211], [212, 213], [212, 214], [214, 215], [214, 218], [218, 219]], "missing_branches": [[218, 220]]}}}, "stocks_predictor/universe.py": {"executed_lines": [9, 14, 17, 18, 19, 20, 22, 23, 26, 35, 36, 37, 38, 39, 40, 46, 49, 50, 51, 55, 62, 63, 67, 69, 70, 71, 72, 73, 74, 78, 79, 81, 82, 83, 84, 85, 86, 89, 90, 91, 94, 96, 97, 101, 109, 110, 111, 112, 113, 114, 115, 116, 117, 118, 119, 120, 123, 124, 125, 126, 129, 130, 131, 132, 133, 134, 135, 136, 137], "summary": {"covered_lines": 69, "num_statements": 70, "percent_covered": 96.875, "percent_covered_display": "97", "missing_lines": 1, "excluded_lines": 0, "percent_statements_covered": 98.57142857142857, "percent_statements_covered_display": "99", "num_branches": 26, "num_partial_branches": 2, "covered_branches": 24, "missing_branches": 2, "percent_branches_covered": 92.3076923076923, "percent_branches_covered_display": "92"}, "missing_lines": [21], "excluded_lines": [], "executed_branches": [[20, 22], [49, 50], [49, 51], [63, 67], [63, 69], [70, 71], [70, 81], [71, 72], [71, 73], [73, 74], [73, 78], [82, 83], [82, 86], [84, 82], [84, 85], [117, 118], [117, 119], [123, 124], [123, 125], [125, 126], [125, 129], [131, 132], [131, 133], [133, 134]], "missing_branches": [[20, 21], [133, 136]], "functions": {"_median": {"executed_lines": [18, 19, 20, 22, 23], "summary": {"covered_lines": 5, "num_statements": 6, "percent_covered": 75.0, "percent_covered_display": "75", "missing_lines": 1, "excluded_lines": 0, "percent_statements_covered": 83.33333333333333, "percent_statements_covered_display": "83", "num_branches": 2, "num_partial_branches": 1, "covered_branches": 1, "missing_branches": 1, "percent_branches_covered": 50.0, "percent_branches_covered_display": "50"}, "missing_lines": [21], "excluded_lines": [], "start_line": 17, "executed_branches": [[20, 22]], "missing_branches": [[20, 21]]}, "rank_universe": {"executed_lines": [35, 36, 37, 38, 39, 40, 46, 49, 50, 51, 55, 62, 63, 67, 69, 70, 71, 72, 73, 74, 78, 79, 81, 82, 83, 84, 85, 86], "summary": {"covered_lines": 28, "num_statements": 28, "percent_covered": 100.0, "percent_covered_display": "100", "missing_lines": 0, "excluded_lines": 0, "percent_statements_covered": 100.0, "percent_statements_covered_display": "100", "num_branches": 14, "num_partial_branches": 0, "covered_branches": 14, "missing_branches": 0, "percent_branches_covered": 100.0, "percent_branches_covered_display": "100"}, "missing_lines": [], "excluded_lines": [], "start_line": 26, "executed_branches": [[49, 50], [49, 51], [63, 67], [63, 69], [70, 71], [70, 81], [71, 72], [71, 73], [73, 74], [73, 78], [82, 83], [82, 86], [84, 82], [84, 85]], "missing_branches": []}, "select_universe": {"executed_lines": [90, 91], "summary": {"covered_lines": 2, "num_statements": 2, "percent_covered": 100.0, "percent_covered_display": "100", "missing_lines": 0, "excluded_lines": 0, "percent_statements_covered": 100.0, "percent_statements_covered_display": "100", "num_branches": 0, "num_partial_branches": 0, "covered_branches": 0, "missing_branches": 0, "percent_branches_covered": 100.0, "percent_branches_covered_display": "100"}, "missing_lines": [], "excluded_lines": [], "start_line": 89, "executed_branches": [], "missing_branches": []}, "legacy_select_universe": {"executed_lines": [96, 97], "summary": {"covered_lines": 2, "num_statements": 2, "percent_covered": 100.0, "percent_covered_display": "100", "missing_lines": 0, "excluded_lines": 0, "percent_statements_covered": 100.0, "percent_statements_covered_display": "100", "num_branches": 0, "num_partial_branches": 0, "covered_branches": 0, "missing_branches": 0, "percent_branches_covered": 100.0, "percent_branches_covered_display": "100"}, "missing_lines": [], "excluded_lines": [], "start_line": 94, "executed_branches": [], "missing_branches": []}, "materialize_snapshot": {"executed_lines": [109, 110, 111, 112, 113, 114, 115, 116, 117, 118, 119, 120, 123, 124, 125, 126, 129, 130, 131, 132, 133, 134, 135, 136, 137], "summary": {"covered_lines": 25, "num_statements": 25, "percent_covered": 97.14285714285714, "percent_covered_display": "97", "missing_lines": 0, "excluded_lines": 0, "percent_statements_covered": 100.0, "percent_statements_covered_display": "100", "num_branches": 10, "num_partial_branches": 1, "covered_branches": 9, "missing_branches": 1, "percent_branches_covered": 90.0, "percent_branches_covered_display": "90"}, "missing_lines": [], "excluded_lines": [], "start_line": 101, "executed_branches": [[117, 118], [117, 119], [123, 124], [123, 125], [125, 126], [125, 129], [131, 132], [131, 133], [133, 134]], "missing_branches": [[133, 136]]}, "": {"executed_lines": [9, 14, 17, 26, 89, 94, 101], "summary": {"covered_lines": 7, "num_statements": 7, "percent_covered": 100.0, "percent_covered_display": "100", "missing_lines": 0, "excluded_lines": 0, "percent_statements_covered": 100.0, "percent_statements_covered_display": "100", "num_branches": 0, "num_partial_branches": 0, "covered_branches": 0, "missing_branches": 0, "percent_branches_covered": 100.0, "percent_branches_covered_display": "100"}, "missing_lines": [], "excluded_lines": [], "start_line": 1, "executed_branches": [], "missing_branches": []}}, "classes": {"": {"executed_lines": [9, 14, 17, 18, 19, 20, 22, 23, 26, 35, 36, 37, 38, 39, 40, 46, 49, 50, 51, 55, 62, 63, 67, 69, 70, 71, 72, 73, 74, 78, 79, 81, 82, 83, 84, 85, 86, 89, 90, 91, 94, 96, 97, 101, 109, 110, 111, 112, 113, 114, 115, 116, 117, 118, 119, 120, 123, 124, 125, 126, 129, 130, 131, 132, 133, 134, 135, 136, 137], "summary": {"covered_lines": 69, "num_statements": 70, "percent_covered": 96.875, "percent_covered_display": "97", "missing_lines": 1, "excluded_lines": 0, "percent_statements_covered": 98.57142857142857, "percent_statements_covered_display": "99", "num_branches": 26, "num_partial_branches": 2, "covered_branches": 24, "missing_branches": 2, "percent_branches_covered": 92.3076923076923, "percent_branches_covered_display": "92"}, "missing_lines": [21], "excluded_lines": [], "start_line": 1, "executed_branches": [[20, 22], [49, 50], [49, 51], [63, 67], [63, 69], [70, 71], [70, 81], [71, 72], [71, 73], [73, 74], [73, 78], [82, 83], [82, 86], [84, 82], [84, 85], [117, 118], [117, 119], [123, 124], [123, 125], [125, 126], [125, 129], [131, 132], [131, 133], [133, 134]], "missing_branches": [[20, 21], [133, 136]]}}}, "stocks_predictor/validation.py": {"executed_lines": [2, 5, 6, 7, 8, 9, 10, 11, 12, 13, 14, 17, 18, 19, 20], "summary": {"covered_lines": 15, "num_statements": 15, "percent_covered": 100.0, "percent_covered_display": "100", "missing_lines": 0, "excluded_lines": 0, "percent_statements_covered": 100.0, "percent_statements_covered_display": "100", "num_branches": 6, "num_partial_branches": 0, "covered_branches": 6, "missing_branches": 0, "percent_branches_covered": 100.0, "percent_branches_covered_display": "100"}, "missing_lines": [], "excluded_lines": [], "executed_branches": [[6, 7], [6, 8], [12, 13], [12, 14], [18, 19], [18, 20]], "missing_branches": [], "functions": {"iso_day": {"executed_lines": [6, 7, 8, 9, 10, 11, 12, 13, 14], "summary": {"covered_lines": 9, "num_statements": 9, "percent_covered": 100.0, "percent_covered_display": "100", "missing_lines": 0, "excluded_lines": 0, "percent_statements_covered": 100.0, "percent_statements_covered_display": "100", "num_branches": 4, "num_partial_branches": 0, "covered_branches": 4, "missing_branches": 0, "percent_branches_covered": 100.0, "percent_branches_covered_display": "100"}, "missing_lines": [], "excluded_lines": [], "start_line": 5, "executed_branches": [[6, 7], [6, 8], [12, 13], [12, 14]], "missing_branches": []}, "positive_integer": {"executed_lines": [18, 19, 20], "summary": {"covered_lines": 3, "num_statements": 3, "percent_covered": 100.0, "percent_covered_display": "100", "missing_lines": 0, "excluded_lines": 0, "percent_statements_covered": 100.0, "percent_statements_covered_display": "100", "num_branches": 2, "num_partial_branches": 0, "covered_branches": 2, "missing_branches": 0, "percent_branches_covered": 100.0, "percent_branches_covered_display": "100"}, "missing_lines": [], "excluded_lines": [], "start_line": 17, "executed_branches": [[18, 19], [18, 20]], "missing_branches": []}, "": {"executed_lines": [2, 5, 17], "summary": {"covered_lines": 3, "num_statements": 3, "percent_covered": 100.0, "percent_covered_display": "100", "missing_lines": 0, "excluded_lines": 0, "percent_statements_covered": 100.0, "percent_statements_covered_display": "100", "num_branches": 0, "num_partial_branches": 0, "covered_branches": 0, "missing_branches": 0, "percent_branches_covered": 100.0, "percent_branches_covered_display": "100"}, "missing_lines": [], "excluded_lines": [], "start_line": 1, "executed_branches": [], "missing_branches": []}}, "classes": {"": {"executed_lines": [2, 5, 6, 7, 8, 9, 10, 11, 12, 13, 14, 17, 18, 19, 20], "summary": {"covered_lines": 15, "num_statements": 15, "percent_covered": 100.0, "percent_covered_display": "100", "missing_lines": 0, "excluded_lines": 0, "percent_statements_covered": 100.0, "percent_statements_covered_display": "100", "num_branches": 6, "num_partial_branches": 0, "covered_branches": 6, "missing_branches": 0, "percent_branches_covered": 100.0, "percent_branches_covered_display": "100"}, "missing_lines": [], "excluded_lines": [], "start_line": 1, "executed_branches": [[6, 7], [6, 8], [12, 13], [12, 14], [18, 19], [18, 20]], "missing_branches": []}}}, "stocks_predictor/value_profitability.py": {"executed_lines": [6, 7, 9, 11, 14, 15, 16, 17, 18, 20, 21, 24, 25, 28, 30, 31, 32, 35, 36, 37, 38, 41, 42, 43, 44, 45, 46, 47, 48, 49, 50, 51, 52, 53, 54, 56, 57, 58, 59, 60, 61, 62, 63, 64, 65, 66, 67, 69, 70, 72, 73, 76, 77, 78, 79, 80, 81, 82, 83, 85, 88, 89, 97, 100, 101, 102, 103, 104, 105, 106, 107, 108, 109, 110, 111, 112, 115, 116, 118, 119, 120, 121, 122, 123, 124, 126, 127, 130, 132, 134, 136, 137, 139, 140, 141, 142, 143, 144, 145, 146, 147, 149, 150], "summary": {"covered_lines": 103, "num_statements": 112, "percent_covered": 89.1566265060241, "percent_covered_display": "89", "missing_lines": 9, "excluded_lines": 0, "percent_statements_covered": 91.96428571428571, "percent_statements_covered_display": "92", "num_branches": 54, "num_partial_branches": 9, "covered_branches": 45, "missing_branches": 9, "percent_branches_covered": 83.33333333333333, "percent_branches_covered_display": "83"}, "missing_lines": [19, 34, 39, 40, 68, 84, 117, 133, 135], "excluded_lines": [], "executed_branches": [[16, 17], [16, 21], [18, 20], [32, 35], [36, 37], [36, 97], [38, 41], [42, 43], [42, 44], [45, 46], [45, 48], [49, 50], [49, 52], [54, 56], [54, 57], [58, 59], [58, 61], [62, 63], [62, 65], [67, 69], [70, 72], [70, 73], [73, 76], [73, 77], [78, 79], [78, 81], [83, 85], [85, 88], [85, 89], [104, 105], [104, 112], [106, 107], [106, 108], [109, 110], [109, 111], [116, 118], [121, 122], [121, 126], [132, 134], [134, 136], [136, 137], [136, 139], [143, 144], [144, 145], [144, 146]], "missing_branches": [[18, 19], [32, 34], [38, 39], [67, 68], [83, 84], [116, 117], [132, 133], [134, 135], [143, 147]], "functions": {"accounting_index": {"executed_lines": [15, 16, 17, 18, 20, 21], "summary": {"covered_lines": 6, "num_statements": 7, "percent_covered": 81.81818181818181, "percent_covered_display": "82", "missing_lines": 1, "excluded_lines": 0, "percent_statements_covered": 85.71428571428571, "percent_statements_covered_display": "86", "num_branches": 4, "num_partial_branches": 1, "covered_branches": 3, "missing_branches": 1, "percent_branches_covered": 75.0, "percent_branches_covered_display": "75"}, "missing_lines": [19], "excluded_lines": [], "start_line": 14, "executed_branches": [[16, 17], [16, 21], [18, 20]], "missing_branches": [[18, 19]]}, "_close": {"executed_lines": [25], "summary": {"covered_lines": 1, "num_statements": 1, "percent_covered": 100.0, "percent_covered_display": "100", "missing_lines": 0, "excluded_lines": 0, "percent_statements_covered": 100.0, "percent_statements_covered_display": "100", "num_branches": 0, "num_partial_branches": 0, "covered_branches": 0, "missing_branches": 0, "percent_branches_covered": 100.0, "percent_branches_covered_display": "100"}, "missing_lines": [], "excluded_lines": [], "start_line": 24, "executed_branches": [], "missing_branches": []}, "prepare_snapshot": {"executed_lines": [30, 31, 32, 35, 36, 37, 38, 41, 42, 43, 44, 45, 46, 47, 48, 49, 50, 51, 52, 53, 54, 56, 57, 58, 59, 60, 61, 62, 63, 64, 65, 66, 67, 69, 70, 72, 73, 76, 77, 78, 79, 80, 81, 82, 83, 85, 88, 89, 97], "summary": {"covered_lines": 49, "num_statements": 54, "percent_covered": 89.28571428571429, "percent_covered_display": "89", "missing_lines": 5, "excluded_lines": 0, "percent_statements_covered": 90.74074074074075, "percent_statements_covered_display": "91", "num_branches": 30, "num_partial_branches": 4, "covered_branches": 26, "missing_branches": 4, "percent_branches_covered": 86.66666666666667, "percent_branches_covered_display": "87"}, "missing_lines": [34, 39, 40, 68, 84], "excluded_lines": [], "start_line": 28, "executed_branches": [[32, 35], [36, 37], [36, 97], [38, 41], [42, 43], [42, 44], [45, 46], [45, 48], [49, 50], [49, 52], [54, 56], [54, 57], [58, 59], [58, 61], [62, 63], [62, 65], [67, 69], [70, 72], [70, 73], [73, 76], [73, 77], [78, 79], [78, 81], [83, 85], [85, 88], [85, 89]], "missing_branches": [[32, 34], [38, 39], [67, 68], [83, 84]]}, "_midranks": {"executed_lines": [101, 102, 103, 104, 105, 106, 107, 108, 109, 110, 111, 112], "summary": {"covered_lines": 12, "num_statements": 12, "percent_covered": 100.0, "percent_covered_display": "100", "missing_lines": 0, "excluded_lines": 0, "percent_statements_covered": 100.0, "percent_statements_covered_display": "100", "num_branches": 6, "num_partial_branches": 0, "covered_branches": 6, "missing_branches": 0, "percent_branches_covered": 100.0, "percent_branches_covered_display": "100"}, "missing_lines": [], "excluded_lines": [], "start_line": 100, "executed_branches": [[104, 105], [104, 112], [106, 107], [106, 108], [109, 110], [109, 111]], "missing_branches": []}, "rank_snapshot": {"executed_lines": [116, 118, 119, 120, 121, 122, 123, 124, 126, 127], "summary": {"covered_lines": 10, "num_statements": 11, "percent_covered": 86.66666666666667, "percent_covered_display": "87", "missing_lines": 1, "excluded_lines": 0, "percent_statements_covered": 90.9090909090909, "percent_statements_covered_display": "91", "num_branches": 4, "num_partial_branches": 1, "covered_branches": 3, "missing_branches": 1, "percent_branches_covered": 75.0, "percent_branches_covered_display": "75"}, "missing_lines": [117], "excluded_lines": [], "start_line": 115, "executed_branches": [[116, 118], [121, 122], [121, 126]], "missing_branches": [[116, 117]]}, "select_members": {"executed_lines": [132, 134, 136, 137, 139, 140, 141, 142, 143, 144, 145, 146, 147, 149, 150], "summary": {"covered_lines": 15, "num_statements": 17, "percent_covered": 81.48148148148148, "percent_covered_display": "81", "missing_lines": 2, "excluded_lines": 0, "percent_statements_covered": 88.23529411764706, "percent_statements_covered_display": "88", "num_branches": 10, "num_partial_branches": 3, "covered_branches": 7, "missing_branches": 3, "percent_branches_covered": 70.0, "percent_branches_covered_display": "70"}, "missing_lines": [133, 135], "excluded_lines": [], "start_line": 130, "executed_branches": [[132, 134], [134, 136], [136, 137], [136, 139], [143, 144], [144, 145], [144, 146]], "missing_branches": [[132, 133], [134, 135], [143, 147]]}, "": {"executed_lines": [6, 7, 9, 11, 14, 24, 28, 100, 115, 130], "summary": {"covered_lines": 10, "num_statements": 10, "percent_covered": 100.0, "percent_covered_display": "100", "missing_lines": 0, "excluded_lines": 0, "percent_statements_covered": 100.0, "percent_statements_covered_display": "100", "num_branches": 0, "num_partial_branches": 0, "covered_branches": 0, "missing_branches": 0, "percent_branches_covered": 100.0, "percent_branches_covered_display": "100"}, "missing_lines": [], "excluded_lines": [], "start_line": 1, "executed_branches": [], "missing_branches": []}}, "classes": {"": {"executed_lines": [6, 7, 9, 11, 14, 15, 16, 17, 18, 20, 21, 24, 25, 28, 30, 31, 32, 35, 36, 37, 38, 41, 42, 43, 44, 45, 46, 47, 48, 49, 50, 51, 52, 53, 54, 56, 57, 58, 59, 60, 61, 62, 63, 64, 65, 66, 67, 69, 70, 72, 73, 76, 77, 78, 79, 80, 81, 82, 83, 85, 88, 89, 97, 100, 101, 102, 103, 104, 105, 106, 107, 108, 109, 110, 111, 112, 115, 116, 118, 119, 120, 121, 122, 123, 124, 126, 127, 130, 132, 134, 136, 137, 139, 140, 141, 142, 143, 144, 145, 146, 147, 149, 150], "summary": {"covered_lines": 103, "num_statements": 112, "percent_covered": 89.1566265060241, "percent_covered_display": "89", "missing_lines": 9, "excluded_lines": 0, "percent_statements_covered": 91.96428571428571, "percent_statements_covered_display": "92", "num_branches": 54, "num_partial_branches": 9, "covered_branches": 45, "missing_branches": 9, "percent_branches_covered": 83.33333333333333, "percent_branches_covered_display": "83"}, "missing_lines": [19, 34, 39, 40, 68, 84, 117, 133, 135], "excluded_lines": [], "start_line": 1, "executed_branches": [[16, 17], [16, 21], [18, 20], [32, 35], [36, 37], [36, 97], [38, 41], [42, 43], [42, 44], [45, 46], [45, 48], [49, 50], [49, 52], [54, 56], [54, 57], [58, 59], [58, 61], [62, 63], [62, 65], [67, 69], [70, 72], [70, 73], [73, 76], [73, 77], [78, 79], [78, 81], [83, 85], [85, 88], [85, 89], [104, 105], [104, 112], [106, 107], [106, 108], [109, 110], [109, 111], [116, 118], [121, 122], [121, 126], [132, 134], [134, 136], [136, 137], [136, 139], [143, 144], [144, 145], [144, 146]], "missing_branches": [[18, 19], [32, 34], [38, 39], [67, 68], [83, 84], [116, 117], [132, 133], [134, 135], [143, 147]]}}}}, "totals": {"covered_lines": 5926, "num_statements": 7165, "percent_covered": 79.54389742585886, "percent_covered_display": "80", "missing_lines": 1239, "excluded_lines": 2, "percent_statements_covered": 82.70760642009769, "percent_statements_covered_display": "83", "num_branches": 3052, "num_partial_branches": 535, "covered_branches": 2201, "missing_branches": 851, "percent_branches_covered": 72.11664482306684, "percent_branches_covered_display": "72"}}