<?xml version="1.0" encoding="utf-8"?><testsuites name="pytest tests"><testsuite name="pytest" errors="0" failures="0" skipped="0" tests="954" time="251.955" timestamp="2026-09-10T20:27:52.263499+00:00" hostname="runnervmlun5p"><testcase classname="tests.test_adjust" name="test_detect_jumps" time="0.002" /><testcase classname="tests.test_adjust" name="test_infer_split_factor" time="0.001" /><testcase classname="tests.test_adjust" name="test_adjusted_closes_continuous_after_split" time="0.001" /><testcase classname="tests.test_adjust" name="test_scan_quarantines_unexplained_jump" time="0.057" /><testcase classname="tests.test_adjust" name="test_explained_jump_is_not_quarantined" time="0.045" /><testcase classname="tests.test_adjust" name="test_pending_adjustment_without_approval_does_not_explain_jump" time="0.049" /><testcase classname="tests.test_adjust" name="test_require_scanned_passes_on_small_test_db" time="0.046" /><testcase classname="tests.test_adjust" name="test_require_scanned_fails_loud_when_never_scanned" time="0.490" /><testcase classname="tests.test_adjust" name="test_list_split_candidates_separates_round_ratio_from_noise" time="0.038" /><testcase classname="tests.test_adjust" name="test_export_then_import_only_grava_linhas_aprovadas" time="0.037" /><testcase classname="tests.test_adjust" name="test_import_fator_conflitante_nao_resolve_quarentena" time="0.034" /><testcase classname="tests.test_adjust" name="test_dividend_factor_known_value" time="0.001" /><testcase classname="tests.test_adjust" name="test_total_return_series_lowers_prices_before_ex_date" time="0.032" /><testcase classname="tests.test_adjust" name="test_total_return_series_no_dividends_matches_adjusted_series" time="0.033" /><testcase classname="tests.test_adjust" name="test_total_return_series_dividend_outside_range_ignored" time="0.033" /><testcase classname="tests.test_analyst" name="test_fmt_ptbr_uses_dot_as_thousands_separator" time="0.001" /><testcase classname="tests.test_analyst" name="test_build_brief_liquidity_line_uses_ptbr_thousands" time="0.001" /><testcase classname="tests.test_audit_integrity.QuoteContractTests" name="test_impossible_calendar_date_rejected" time="0.001" /><testcase classname="tests.test_audit_integrity.QuoteContractTests" name="test_malformed_quote_is_counted_without_losing_valid_neighbor" time="0.001" /><testcase classname="tests.test_audit_integrity.QuoteContractTests" name="test_nonpositive_quote_basis_rejected" time="0.001" /><testcase classname="tests.test_audit_integrity.QuoteContractTests" name="test_truncated_and_oversized_quotes_rejected" time="0.002" /><testcase classname="tests.test_audit_integrity.EconomicInputTests" name="test_invalid_external_edge_estimate_is_rejected" time="0.001" /><testcase classname="tests.test_audit_integrity.EconomicInputTests" name="test_missing_observations_are_not_silently_removed" time="0.001" /><testcase classname="tests.test_audit_integrity.EconomicInputTests" name="test_nonfinite_costs_and_hurdles_cannot_produce_a_decision" time="0.002" /><testcase classname="tests.test_audit_integrity.EconomicInputTests" name="test_nonfinite_policy_is_rejected" time="0.001" /><testcase classname="tests.test_audit_integrity.UniverseEvidenceTests" name="test_empty_snapshot_fails_without_partial_rows" time="0.001" /><testcase classname="tests.test_audit_integrity.UniverseEvidenceTests" name="test_future_resolution_cannot_reopen_past_universe" time="0.001" /><testcase classname="tests.test_audit_integrity.UniverseEvidenceTests" name="test_identical_snapshot_is_idempotent" time="0.001" /><testcase classname="tests.test_audit_integrity.UniverseEvidenceTests" name="test_legacy_replay_keeps_latest_resolution_policy_explicitly" time="0.001" /><testcase classname="tests.test_audit_integrity.UniverseEvidenceTests" name="test_resolution_before_cutoff_reopens_instrument" time="0.001" /><testcase classname="tests.test_audit_integrity.UniverseEvidenceTests" name="test_same_day_resolution_is_outside_strict_before_cutoff" time="0.001" /><testcase classname="tests.test_audit_integrity.UniverseEvidenceTests" name="test_same_members_with_changed_evidence_cannot_rewrite_snapshot" time="0.001" /><testcase classname="tests.test_audit_integrity.UniverseEvidenceTests" name="test_snapshot_conflict_fails_without_appending_members" time="0.001" /><testcase classname="tests.test_audit_integrity.UniverseEvidenceTests" name="test_snapshot_does_not_commit_callers_transaction" time="0.001" /><testcase classname="tests.test_audit_integrity.UniverseEvidenceTests" name="test_unknown_source_does_not_become_primary_by_default" time="0.001" /><testcase classname="tests.test_audit_registry.AuditRegistryTests" name="test_changed_evidence_is_not_accepted_by_its_old_receipt" time="0.016" /><testcase classname="tests.test_audit_registry.AuditRegistryTests" name="test_population_loss_and_unsupported_closure_are_rejected" time="0.144" /><testcase classname="tests.test_audit_registry.AuditRegistryTests" name="test_uv_auxiliary_file_is_not_a_distribution_but_missing_or_extra_wheels_fail" time="0.003" /><testcase classname="tests.test_backtest_m5" name="test_walk_forward_produces_paired_series" time="0.838" /><testcase classname="tests.test_backtest_m5" name="test_judge_runs_the_two_lens_toll" time="1.048" /><testcase classname="tests.test_backtest_m5" name="test_run_smoke" time="1.069" /><testcase classname="tests.test_bootstrap_contract" name="test_typed_bootstrap_preserves_none_sample_semantics" time="0.028" /><testcase classname="tests.test_bootstrap_robustness" name="test_drops_none_resamples_keeps_the_rest" time="0.003" /><testcase classname="tests.test_bootstrap_robustness" name="test_all_none_returns_empty_not_crash" time="0.002" /><testcase classname="tests.test_bootstrap_robustness" name="test_no_none_keeps_all_nboot" time="0.003" /><testcase classname="tests.test_cash_source_audit" name="test_real_b3_unit_event_matches_energisa_workbook_cells" time="0.093" /><testcase classname="tests.test_cash_source_audit" name="test_cum_date_uses_exchange_calendar_across_carnival_not_ticker_next_quote" time="0.001" /><testcase classname="tests.test_cash_source_audit" name="test_source_amount_per_thousand_does_not_become_per_share" time="0.001" /><testcase classname="tests.test_cash_source_audit" name="test_missing_or_invalid_source_date_is_not_imputed[None]" time="0.001" /><testcase classname="tests.test_cash_source_audit" name="test_missing_or_invalid_source_date_is_not_imputed[]" time="0.001" /><testcase classname="tests.test_cash_source_audit" name="test_missing_or_invalid_source_date_is_not_imputed[12/13/2026]" time="0.001" /><testcase classname="tests.test_cash_source_audit" name="test_missing_or_invalid_source_date_is_not_imputed[2026-08-12]" time="0.001" /><testcase classname="tests.test_cash_source_audit" name="test_brazilian_decimal_rejects_ambiguous_or_nonfinite_values[NaN]" time="0.001" /><testcase classname="tests.test_cash_source_audit" name="test_brazilian_decimal_rejects_ambiguous_or_nonfinite_values[Inf]" time="0.001" /><testcase classname="tests.test_cash_source_audit" name="test_brazilian_decimal_rejects_ambiguous_or_nonfinite_values[0.1]" time="0.001" /><testcase classname="tests.test_cash_source_audit" name="test_brazilian_decimal_rejects_ambiguous_or_nonfinite_values[1.00,1]" time="0.001" /><testcase classname="tests.test_cash_source_audit" name="test_brazilian_decimal_rejects_ambiguous_or_nonfinite_values[]" time="0.001" /><testcase classname="tests.test_cash_source_audit" name="test_payment_match_requires_class_date_amount_and_unique_event" time="0.001" /><testcase classname="tests.test_cash_source_audit" name="test_real_ambev_installment_amounts_reconcile_without_using_net_as_gross" time="0.001" /><testcase classname="tests.test_config" name="test_parse_sections_and_scalars" time="0.001" /><testcase classname="tests.test_config" name="test_parse_comment_inside_quotes_preserved" time="0.001" /><testcase classname="tests.test_config" name="test_parse_rejects_lists" time="0.001" /><testcase classname="tests.test_config" name="test_parse_rejects_deep_nesting" time="0.001" /><testcase classname="tests.test_config" name="test_load_real_config_h1_frozen_params" time="0.003" /><testcase classname="tests.test_config" name="test_config_hash_stable_across_loads" time="0.006" /><testcase classname="tests.test_config" name="test_new_run_creates_row" time="0.048" /><testcase classname="tests.test_config" name="test_new_run_same_params_same_config_hash" time="0.043" /><testcase classname="tests.test_config" name="test_sha256_file_known_value" time="0.002" /><testcase classname="tests.test_config" name="test_main_status_runs" time="0.150" /><testcase classname="tests.test_config" name="test_main_backtest_command_runs" time="0.174" /><testcase classname="tests.test_config" name="test_main_backtest_h_dispatcher_runs" time="11.981" /><testcase classname="tests.test_config" name="test_main_backtest_h_dispatcher_unknown_hypothesis" time="0.139" /><testcase classname="tests.test_config" name="test_main_unknown_command_exits_nonzero" time="0.030" /><testcase classname="tests.test_config" name="test_design_doc_in_repo" time="0.001" /><testcase classname="tests.test_config" name="test_frozen_config_hash_golden" time="0.003" /><testcase classname="tests.test_config" name="test_frozen_hash_ignores_operational_params" time="0.004" /><testcase classname="tests.test_config" name="test_frozen_hash_breaks_on_frozen_param" time="0.004" /><testcase classname="tests.test_continuous_cash" name="test_continuous_retention_and_paid_dividend_close_by_independent_arithmetic" time="0.004" /><testcase classname="tests.test_continuous_cash" name="test_post_exit_dividend_preserved_as_receivable_and_does_not_fund_retention" time="0.003" /><testcase classname="tests.test_continuous_cash" name="test_missing_middle_path_quote_is_fatal_without_partial_profit" time="0.002" /><testcase classname="tests.test_continuous_cash" name="test_unreviewed_coverage_events_and_noncausal_plan_are_fatal" time="0.002" /><testcase classname="tests.test_continuous_cash" name="test_tax_cumulative_withholding_reserve_and_credit_not_double_charged" time="0.001" /><testcase classname="tests.test_continuous_cash" name="test_bdr_tax_small_darf_accumulates_and_equity_loss_carries_forward" time="0.001" /><testcase classname="tests.test_continuous_cash" name="test_bonus_preserves_original_tradability_and_locks_only_new_delivery" time="0.001" /><testcase classname="tests.test_continuous_cash" name="test_unreviewed_fraction_rejects_atomically_then_preserves_exact_basis" time="0.001" /><testcase classname="tests.test_continuous_cash" name="test_late_announced_cash_update_does_not_leak_into_earlier_nav_or_trades" time="0.003" /><testcase classname="tests.test_continuous_cash" name="test_reverse_split_then_split_must_not_be_cancelled_to_a_noop" time="0.001" /><testcase classname="tests.test_continuous_cash" name="test_documented_trading_before_credit_requires_delivery_by_sale_settlement" time="0.001" /><testcase classname="tests.test_continuous_cash" name="test_partial_precredit_sale_consumes_only_the_usable_delivery_lots" time="0.001" /><testcase classname="tests.test_continuous_cash" name="test_purchase_merges_with_a_pending_delivery_without_unlocking_it" time="0.001" /><testcase classname="tests.test_continuous_cash" name="test_multiple_deliveries_merge_without_double_locking_the_base_position" time="0.001" /><testcase classname="tests.test_continuous_cash" name="test_future_corporate_quantity_information_rejected_without_mutation" time="0.001" /><testcase classname="tests.test_continuous_cash" name="test_delayed_plan_and_weekend_settlement_do_not_pass_next_session_protocol" time="0.001" /><testcase classname="tests.test_continuous_cash" name="test_entry_day_bonus_in_another_class_preserves_original_order_units" time="0.003" /><testcase classname="tests.test_continuous_research" name="test_all_registered_pairs_run_on_persistent_books" time="0.025" /><testcase classname="tests.test_continuous_research" name="test_missing_evidence_stops_before_any_portfolio_return" time="0.006" /><testcase classname="tests.test_continuous_research" name="test_changed_source_returns_input_error_without_profit" time="0.005" /><testcase classname="tests.test_continuous_research" name="test_empty_or_invalid_cases_cannot_report_success_without_running[capital_brl-value0]" time="0.006" /><testcase classname="tests.test_continuous_research" name="test_empty_or_invalid_cases_cannot_report_success_without_running[one_way_cost_rates-value1]" time="0.006" /><testcase classname="tests.test_continuous_research" name="test_empty_or_invalid_cases_cannot_report_success_without_running[capital_brl-value2]" time="0.006" /><testcase classname="tests.test_continuous_research" name="test_empty_or_invalid_cases_cannot_report_success_without_running[capital_brl-value3]" time="0.006" /><testcase classname="tests.test_continuous_research" name="test_empty_or_invalid_cases_cannot_report_success_without_running[one_way_cost_rates-value4]" time="0.006" /><testcase classname="tests.test_continuous_research" name="test_manifest_does_not_authorize_a_different_production_protocol" time="0.006" /><testcase classname="tests.test_continuous_research" name="test_plans_bound_to_frozen_members_even_after_local_manifest_rebuilt" time="0.010" /><testcase classname="tests.test_continuous_research" name="test_index_cannot_hide_a_longer_replay_or_a_different_comparison_schedule" time="0.006" /><testcase classname="tests.test_continuous_research" name="test_economic_gate_does_not_hide_a_corrupt_quote_record" time="0.006" /><testcase classname="tests.test_core_import_path" name="test_predictor_core_does_not_resolve_to_vendor" time="0.001" /><testcase classname="tests.test_core_import_path" name="test_predictor_core_version_is_at_least_3" time="0.001" /><testcase classname="tests.test_core_import_path" name="test_importing_historical_poc_does_not_mutate_import_path" time="0.029" /><testcase classname="tests.test_core_integrity" name="test_vendor_manifest_present" time="0.001" /><testcase classname="tests.test_core_integrity" name="test_each_file_hash_matches_manifest" time="0.003" /><testcase classname="tests.test_core_integrity" name="test_no_orphan_files_in_vendor" time="0.004" /><testcase classname="tests.test_core_integrity" name="test_aggregate_reproduces" time="0.001" /><testcase classname="tests.test_corporate_auction_tax" name="test_identical_fraction_cash_has_different_tax_for_different_cost_basis[130-120-4.5-.67-0]" time="0.002" /><testcase classname="tests.test_corporate_auction_tax" name="test_identical_fraction_cash_has_different_tax_for_different_cost_basis[260-240--5.5-0-5.5]" time="0.002" /><testcase classname="tests.test_corporate_auction_tax" name="test_auction_gross_joins_monthly_equity_threshold_before_fee_deduction[19985-0]" time="0.001" /><testcase classname="tests.test_corporate_auction_tax" name="test_auction_gross_joins_monthly_equity_threshold_before_fee_deduction[19990-15.67]" time="0.001" /><testcase classname="tests.test_corporate_auction_tax" name="test_prior_month_auction_loss_offsets_later_gain_without_becoming_cash" time="0.001" /><testcase classname="tests.test_corporate_auction_tax" name="test_auction_gain_and_withholding_do_not_leak_before_disposal_day" time="0.001" /><testcase classname="tests.test_corporate_auction_tax" name="test_full_replay_recognizes_tax_on_a_day_with_no_strategy_order" time="0.003" /><testcase classname="tests.test_corporate_auction_tax" name="test_missing_or_noncausal_terms_fail_without_changing_the_book[gross_cash_per_fraction-None]" time="0.001" /><testcase classname="tests.test_corporate_auction_tax" name="test_missing_or_noncausal_terms_fail_without_changing_the_book[irrf_per_fraction-None]" time="0.001" /><testcase classname="tests.test_corporate_auction_tax" name="test_missing_or_noncausal_terms_fail_without_changing_the_book[known_on-2020-02-04]" time="0.001" /><testcase classname="tests.test_corporate_auction_tax" name="test_missing_or_noncausal_terms_fail_without_changing_the_book[disposal_date-2020-01-14]" time="0.001" /><testcase classname="tests.test_corporate_auction_tax" name="test_missing_or_noncausal_terms_fail_without_changing_the_book[tax_source-value4]" time="0.001" /><testcase classname="tests.test_corporate_auction_tax" name="test_missing_or_noncausal_terms_fail_without_changing_the_book[fees_per_fraction--1]" time="0.001" /><testcase classname="tests.test_corporate_auction_tax" name="test_missing_or_noncausal_terms_fail_without_changing_the_book[tax_treatment-None]" time="0.001" /><testcase classname="tests.test_corporate_auction_tax" name="test_fee_net_scalar_requires_review_bound_to_full_portfolio_context" time="0.002" /><testcase classname="tests.test_corporate_auction_tax" name="test_fixed_compulsory_disposal_tax_cannot_be_reused_across_books" time="0.001" /><testcase classname="tests.test_corporate_auction_tax" name="test_future_fixed_tax_is_not_an_early_liability_even_with_matching_portfolio" time="0.001" /><testcase classname="tests.test_corporate_auction_tax" name="test_post_endpoint_auction_cannot_publish_an_untaxed_terminal_profit" time="0.003" /><testcase classname="tests.test_cotahist" name="test_parse_golden_line_against_official_positions" time="0.001" /><testcase classname="tests.test_cotahist" name="test_parse_ignores_non_type01" time="0.001" /><testcase classname="tests.test_cotahist" name="test_synthetic_round_trips_and_is_245_bytes" time="0.001" /><testcase classname="tests.test_cotahist" name="test_synthetic_deterministic_with_seed" time="0.001" /><testcase classname="tests.test_cotahist" name="test_load_into_prices_raw_idempotent" time="0.038" /><testcase classname="tests.test_cotahist" name="test_load_filtra_avista_lote_padrao" time="0.037" /><testcase classname="tests.test_cotahist" name="test_parse_cotahist_from_zip" time="0.065" /><testcase classname="tests.test_cotahist" name="test_parse_cotahist_picks_cotahist_named_txt_over_companion" time="0.036" /><testcase classname="tests.test_cotahist" name="test_pick_cotahist_txt_fails_loud_on_ambiguous_names" time="0.001" /><testcase classname="tests.test_cotahist" name="test_parse_cotahist_fails_loud_on_zero_quote_lines" time="0.035" /><testcase classname="tests.test_data_bank.DataBankTests" name="test_bad_archive_digest_writes_nothing" time="0.005" /><testcase classname="tests.test_data_bank.DataBankTests" name="test_bad_object_digest_never_emits_catalog" time="0.005" /><testcase classname="tests.test_data_bank.DataBankTests" name="test_budget_rejected_before_writing" time="0.004" /><testcase classname="tests.test_data_bank.DataBankTests" name="test_deduplicates_aliases_and_keeps_bundle_independent" time="0.007" /><testcase classname="tests.test_data_bank.DataBankTests" name="test_existing_destination_is_preserved" time="0.004" /><testcase classname="tests.test_data_bank.DataBankTests" name="test_nonempty_wal_prevents_false_integrity_certificate" time="0.005" /><testcase classname="tests.test_data_bank.DataBankTests" name="test_path_traversal_rejected_before_writing" time="0.004" /><testcase classname="tests.test_data_bank.DataBankTests" name="test_read_only_inspection_leaves_no_journals_and_closes_file" time="0.004" /><testcase classname="tests.test_data_bank.DataBankTests" name="test_valid_hash_of_invalid_sqlite_never_emits_catalog" time="0.008" /><testcase classname="tests.test_data_transfer" name="test_round_trip_preserves_data_and_strips_code_in_nested_deliveries" time="0.011" /><testcase classname="tests.test_data_transfer" name="test_rejects_unsafe_paths[../escape]" time="0.001" /><testcase classname="tests.test_data_transfer" name="test_rejects_unsafe_paths[/absolute]" time="0.001" /><testcase classname="tests.test_data_transfer" name="test_rejects_unsafe_paths[C:/outside]" time="0.001" /><testcase classname="tests.test_data_transfer" name="test_rejects_unsafe_paths[a\\..\\b]" time="0.001" /><testcase classname="tests.test_data_transfer" name="test_rejects_unsafe_paths[a/NUL.txt]" time="0.001" /><testcase classname="tests.test_data_transfer" name="test_rejects_unsafe_paths[a/CON]" time="0.001" /><testcase classname="tests.test_data_transfer" name="test_rejects_unsafe_paths[a/x.]" time="0.001" /><testcase classname="tests.test_data_transfer" name="test_rejects_unsafe_paths[a//b]" time="0.001" /><testcase classname="tests.test_data_transfer" name="test_refuses_existing_destination_and_archive" time="0.003" /><testcase classname="tests.test_data_transfer" name="test_rejects_changed_source_and_corrupt_transport" time="0.003" /><testcase classname="tests.test_data_transfer" name="test_rejects_undeclared_and_missing_payloads" time="0.003" /><testcase classname="tests.test_data_transfer" name="test_prefix_restore_and_conflicting_windows_case" time="0.006" /><testcase classname="tests.test_dfp_readiness_audit" name="test_real_export_monetary_units_are_reais" time="0.001" /><testcase classname="tests.test_dfp_readiness_audit" name="test_unverified_numeric_conventions_cannot_pass[NaN-MIL-REAL]" time="0.001" /><testcase classname="tests.test_dfp_readiness_audit" name="test_unverified_numeric_conventions_cannot_pass[Infinity-MIL-REAL]" time="0.001" /><testcase classname="tests.test_dfp_readiness_audit" name="test_unverified_numeric_conventions_cannot_pass[79.736.856,00-MIL-REAL]" time="0.001" /><testcase classname="tests.test_dfp_readiness_audit" name="test_unverified_numeric_conventions_cannot_pass[1-UNKNOWN-REAL]" time="0.001" /><testcase classname="tests.test_dfp_readiness_audit" name="test_unverified_numeric_conventions_cannot_pass[1-MIL-USD]" time="0.001" /><testcase classname="tests.test_dfp_readiness_audit" name="test_real_revised_document_cannot_borrow_first_delivery_date" time="0.071" /><testcase classname="tests.test_dfp_readiness_audit" name="test_fixture_fields_have_declared_source_hashes" time="0.001" /><testcase classname="tests.test_dfp_readiness_audit" name="test_missing_version_metadata_is_an_audit_error" time="0.001" /><testcase classname="tests.test_dfp_readiness_audit" name="test_malformed_delivery_date_cannot_pass" time="0.001" /><testcase classname="tests.test_dfp_readiness_audit" name="test_cli_is_read_only_and_returns_failure_for_real_defects" time="0.078" /><testcase classname="tests.test_diagnostics.DiagnosticsTests" name="test_check_exit_code_and_json" time="0.002" /><testcase classname="tests.test_diagnostics.DiagnosticsTests" name="test_corrupt_file_returns_structured_error" time="0.002" /><testcase classname="tests.test_diagnostics.DiagnosticsTests" name="test_existing_database_is_unchanged" time="0.003" /><testcase classname="tests.test_diagnostics.DiagnosticsTests" name="test_missing_core_is_reported_without_import" time="0.001" /><testcase classname="tests.test_diagnostics.DiagnosticsTests" name="test_missing_database_is_not_created" time="0.001" /><testcase classname="tests.test_diagnostics.DiagnosticsTests" name="test_supported_versions_and_incompatible_versions" time="0.004" /><testcase classname="tests.test_discovery_h17" name="test_first_observation_protocol_is_sealed" time="0.001" /><testcase classname="tests.test_discovery_h17" name="test_ranks_average_ties_and_reverse_direction" time="0.001" /><testcase classname="tests.test_discovery_h17" name="test_quantity_price_basis_inverse[0.5-2]" time="0.001" /><testcase classname="tests.test_discovery_h17" name="test_quantity_price_basis_inverse[0.25-4]" time="0.001" /><testcase classname="tests.test_discovery_h17" name="test_quantity_price_basis_inverse[0.3333333333333333-3]" time="0.001" /><testcase classname="tests.test_discovery_h17" name="test_quantity_price_basis_inverse[10-0.1]" time="0.001" /><testcase classname="tests.test_discovery_h17" name="test_vivt_real_same_day_split_and_group_compose_without_legacy_double_count" time="0.001" /><testcase classname="tests.test_discovery_h17" name="test_conflicting_sources_are_not_silently_chosen" time="0.001" /><testcase classname="tests.test_discovery_h17" name="test_real_legacy_rounded_thirds_match_b3_without_changing_b3[MULT3-2018-07-23]" time="0.001" /><testcase classname="tests.test_discovery_h17" name="test_real_legacy_rounded_thirds_match_b3_without_changing_b3[TOTS3-2020-05-04]" time="0.001" /><testcase classname="tests.test_discovery_h17" name="test_real_legacy_rounded_thirds_match_b3_without_changing_b3[CSMG3-2020-11-26]" time="0.001" /><testcase classname="tests.test_discovery_h17" name="test_real_vivt_legacy_net_factor_matches_b3_components" time="0.001" /><testcase classname="tests.test_discovery_h17" name="test_split_adjustment_and_ex_date_entry_boundary" time="0.001" /><testcase classname="tests.test_discovery_h17" name="test_missing_endpoint_is_retained_as_missing_not_zero" time="0.001" /><testcase classname="tests.test_discovery_h17" name="test_corrupt_or_incomplete_outcomes_cannot_be_scored[identity]" time="0.001" /><testcase classname="tests.test_discovery_h17" name="test_corrupt_or_incomplete_outcomes_cannot_be_scored[unsupported]" time="0.001" /><testcase classname="tests.test_discovery_h17" name="test_corrupt_or_incomplete_outcomes_cannot_be_scored[gap]" time="0.001" /><testcase classname="tests.test_discovery_h17" name="test_future_financial_and_security_filings_block_observation" time="0.001" /><testcase classname="tests.test_discovery_h17" name="test_next_open_selection_missingness_and_same_family_quality_verdict" time="0.004" /><testcase classname="tests.test_discovery_h17" name="test_existing_observation_is_never_overwritten" time="0.002" /><testcase classname="tests.test_discovery_reorganizations" name="test_real_golden_quotes_are_exact_original_b3_prices_and_identities" time="0.002" /><testcase classname="tests.test_discovery_reorganizations" name="test_gndi_final_ratio_and_both_gross_receivables_are_preserved" time="0.002" /><testcase classname="tests.test_discovery_reorganizations" name="test_soma_exit_on_successor_first_trade_marks_uncredited_entitlement" time="0.001" /><testcase classname="tests.test_discovery_reorganizations" name="test_soma_entry_after_last_trade_cannot_receive_merger_proceeds" time="0.001" /><testcase classname="tests.test_discovery_reorganizations" name="test_carrefour_default_cash_redemption_has_no_phantom_stock_sale" time="0.002" /><testcase classname="tests.test_discovery_reorganizations" name="test_natura_does_not_double_or_miss_one_to_one_exchange" time="0.002" /><testcase classname="tests.test_discovery_reorganizations" name="test_payment_day_open_is_still_a_receivable_not_reinvestment_cash[2020-01-07-False]" time="0.001" /><testcase classname="tests.test_discovery_reorganizations" name="test_payment_day_open_is_still_a_receivable_not_reinvestment_cash[2020-01-15-False]" time="0.001" /><testcase classname="tests.test_discovery_reorganizations" name="test_payment_day_open_is_still_a_receivable_not_reinvestment_cash[2020-02-03-True]" time="0.001" /><testcase classname="tests.test_discovery_reorganizations" name="test_missing_quote_is_not_automatically_zero_return" time="0.001" /><testcase classname="tests.test_discovery_reorganizations" name="test_wrong_successor_identity_stays_unresolved" time="0.001" /><testcase classname="tests.test_discovery_reorganizations" name="test_compulsory_conversion_does_not_mask_unrelated_jump" time="0.001" /><testcase classname="tests.test_discovery_reorganizations" name="test_spinoff_keeps_original_stock_and_adds_successor_once" time="0.001" /><testcase classname="tests.test_discovery_reorganizations" name="test_subscription_never_creates_free_shares_or_debits_external_capital" time="0.001" /><testcase classname="tests.test_discovery_reorganizations" name="test_duplicate_terms_and_nonfinite_ratios_are_rejected" time="0.001" /><testcase classname="tests.test_discovery_reorganizations" name="test_split_before_conversion_changes_both_stock_and_cash_entitlements" time="0.001" /><testcase classname="tests.test_discovery_reorganizations" name="test_known_conversion_does_not_clear_simultaneous_unmodelled_action" time="0.001" /><testcase classname="tests.test_discovery_reorganizations" name="test_new_policy_is_separately_registered_and_counted" time="0.001" /><testcase classname="tests.test_discovery_value" name="test_protocol_fixed_before_first_value_observation" time="0.001" /><testcase classname="tests.test_discovery_value" name="test_disclosed_value_uses_shares_not_free_float" time="0.001" /><testcase classname="tests.test_discovery_value" name="test_split_changes_units_without_creating_valuation_signal" time="0.001" /><testcase classname="tests.test_discovery_value" name="test_future_prices_and_future_actions_do_not_change_signal" time="0.001" /><testcase classname="tests.test_discovery_value" name="test_document_mismatches_and_lookahead_rejected[future_filing]" time="0.001" /><testcase classname="tests.test_discovery_value" name="test_document_mismatches_and_lookahead_rejected[future_security]" time="0.001" /><testcase classname="tests.test_discovery_value" name="test_document_mismatches_and_lookahead_rejected[wrong_capital_receipt]" time="0.001" /><testcase classname="tests.test_discovery_value" name="test_document_mismatches_and_lookahead_rejected[wrong_archive]" time="0.001" /><testcase classname="tests.test_discovery_value" name="test_date_only_receipt_is_not_usable_same_day" time="0.001" /><testcase classname="tests.test_discovery_value" name="test_causal_data_abstention_has_reason[preferred-NOT_SINGLE_ORDINARY_SHARE_CLASS]" time="0.001" /><testcase classname="tests.test_discovery_value" name="test_causal_data_abstention_has_reason[missing-NO_VALID_EXACT_DOCUMENT_CAPITAL]" time="0.001" /><testcase classname="tests.test_discovery_value" name="test_causal_data_abstention_has_reason[unsupported_past-PAST_UNMODELLED_CAPITAL_EVENT]" time="0.001" /><testcase classname="tests.test_discovery_value" name="test_causal_data_abstention_has_reason[identity-PAST_INSTRUMENT_IDENTITY_BREAK]" time="0.001" /><testcase classname="tests.test_discovery_value" name="test_causal_data_abstention_has_reason[gap-PAST_UNRESOLVED_OVERNIGHT_GT_30PCT]" time="0.001" /><testcase classname="tests.test_discovery_value" name="test_missing_newest_earnings_has_no_zero_or_older_fallback" time="0.001" /><testcase classname="tests.test_discovery_value" name="test_nonannual_profit_not_compared_to_annual_profit" time="0.001" /><testcase classname="tests.test_discovery_value" name="test_original_cvm_treasury_and_capital_units[133944-2853776040-1]" time="0.005" /><testcase classname="tests.test_discovery_value" name="test_original_cvm_treasury_and_capital_units[134335-15749449000-1000]" time="0.003" /><testcase classname="tests.test_discovery_value" name="test_owner_attribution_uses_bank_layout_and_subtracts_nci" time="0.001" /><testcase classname="tests.test_discovery_value" name="test_adverse_missing_scenario_assigns_same_return_in_both_cohorts" time="0.001" /><testcase classname="tests.test_discovery_value" name="test_quarterly_execution_begins_after_signal_and_holds_three_months" time="0.003" /><testcase classname="tests.test_discovery_value_repair" name="test_remeasurement_is_separately_sealed_and_counted" time="0.001" /><testcase classname="tests.test_discovery_value_repair" name="test_review_is_tied_to_exact_original_b3_quote_lines[QUAL3]" time="0.001" /><testcase classname="tests.test_discovery_value_repair" name="test_review_is_tied_to_exact_original_b3_quote_lines[HGTX3]" time="0.001" /><testcase classname="tests.test_discovery_value_repair" name="test_review_is_tied_to_exact_original_b3_quote_lines[AMER3]" time="0.001" /><testcase classname="tests.test_discovery_value_repair" name="test_review_is_tied_to_exact_original_b3_quote_lines[PETZ3]" time="0.001" /><testcase classname="tests.test_discovery_value_repair" name="test_review_is_tied_to_exact_original_b3_quote_lines[HAPV3]" time="0.001" /><testcase classname="tests.test_discovery_value_repair" name="test_americanas_crash_and_change_to_bdi_08_are_retained" time="0.001" /><testcase classname="tests.test_discovery_value_repair" name="test_confirmed_jump_does_not_clear_other_unresolved_events" time="0.001" /><testcase classname="tests.test_discovery_value_repair" name="test_mismatched_review_cannot_clear_a_different_price_move" time="0.001" /><testcase classname="tests.test_discovery_value_repair" name="test_original_bonus_credited_once_after_explicit_legacy_source_supersession[NATU3-2019-09-18]" time="0.001" /><testcase classname="tests.test_discovery_value_repair" name="test_original_bonus_credited_once_after_explicit_legacy_source_supersession[PSSA3-2021-10-21]" time="0.001" /><testcase classname="tests.test_document_panel" name="test_original_capital_pages_keep_their_own_scale[134335-15753833000-4384000-Mil]" time="0.004" /><testcase classname="tests.test_document_panel" name="test_original_capital_pages_keep_their_own_scale[133944-2865417020-11640980-Unidade]" time="0.003" /><testcase classname="tests.test_document_panel" name="test_original_capital_pages_keep_their_own_scale[134790-2039086540-3772375-Unidade]" time="0.003" /><testcase classname="tests.test_document_panel" name="test_capital_rejects_wrong_period_and_absent_scale" time="0.001" /><testcase classname="tests.test_document_panel" name="test_both_documents_must_already_be_available" time="0.001" /><testcase classname="tests.test_document_panel" name="test_latest_blank_security_document_does_not_resurrect_old_ticker" time="0.001" /><testcase classname="tests.test_document_panel" name="test_future_filings_cannot_change_past_panel" time="0.001" /><testcase classname="tests.test_dsr_deflation_guard" name="test_menos_de_duas_tentativas_com_sharpe_nao_produz_veredito" time="0.758" /><testcase classname="tests.test_dsr_deflation_guard" name="test_tentativas_de_sharpe_identico_nao_produzem_comprovada" time="0.757" /><testcase classname="tests.test_dsr_deflation_guard" name="test_registro_real_tem_desconto_estimavel" time="0.001" /><testcase classname="tests.test_dsr_deflation_guard" name="test_serie_vazia_continua_sem_veredito_estatistico" time="0.004" /><testcase classname="tests.test_dsr_deflation_guard" name="test_diagnostico_do_desconto_chega_ao_veredito[n_sharpes]" time="0.779" /><testcase classname="tests.test_dsr_deflation_guard" name="test_diagnostico_do_desconto_chega_ao_veredito[deflation_applied]" time="0.762" /><testcase classname="tests.test_dsr_deflation_guard" name="test_diagnostico_do_desconto_chega_ao_veredito[sharpe_coverage]" time="0.767" /><testcase classname="tests.test_economic_gate" name="test_insufficient_matured_sample_holds_and_never_enables_capital" time="0.001" /><testcase classname="tests.test_economic_gate" name="test_conservative_edge_must_pay_turnover_and_hurdle" time="0.001" /><testcase classname="tests.test_economic_gate" name="test_decision_uses_only_previously_supplied_observations" time="0.001" /><testcase classname="tests.test_economic_gate" name="test_invalid_cost_or_outcome_fails_high" time="0.001" /><testcase classname="tests.test_economics" name="test_sentinela_nao_vira_zero" time="0.001" /><testcase classname="tests.test_economics" name="test_texto_livre_tambem_conta_como_nao_declarado" time="0.001" /><testcase classname="tests.test_economics" name="test_booleano_nao_e_capital" time="0.001" /><testcase classname="tests.test_economics" name="test_secao_ausente_nao_quebra" time="0.001" /><testcase classname="tests.test_economics" name="test_retorno_exigido_none_sem_declaracao" time="0.001" /><testcase classname="tests.test_economics" name="test_retorno_exigido_e_aritmetica_simples" time="0.001" /><testcase classname="tests.test_economics" name="test_capital_zero_nao_divide" time="0.001" /><testcase classname="tests.test_economics" name="test_screen_de_serie_vazia_e_none" time="0.001" /><testcase classname="tests.test_economics" name="test_screen_anualiza_geometricamente" time="0.001" /><testcase classname="tests.test_economics" name="test_screen_declara_capacidade_como_nao_calculada" time="0.001" /><testcase classname="tests.test_economics" name="test_drawdown_pico_a_vale" time="0.001" /><testcase classname="tests.test_economics" name="test_drawdown_de_serie_so_de_alta_e_zero" time="0.001" /><testcase classname="tests.test_economics" name="test_ruina_nao_recupera_no_papel" time="0.001" /><testcase classname="tests.test_economics" name="test_sem_declaracao_o_screen_se_recusa_a_julgar" time="0.001" /><testcase classname="tests.test_economics" name="test_edge_real_mas_pequeno_demais_e_desfecho_proprio" time="0.001" /><testcase classname="tests.test_economics" name="test_drawdown_acima_do_aceitavel_reprova_mesmo_com_lucro" time="0.001" /><testcase classname="tests.test_economics" name="test_acima_do_minimo_ainda_nao_e_autorizacao_de_capital" time="0.001" /><testcase classname="tests.test_economics" name="test_serie_vazia_classifica_como_sem_serie" time="0.001" /><testcase classname="tests.test_economics" name="test_summary_line_nunca_derruba_a_rodada" time="0.002" /><testcase classname="tests.test_economics" name="test_summary_line_mostra_dinheiro_quando_ha_capital" time="0.001" /><testcase classname="tests.test_economics" name="test_config_real_declara_a_secao_e_segue_sem_resposta" time="0.003" /><testcase classname="tests.test_economics" name="test_secao_economica_nao_entra_em_nenhum_lacre" time="0.001" /><testcase classname="tests.test_economics_labels.EconomicEvidenceLabels" name="test_classification_keeps_historical_minimum_comparison" time="0.002" /><testcase classname="tests.test_economics_labels.EconomicEvidenceLabels" name="test_no_forecast_value_from_historical_returns" time="0.002" /><testcase classname="tests.test_economics_labels.EconomicEvidenceLabels" name="test_summary_explicitly_historical" time="0.002" /><testcase classname="tests.test_ecosystem_plugin" name="test_ecosystem_plugin_contract_shape" time="0.001" /><testcase classname="tests.test_entrypoint_integrity" name="test_paper_rejects_backdate_before_opening_database[20240201]" time="0.001" /><testcase classname="tests.test_entrypoint_integrity" name="test_paper_rejects_backdate_before_opening_database[2024-02-30]" time="0.001" /><testcase classname="tests.test_entrypoint_integrity" name="test_paper_rejects_backdate_before_opening_database[2024-1-2]" time="0.001" /><testcase classname="tests.test_entrypoint_integrity" name="test_paper_rejects_backdate_before_opening_database[2020-01-01]" time="0.001" /><testcase classname="tests.test_entrypoint_integrity" name="test_universe_rejects_bad_date_before_opening_database[20240201]" time="0.001" /><testcase classname="tests.test_entrypoint_integrity" name="test_universe_rejects_bad_date_before_opening_database[2024-02-30]" time="0.001" /><testcase classname="tests.test_entrypoint_integrity" name="test_universe_rejects_bad_date_before_opening_database[2024-1-2]" time="0.001" /><testcase classname="tests.test_entrypoint_integrity" name="test_bad_archive_does_not_open_or_create_database" time="0.002" /><testcase classname="tests.test_entrypoint_integrity" name="test_migration_failure_closes_connection" time="0.002" /><testcase classname="tests.test_etf_hold.EtfBookTests" name="test_bad_ohlc_and_nonfinite_are_rejected" time="0.001" /><testcase classname="tests.test_etf_hold.EtfBookTests" name="test_calendar_attribution_and_drawdown_reconcile" time="0.001" /><testcase classname="tests.test_etf_hold.EtfBookTests" name="test_d2_calendar_after_rule_change" time="0.001" /><testcase classname="tests.test_etf_hold.EtfBookTests" name="test_decision_on_execution_day_is_rejected" time="0.001" /><testcase classname="tests.test_etf_hold.EtfBookTests" name="test_duplicate_and_unsorted_quotes_rejected" time="0.001" /><testcase classname="tests.test_etf_hold.EtfBookTests" name="test_empty_and_no_affordable_lot_rejected" time="0.001" /><testcase classname="tests.test_etf_hold.EtfBookTests" name="test_exit_close_cannot_enter_open_sale_curve" time="0.001" /><testcase classname="tests.test_etf_hold.EtfBookTests" name="test_expenses_and_forecast_stay_unknown" time="0.001" /><testcase classname="tests.test_etf_hold.EtfBookTests" name="test_future_exit_price_cannot_change_entry_quantity" time="0.001" /><testcase classname="tests.test_etf_hold.EtfBookTests" name="test_integer_lot_reserves_costs_and_separates_principal" time="0.001" /><testcase classname="tests.test_etf_hold.EtfBookTests" name="test_missing_internal_price_is_not_skipped" time="0.001" /><testcase classname="tests.test_etf_hold.EtfBookTests" name="test_money_rounding_half_up" time="0.001" /><testcase classname="tests.test_etf_hold.EtfBookTests" name="test_no_tax_on_loss_or_invented_loss_credit" time="0.001" /><testcase classname="tests.test_etf_hold.EtfBookTests" name="test_rate_and_capital_validation" time="0.001" /><testcase classname="tests.test_etf_hold.EtfBookTests" name="test_selic_percent_daily_not_annual" time="0.001" /><testcase classname="tests.test_etf_hold.EtfBookTests" name="test_tax_applies_below_20000_etf_sale" time="0.001" /><testcase classname="tests.test_etf_hold.EtfBookTests" name="test_unsettled_sale_not_available_and_d3_calendar" time="0.001" /><testcase classname="tests.test_etf_hold.EtfBookTests" name="test_worst_mode_sizes_at_adverse_buy_and_sells_at_adverse_exit" time="0.001" /><testcase classname="tests.test_etf_hold.EtfBookTests" name="test_wrong_identity_or_price_basis_is_rejected" time="0.001" /><testcase classname="tests.test_execution_feasibility" name="test_cost_only_entry_keeps_signal_units_and_prices_fractional_remainder" time="0.001" /><testcase classname="tests.test_execution_feasibility" name="test_source_review_unblocks_only_unchanged_original_units_and_invents_no_bonus" time="0.003" /><testcase classname="tests.test_execution_feasibility" name="test_economic_hurdle_keeps_sunk_cost_out_and_amortizes_only_future_work" time="0.001" /><testcase classname="tests.test_factor_portfolio" name="test_momentum_12_1_matches_window" time="0.001" /><testcase classname="tests.test_factor_portfolio" name="test_momentum_none_without_history" time="0.001" /><testcase classname="tests.test_factor_portfolio" name="test_portfolio_top_quintile_equal_weight" time="0.001" /><testcase classname="tests.test_factor_portfolio" name="test_portfolio_is_long_only_top" time="0.001" /><testcase classname="tests.test_factor_portfolio" name="test_execution_strictly_after_signal_antilookahead" time="0.001" /><testcase classname="tests.test_factor_portfolio" name="test_execution_no_future_is_none" time="0.001" /><testcase classname="tests.test_factor_portfolio" name="test_net_return_applies_roundtrip_cost" time="0.001" /><testcase classname="tests.test_factor_portfolio" name="test_turnover_cost_accuracy" time="0.001" /><testcase classname="tests.test_factor_portfolio" name="test_equal_weight_turnover_cost_is_the_one_canonical_implementation" time="0.001" /><testcase classname="tests.test_h10_double_filter" name="test_run_h10_smoke" time="2.082" /><testcase classname="tests.test_h10_double_filter" name="test_h10_frozen_config_hash_golden" time="0.004" /><testcase classname="tests.test_h10_double_filter" name="test_h10_frozen_hash_ignores_operational_params" time="0.004" /><testcase classname="tests.test_h10_double_filter" name="test_roe_lowlev_double_filter_intersects_correctly" time="0.001" /><testcase classname="tests.test_h11_total_return" name="test_run_h11_smoke" time="4.912" /><testcase classname="tests.test_h11_total_return" name="test_h11_frozen_config_hash_golden" time="0.004" /><testcase classname="tests.test_h11_total_return" name="test_h11_frozen_hash_ignores_operational_params" time="0.004" /><testcase classname="tests.test_h11_total_return" name="test_run_h11_does_not_mutate_shared_config" time="65.529" /><testcase classname="tests.test_h12_quality_margin" name="test_run_h12_smoke" time="2.087" /><testcase classname="tests.test_h12_quality_margin" name="test_h12_frozen_config_hash_golden" time="0.004" /><testcase classname="tests.test_h12_quality_margin" name="test_h12_frozen_hash_ignores_operational_params" time="0.004" /><testcase classname="tests.test_h12_quality_margin" name="test_net_margin_signals_embargo_blocks_early_asof" time="0.035" /><testcase classname="tests.test_h12_quality_margin" name="test_net_margin_signals_picks_most_recent_eligible_ref_date" time="0.032" /><testcase classname="tests.test_h13_revenue_growth" name="test_run_h13_smoke" time="2.082" /><testcase classname="tests.test_h13_revenue_growth" name="test_h13_frozen_config_hash_golden" time="0.003" /><testcase classname="tests.test_h13_revenue_growth" name="test_h13_frozen_hash_ignores_operational_params" time="0.003" /><testcase classname="tests.test_h13_revenue_growth" name="test_revenue_growth_signals_needs_two_eligible_rows" time="0.033" /><testcase classname="tests.test_h13_revenue_growth" name="test_revenue_growth_signals_known_value_and_embargo" time="0.034" /><testcase classname="tests.test_h13_revenue_growth" name="test_revenue_growth_signals_nonpositive_previous_is_unavailable" time="0.034" /><testcase classname="tests.test_h14_near_52w_high" name="test_run_h14_smoke" time="2.090" /><testcase classname="tests.test_h14_near_52w_high" name="test_h14_frozen_config_hash_golden" time="0.003" /><testcase classname="tests.test_h14_near_52w_high" name="test_h14_frozen_hash_ignores_operational_params" time="0.003" /><testcase classname="tests.test_h14_near_52w_high" name="test_near_52w_high_known_value" time="0.001" /><testcase classname="tests.test_h14_near_52w_high" name="test_near_52w_high_none_without_full_history" time="0.001" /><testcase classname="tests.test_h14_near_52w_high" name="test_near_52w_high_signals_point_in_time" time="0.001" /><testcase classname="tests.test_h15_volume_surge" name="test_run_h15_smoke" time="2.186" /><testcase classname="tests.test_h15_volume_surge" name="test_h15_frozen_config_hash_golden" time="0.004" /><testcase classname="tests.test_h15_volume_surge" name="test_h15_frozen_hash_ignores_operational_params" time="0.003" /><testcase classname="tests.test_h15_volume_surge" name="test_volume_surge_signals_known_value" time="0.035" /><testcase classname="tests.test_h15_volume_surge" name="test_volume_surge_signals_none_without_full_history" time="0.031" /><testcase classname="tests.test_h15_volume_surge" name="test_volume_surge_signals_point_in_time_excludes_asof_day" time="0.034" /><testcase classname="tests.test_h16_turn_of_month" name="test_run_h16_smoke" time="2.077" /><testcase classname="tests.test_h16_turn_of_month" name="test_h16_frozen_config_hash_golden" time="0.003" /><testcase classname="tests.test_h16_turn_of_month" name="test_h16_frozen_hash_ignores_operational_params" time="0.004" /><testcase classname="tests.test_h16_turn_of_month" name="test_turn_of_month_days_known_calendar" time="0.001" /><testcase classname="tests.test_h16_turn_of_month" name="test_turn_of_month_days_last_month_has_no_next_window" time="0.001" /><testcase classname="tests.test_h16_turn_of_month" name="test_turn_of_month_days_multiple_days_each_side" time="0.001" /><testcase classname="tests.test_h17_accruals" name="test_run_h17_blocked_before_protected_performance" time="0.661" /><testcase classname="tests.test_h17_accruals" name="test_h17_frozen_config_hash_golden" time="0.004" /><testcase classname="tests.test_h17_accruals" name="test_h17_frozen_hash_ignores_operational_params" time="0.004" /><testcase classname="tests.test_h17_accruals" name="test_h17_direction_is_bottom_quintile" time="0.003" /><testcase classname="tests.test_h17_accruals" name="test_accruals_signals_embargo_blocks_early_asof" time="0.032" /><testcase classname="tests.test_h17_accruals" name="test_compute_fundamentals_derives_accruals_from_dfc" time="0.001" /><testcase classname="tests.test_h17_accruals" name="test_compute_fundamentals_without_dfc_keeps_accruals_none" time="0.001" /><testcase classname="tests.test_h17_accruals" name="test_accruals_none_when_ativo_total_non_positive" time="0.001" /><testcase classname="tests.test_h18_h19_value" name="test_run_h18_blocked_before_protected_performance" time="0.664" /><testcase classname="tests.test_h18_h19_value" name="test_run_h19_blocked_before_protected_performance" time="0.668" /><testcase classname="tests.test_h18_h19_value" name="test_h18_h19_frozen_config_hash_golden" time="0.004" /><testcase classname="tests.test_h18_h19_value" name="test_h18_h19_are_distinct_seals" time="0.004" /><testcase classname="tests.test_h18_h19_value" name="test_h18_frozen_hash_ignores_operational_params" time="0.003" /><testcase classname="tests.test_h18_h19_value" name="test_earnings_yield_is_fundamental_over_market_cap" time="0.035" /><testcase classname="tests.test_h18_h19_value" name="test_book_to_market_uses_equity_not_earnings" time="0.034" /><testcase classname="tests.test_h18_h19_value" name="test_value_signals_embargo_blocks_early_asof" time="0.036" /><testcase classname="tests.test_h18_h19_value" name="test_value_signals_excluded_when_shares_missing" time="0.036" /><testcase classname="tests.test_h18_h19_value" name="test_value_signals_exclude_non_positive_fundamental" time="0.037" /><testcase classname="tests.test_h18_h19_value" name="test_price_at_applies_quote_factor" time="0.040" /><testcase classname="tests.test_h18_h19_value" name="test_price_at_is_point_in_time" time="0.037" /><testcase classname="tests.test_h18_h19_value" name="test_value_signals_do_not_force_align_dfp_and_fre_dates" time="0.039" /><testcase classname="tests.test_h18_h19_value" name="test_ingest_fre_shares_persists_and_is_idempotent" time="0.056" /><testcase classname="tests.test_h18_h19_value" name="test_ingest_fre_shares_skips_unmapped_company" time="0.058" /><testcase classname="tests.test_h18_h19_value" name="test_real_fre_header_derives_total_shares_and_total_float" time="0.001" /><testcase classname="tests.test_h18_h19_value" name="test_derived_total_is_consistent_with_on_plus_pn_legs" time="0.001" /><testcase classname="tests.test_h18_h19_value" name="test_derive_total_shares_refuses_impossible_inputs" time="0.001" /><testcase classname="tests.test_h18_h19_value" name="test_percentual_is_parsed_as_en_not_br" time="0.001" /><testcase classname="tests.test_h18_h19_value" name="test_ingest_fre_shares_fails_loud_when_total_shares_underivable" time="0.034" /><testcase classname="tests.test_h18_h19_value" name="test_ingest_fre_shares_persists_derived_total_from_real_header" time="0.035" /><testcase classname="tests.test_h18_h19_value" name="test_distinct_total_and_float_columns_still_resolve_separately" time="0.001" /><testcase classname="tests.test_h18_h19_value" name="test_collision_with_pct_is_info_not_warning" time="0.002" /><testcase classname="tests.test_h18_h19_value" name="test_collision_without_pct_still_warns" time="0.001" /><testcase classname="tests.test_h18_h19_value" name="test_known_at_observado_manda_sobre_o_embargo" time="0.036" /><testcase classname="tests.test_h18_h19_value" name="test_known_at_nulo_cai_no_embargo_sem_mudar_comportamento" time="0.036" /><testcase classname="tests.test_h18_h19_value" name="test_split_entre_fre_e_asof_corrige_a_base_das_acoes" time="0.039" /><testcase classname="tests.test_h18_h19_value" name="test_split_fora_da_janela_nao_altera_nada" time="0.039" /><testcase classname="tests.test_h18_h19_value" name="test_provento_nao_altera_contagem_de_acoes" time="0.037" /><testcase classname="tests.test_h18_h19_value" name="test_split_nao_aprovado_e_ignorado" time="0.039" /><testcase classname="tests.test_h18_h19_value" name="test_ingest_fre_grava_known_at_do_dt_receb" time="0.038" /><testcase classname="tests.test_h18_h19_value" name="test_julgadas_ignoram_known_at_mesmo_quando_existe" time="0.039" /><testcase classname="tests.test_h18_h19_value" name="test_parse_dfp_received_dates_pega_a_versao_mais_antiga" time="0.001" /><testcase classname="tests.test_h18_h19_value" name="test_ingest_dfp_grava_known_at_do_dt_receb" time="0.039" /><testcase classname="tests.test_h18_h19_value" name="test_ingest_dfp_known_at_e_idempotente" time="0.037" /><testcase classname="tests.test_h20_checked" name="test_valid_evidence_and_gate_pass" time="0.003" /><testcase classname="tests.test_h20_checked" name="test_forged_financial_gate_is_rejected" time="0.003" /><testcase classname="tests.test_h20_checked" name="test_changed_inventory_is_rejected_even_if_manifest_itself_is_unchanged" time="0.003" /><testcase classname="tests.test_h20_checked" name="test_rehashed_altered_manifest_is_still_rejected" time="0.002" /><testcase classname="tests.test_h20_checked" name="test_missing_payload_is_rejected" time="0.003" /><testcase classname="tests.test_h20_checked" name="test_invalid_gate_rejected_before_loading_old_measurement" time="0.002" /><testcase classname="tests.test_h20_continuous" name="test_cash_entitlement_final_liquidation_and_uncharged_retention[VALUE_COMMON_UNIVERSE]" time="0.029" /><testcase classname="tests.test_h20_continuous" name="test_cash_entitlement_final_liquidation_and_uncharged_retention[VALUE_PROFITABILITY]" time="0.011" /><testcase classname="tests.test_h20_continuous" name="test_cash_entitlement_final_liquidation_and_uncharged_retention[VALUE_PROFITABILITY_BUFFER]" time="0.011" /><testcase classname="tests.test_h20_continuous" name="test_new_sale_taxes_reserved_before_buys_and_dividend_paid_after_exit" time="0.017" /><testcase classname="tests.test_h20_continuous" name="test_planned_but_unfilled_name_is_not_retained_at_next_signal" time="0.012" /><testcase classname="tests.test_h20_continuous" name="test_rank_retention_is_based_on_real_holdings_and_weight_band_suppresses_small_orders" time="0.020" /><testcase classname="tests.test_h20_continuous" name="test_unpaid_claim_does_not_fund_targets_or_terminal_cash" time="0.011" /><testcase classname="tests.test_h20_continuous" name="test_reviewed_bonus_delivery_survives_policy_and_later_liquidation" time="0.011" /><testcase classname="tests.test_h20_continuous" name="test_locked_delivery_and_untransformed_signal_units_fail_closed" time="0.012" /><testcase classname="tests.test_h20_continuous" name="test_successor_and_fraction_auction_use_actual_basis_and_later_tax_dates" time="0.009" /><testcase classname="tests.test_h20_continuous" name="test_execution_quotes_cannot_rewrite_frozen_signal_targets" time="0.020" /><testcase classname="tests.test_h20_continuous" name="test_missing_evidence_and_noncausal_inputs_cannot_emit_partial_profit[coverage]" time="0.004" /><testcase classname="tests.test_h20_continuous" name="test_missing_evidence_and_noncausal_inputs_cannot_emit_partial_profit[middle_quote]" time="0.008" /><testcase classname="tests.test_h20_continuous" name="test_missing_evidence_and_noncausal_inputs_cannot_emit_partial_profit[future_rank]" time="0.007" /><testcase classname="tests.test_h20_continuous" name="test_missing_evidence_and_noncausal_inputs_cannot_emit_partial_profit[identity]" time="0.007" /><testcase classname="tests.test_h20_continuous" name="test_missing_evidence_and_noncausal_inputs_cannot_emit_partial_profit[missing_rank]" time="0.006" /><testcase classname="tests.test_h20_continuous" name="test_missing_evidence_and_noncausal_inputs_cannot_emit_partial_profit[insufficient]" time="0.007" /><testcase classname="tests.test_h20_continuous" name="test_signal_policy_cannot_bypass_the_order_contract[empty]" time="0.002" /><testcase classname="tests.test_h20_continuous" name="test_signal_policy_cannot_bypass_the_order_contract[negative]" time="0.001" /><testcase classname="tests.test_h20_continuous" name="test_signal_policy_cannot_bypass_the_order_contract[foreign]" time="0.001" /><testcase classname="tests.test_h20_continuous" name="test_signal_policy_cannot_bypass_the_order_contract[bool]" time="0.001" /><testcase classname="tests.test_h20_continuous" name="test_h19_default_has_identical_results_when_no_policy_is_supplied" time="0.007" /><testcase classname="tests.test_h20_continuous" name="test_plan_builder_exposes_leading_gap_but_rejects_an_internal_gap" time="0.003" /><testcase classname="tests.test_h20_continuous" name="test_source_attestation_cannot_be_a_boolean_or_an_unbound_declaration" time="0.004" /><testcase classname="tests.test_h20_continuous" name="test_policy_rejects_unknown_arm" time="0.001" /><testcase classname="tests.test_h20_implementation" name="test_owner_profitability_from_matching_annual_source_and_negative_profit_is_ranked" time="0.001" /><testcase classname="tests.test_h20_implementation" name="test_financial_provenance_and_future_data_are_not_repaired_silently[future]" time="0.001" /><testcase classname="tests.test_h20_implementation" name="test_financial_provenance_and_future_data_are_not_repaired_silently[version]" time="0.001" /><testcase classname="tests.test_h20_implementation" name="test_financial_provenance_and_future_data_are_not_repaired_silently[hash]" time="0.001" /><testcase classname="tests.test_h20_implementation" name="test_financial_provenance_and_future_data_are_not_repaired_silently[numerator]" time="0.001" /><testcase classname="tests.test_h20_implementation" name="test_financial_provenance_and_future_data_are_not_repaired_silently[source_arithmetic]" time="0.001" /><testcase classname="tests.test_h20_implementation" name="test_financial_provenance_and_future_data_are_not_repaired_silently[nan]" time="0.001" /><testcase classname="tests.test_h20_implementation" name="test_unavailable_financial_cells_remain_explicit[document]" time="0.001" /><testcase classname="tests.test_h20_implementation" name="test_unavailable_financial_cells_remain_explicit[earnings]" time="0.001" /><testcase classname="tests.test_h20_implementation" name="test_unavailable_financial_cells_remain_explicit[equity]" time="0.001" /><testcase classname="tests.test_h20_implementation" name="test_unavailable_financial_cells_remain_explicit[annual]" time="0.001" /><testcase classname="tests.test_h20_implementation" name="test_unavailable_financial_cells_remain_explicit[stale]" time="0.001" /><testcase classname="tests.test_h20_implementation" name="test_equal_rank_blend_and_ties_are_deterministic_and_use_same_universe" time="0.001" /><testcase classname="tests.test_h20_implementation" name="test_rank_buffer_keeps_near_cutoff_names_but_forces_departures_and_limits_count" time="0.001" /><testcase classname="tests.test_h20_implementation" name="test_paired_books_avoid_small_trades_with_independent_cost_arithmetic" time="0.003" /><testcase classname="tests.test_h20_implementation" name="test_weight_band_does_not_suppress_small_mandatory_exit_or_liquidation" time="0.002" /><testcase classname="tests.test_h20_implementation" name="test_even_suppressed_trades_fail_atomically_on_bad_state[missing_quote]" time="0.001" /><testcase classname="tests.test_h20_implementation" name="test_even_suppressed_trades_fail_atomically_on_bad_state[identity]" time="0.001" /><testcase classname="tests.test_h20_implementation" name="test_even_suppressed_trades_fail_atomically_on_bad_state[stale_basis]" time="0.001" /><testcase classname="tests.test_h20_implementation" name="test_even_suppressed_trades_fail_atomically_on_bad_state[tax_reserve]" time="0.001" /><testcase classname="tests.test_h20_implementation" name="test_even_suppressed_trades_fail_atomically_on_bad_state[units]" time="0.001" /><testcase classname="tests.test_h20_implementation" name="test_even_suppressed_trades_fail_atomically_on_bad_state[cost]" time="0.001" /><testcase classname="tests.test_h20_implementation" name="test_signal_quotes_capital_and_identity_cannot_use_future_or_receivables" time="0.001" /><testcase classname="tests.test_h20_implementation" name="test_unaffordable_gap_buy_remains_unfilled_and_keeps_integer_funding" time="0.001" /><testcase classname="tests.test_h20_implementation" name="test_missing_feature_date_cannot_become_a_liquidation_or_an_omitted_success" time="0.001" /><testcase classname="tests.test_h20_implementation" name="test_modified_registration_fails_before_data_reads" time="0.002" /><testcase classname="tests.test_h2_gate" name="test_realized_vol_known_value" time="0.001" /><testcase classname="tests.test_h2_gate" name="test_realized_vol_requires_full_window" time="0.001" /><testcase classname="tests.test_h2_gate" name="test_realized_vol_is_point_in_time" time="0.001" /><testcase classname="tests.test_h2_gate" name="test_select_portfolio_bottom_takes_lowest_signals" time="0.001" /><testcase classname="tests.test_h2_gate" name="test_select_portfolio_default_still_top" time="0.001" /><testcase classname="tests.test_h2_gate" name="test_pipeline_has_power_with_real_judge" time="1.138" /><testcase classname="tests.test_h2_gate" name="test_blind_judge_fails_the_gate" time="0.002" /><testcase classname="tests.test_h2_gate" name="test_credulous_judge_fails_the_gate" time="0.005" /><testcase classname="tests.test_h2_gate" name="test_new_trial_requires_attestation" time="0.002" /><testcase classname="tests.test_h2_gate" name="test_trials_path_from_honors_env_var" time="0.004" /><testcase classname="tests.test_h2_gate" name="test_register_hypothesis_preserves_realized_sharpe" time="1.126" /><testcase classname="tests.test_h2_gate" name="test_attest_then_register_and_identity_lock" time="1.130" /><testcase classname="tests.test_h2_gate" name="test_run_h2_smoke" time="2.192" /><testcase classname="tests.test_h2_gate" name="test_h2_frozen_config_hash_golden" time="0.003" /><testcase classname="tests.test_h2_gate" name="test_h2_frozen_hash_ignores_operational_params" time="0.003" /><testcase classname="tests.test_h4_sizing" name="test_inverse_vol_weights_known_values" time="0.001" /><testcase classname="tests.test_h4_sizing" name="test_inverse_vol_weights_drops_undefined_vol" time="0.001" /><testcase classname="tests.test_h4_sizing" name="test_weighted_turnover_cost_first_book_pays_one_side" time="0.001" /><testcase classname="tests.test_h4_sizing" name="test_weighted_turnover_cost_no_change_is_free" time="0.001" /><testcase classname="tests.test_h4_sizing" name="test_weighted_turnover_cost_partial_rebalance" time="0.001" /><testcase classname="tests.test_h4_sizing" name="test_walk_forward_weighted_produces_paired_series" time="0.916" /><testcase classname="tests.test_h4_sizing" name="test_run_h4_smoke" time="2.175" /><testcase classname="tests.test_h4_sizing" name="test_h4_frozen_config_hash_golden" time="0.003" /><testcase classname="tests.test_h4_sizing" name="test_h4_frozen_hash_ignores_operational_params" time="0.003" /><testcase classname="tests.test_h5_reversal" name="test_reversal_signal_is_21d_return" time="0.001" /><testcase classname="tests.test_h5_reversal" name="test_reversal_signal_point_in_time" time="0.001" /><testcase classname="tests.test_h5_reversal" name="test_run_h5_smoke" time="2.084" /><testcase classname="tests.test_h5_reversal" name="test_h5_frozen_config_hash_golden" time="0.003" /><testcase classname="tests.test_h5_reversal" name="test_h5_frozen_hash_ignores_operational_params" time="0.003" /><testcase classname="tests.test_h6_momentum6" name="test_run_h6_smoke" time="2.108" /><testcase classname="tests.test_h6_momentum6" name="test_h6_frozen_config_hash_golden" time="0.003" /><testcase classname="tests.test_h6_momentum6" name="test_h6_frozen_hash_ignores_operational_params" time="0.003" /><testcase classname="tests.test_h7_quality_roe" name="test_run_h7_smoke" time="2.068" /><testcase classname="tests.test_h7_quality_roe" name="test_h7_frozen_config_hash_golden" time="0.003" /><testcase classname="tests.test_h7_quality_roe" name="test_h7_frozen_hash_ignores_operational_params" time="0.003" /><testcase classname="tests.test_h7_quality_roe" name="test_roe_signals_embargo_blocks_early_asof" time="0.033" /><testcase classname="tests.test_h7_quality_roe" name="test_roe_signals_picks_most_recent_eligible_ref_date" time="0.036" /><testcase classname="tests.test_h8_double_filter" name="test_double_filter_known_values" time="0.001" /><testcase classname="tests.test_h8_double_filter" name="test_double_filter_requires_both_signals" time="0.001" /><testcase classname="tests.test_h8_double_filter" name="test_double_filter_empty_when_no_overlap" time="0.001" /><testcase classname="tests.test_h8_double_filter" name="test_run_h8_smoke" time="2.207" /><testcase classname="tests.test_h8_double_filter" name="test_h8_frozen_config_hash_golden" time="0.003" /><testcase classname="tests.test_h8_double_filter" name="test_h8_frozen_hash_ignores_operational_params" time="0.003" /><testcase classname="tests.test_h9_quality_leverage" name="test_run_h9_smoke" time="2.062" /><testcase classname="tests.test_h9_quality_leverage" name="test_h9_frozen_config_hash_golden" time="0.003" /><testcase classname="tests.test_h9_quality_leverage" name="test_h9_frozen_hash_ignores_operational_params" time="0.003" /><testcase classname="tests.test_h9_quality_leverage" name="test_leverage_signals_embargo_blocks_early_asof" time="0.032" /><testcase classname="tests.test_ingestion_integrity.IngestionIntegrityTests" name="test_busy_commit_leaves_no_pending_ingestion" time="0.003" /><testcase classname="tests.test_ingestion_integrity.IngestionIntegrityTests" name="test_changed_source_content_is_rejected_without_overwrite" time="0.002" /><testcase classname="tests.test_ingestion_integrity.IngestionIntegrityTests" name="test_conflicting_duplicate_across_batches_rolls_back_every_batch" time="0.079" /><testcase classname="tests.test_ingestion_integrity.IngestionIntegrityTests" name="test_conflicting_duplicates_inside_one_batch_are_rejected" time="0.001" /><testcase classname="tests.test_ingestion_integrity.IngestionIntegrityTests" name="test_constraint_failure_rolls_back_all_new_rows_and_preserves_caller" time="0.001" /><testcase classname="tests.test_ingestion_integrity.IngestionIntegrityTests" name="test_duplicates_in_one_source_report_actual_insertions" time="0.001" /><testcase classname="tests.test_ingestion_integrity.IngestionIntegrityTests" name="test_idempotent_replay_reports_zero_new_rows" time="0.001" /><testcase classname="tests.test_ingestion_integrity.IngestionIntegrityTests" name="test_late_stream_failure_leaves_no_partial_ingestion" time="0.078" /><testcase classname="tests.test_ingestion_integrity.IngestionIntegrityTests" name="test_malformed_neighbor_keeps_valid_row_and_warning" time="0.025" /><testcase classname="tests.test_ingestion_integrity.IngestionIntegrityTests" name="test_only_nonspot_records_are_valid_but_filtered" time="0.001" /><testcase classname="tests.test_ingestion_integrity.IngestionIntegrityTests" name="test_source_identity_is_required" time="0.001" /><testcase classname="tests.test_ingestion_integrity.IngestionIntegrityTests" name="test_success_keeps_callers_transaction_uncommitted" time="0.002" /><testcase classname="tests.test_input_contracts.InputContractTests" name="test_boolean_fractional_and_nonpositive_counts_rejected" time="0.003" /><testcase classname="tests.test_input_contracts.InputContractTests" name="test_busy_snapshot_commit_rolls_back_owned_transaction" time="0.010" /><testcase classname="tests.test_input_contracts.InputContractTests" name="test_date_requires_canonical_calendar_form" time="0.002" /><testcase classname="tests.test_input_contracts.InputContractTests" name="test_invalid_universe_parameters_fail_before_sql" time="0.002" /><testcase classname="tests.test_legacy_schema_compatibility" name="test_all_migrations_preserve_raw_rows_and_reopen_idempotently" time="0.051" /><testcase classname="tests.test_m0_genesis" name="test_vendor_version_file_exists" time="0.001" /><testcase classname="tests.test_m0_genesis" name="test_vendor_version_readable" time="0.001" /><testcase classname="tests.test_m0_genesis" name="test_vendor_modules_importable" time="0.002" /><testcase classname="tests.test_m0_genesis" name="test_infra_connect_creates_db" time="0.003" /><testcase classname="tests.test_m0_genesis" name="test_infra_migrations_idempotent" time="0.005" /><testcase classname="tests.test_m0_genesis" name="test_infra_config_hash_deterministic" time="0.001" /><testcase classname="tests.test_m0_genesis" name="test_db_get_connection_creates_schema" time="0.048" /><testcase classname="tests.test_m0_genesis" name="test_db_schema_idempotent" time="0.033" /><testcase classname="tests.test_m0_genesis" name="test_db_runs_has_params_frozen_until" time="0.033" /><testcase classname="tests.test_m0_genesis" name="test_db_migration_upgrade_path" time="0.035" /><testcase classname="tests.test_m0_genesis" name="test_db_prices_raw_unique_constraint" time="0.034" /><testcase classname="tests.test_m0_genesis" name="test_db_decisions_write_once_semantics" time="0.033" /><testcase classname="tests.test_m0_genesis" name="test_stats_ci_mean_coverage" time="2.349" /><testcase classname="tests.test_m0_genesis" name="test_stats_block_bootstrap_moving_reproducible" time="2.577" /><testcase classname="tests.test_m0_genesis" name="test_stats_block_bootstrap_wider_than_iid_for_autocorrelated" time="7.287" /><testcase classname="tests.test_m0_genesis" name="test_stats_sharpe_sign" time="0.001" /><testcase classname="tests.test_m0_genesis" name="test_config_yaml_parseable" time="0.001" /><testcase classname="tests.test_m0_genesis" name="test_handoff_exists_with_h1" time="0.001" /><testcase classname="tests.test_monthly_etf.MonthlyETFTests" name="test_bad_inputs" time="0.004" /><testcase classname="tests.test_monthly_etf.MonthlyETFTests" name="test_declining_closes_stay_cash_and_equality_is_cash" time="0.025" /><testcase classname="tests.test_monthly_etf.MonthlyETFTests" name="test_expense_infeasible_is_explicit" time="0.013" /><testcase classname="tests.test_monthly_etf.MonthlyETFTests" name="test_manual_hold_cash_fees_tax_reserve_and_settlement" time="0.014" /><testcase classname="tests.test_monthly_etf.MonthlyETFTests" name="test_missing_quote_and_duplicate_calendar_fail" time="0.003" /><testcase classname="tests.test_monthly_etf.MonthlyETFTests" name="test_monthly_tax_loss_netting_no_retroactive_refund" time="0.001" /><testcase classname="tests.test_monthly_etf.MonthlyETFTests" name="test_multiple_transitions_reconcile_and_tampering_is_rejected" time="0.062" /><testcase classname="tests.test_monthly_etf.MonthlyETFTests" name="test_reject_lot_without_spending_or_repeated_daily_orders" time="0.014" /><testcase classname="tests.test_monthly_etf.MonthlyETFTests" name="test_rounded_fee_maximum_lot" time="0.015" /><testcase classname="tests.test_monthly_etf.MonthlyETFTests" name="test_signal_never_uses_execution_close_or_future" time="0.043" /><testcase classname="tests.test_monthly_etf.MonthlyETFTests" name="test_terminal_has_priority_and_adverse_fills" time="0.025" /><testcase classname="tests.test_monthly_etf.MonthlyETFTests" name="test_uptrend_matches_hold_and_no_monthly_rebalance" time="0.047" /><testcase classname="tests.test_net" name="test_is_transient_by_status" time="0.001" /><testcase classname="tests.test_net" name="test_is_transient_by_marker" time="0.002" /><testcase classname="tests.test_net" name="test_daily_quota_is_not_transient" time="0.001" /><testcase classname="tests.test_net" name="test_with_retry_recovers_after_transient" time="0.306" /><testcase classname="tests.test_net" name="test_with_retry_gives_up_on_non_transient" time="0.002" /><testcase classname="tests.test_obs_events" name="test_envelope_has_exactly_seven_keys" time="0.002" /><testcase classname="tests.test_obs_events" name="test_optional_keys_present_even_when_unset" time="0.002" /><testcase classname="tests.test_obs_events" name="test_appends_multiple_lines" time="0.002" /><testcase classname="tests.test_obs_events" name="test_metrics_must_be_numeric" time="0.001" /><testcase classname="tests.test_obs_events" name="test_domain_and_event_required" time="0.001" /><testcase classname="tests.test_obs_events" name="test_read_events_missing_file_is_empty" time="0.001" /><testcase classname="tests.test_operational_evidence.OperationalEvidenceTests" name="test_code_mutation_or_omission_is_detected_before_run_receipts" time="0.003" /><testcase classname="tests.test_operational_evidence.OperationalEvidenceTests" name="test_current_complete_evidence" time="0.047" /><testcase classname="tests.test_operational_store.OperationalTests" name="test_backup_timeout_is_incomplete_and_source_is_intact" time="0.094" /><testcase classname="tests.test_operational_store.OperationalTests" name="test_cli_json_errors_and_personal_and_temporal_controls" time="0.055" /><testcase classname="tests.test_operational_store.OperationalTests" name="test_concurrent_process_replays_serialize_without_duplicates" time="0.225" /><testcase classname="tests.test_operational_store.OperationalTests" name="test_corrupt_backup_and_incomplete_artifacts_are_refused" time="0.097" /><testcase classname="tests.test_operational_store.OperationalTests" name="test_crashed_writer_rolls_back_and_reader_and_backup_see_committed_snapshot" time="0.387" /><testcase classname="tests.test_operational_store.OperationalTests" name="test_hash_is_checked_on_snapshot_and_malformed_tail_rolls_back" time="0.142" /><testcase classname="tests.test_operational_store.OperationalTests" name="test_legacy_refuses_managed_store_before_migration" time="0.040" /><testcase classname="tests.test_operational_store.OperationalTests" name="test_snapshot_manifest_write_failure_never_publishes_ready_backup" time="0.044" /><testcase classname="tests.test_operational_store.OperationalTests" name="test_snapshot_restores_committed_wal_and_rejects_reuse" time="0.242" /><testcase classname="tests.test_operational_store.OperationalTests" name="test_version_isolation_replay_and_append_only" time="0.219" /><testcase classname="tests.test_operational_store.OperationalTests" name="test_wrong_schema_missing_file_orphan_and_bad_timeout_fail_closed" time="0.085" /><testcase classname="tests.test_paper" name="test_record_forward_writes_eval_part" time="0.556" /><testcase classname="tests.test_paper" name="test_settle_ignores_non_spot_rows" time="0.576" /><testcase classname="tests.test_paper" name="test_settle_fills_exec_write_once" time="0.576" /><testcase classname="tests.test_paper" name="test_settle_exits_writes_risk_part_write_once" time="0.604" /><testcase classname="tests.test_paper" name="test_settle_exits_pending_stays_open_until_next_rebalance" time="0.572" /><testcase classname="tests.test_paper" name="test_forward_rejects_backdating_before_any_decision_write" time="0.516" /><testcase classname="tests.test_paper" name="test_forward_rejects_future_prices_even_with_current_clock" time="0.517" /><testcase classname="tests.test_paper" name="test_forward_records_with_current_clock_and_only_past_prices" time="0.549" /><testcase classname="tests.test_profit_validation" name="test_independent_book_chain_and_cash_are_conserved" time="0.001" /><testcase classname="tests.test_profit_validation" name="test_ex_entry_does_not_receive_cash_or_duplicate_split" time="0.001" /><testcase classname="tests.test_profit_validation" name="test_split_at_exit_is_included" time="0.001" /><testcase classname="tests.test_profit_validation" name="test_missing_entry_requires_documented_cessation" time="0.001" /><testcase classname="tests.test_profit_validation" name="test_compounding_does_not_replace_geometric_loss_with_arithmetic_mean" time="0.001" /><testcase classname="tests.test_profit_validation" name="test_retained_original_spinoff_not_double_counted" time="0.001" /><testcase classname="tests.test_purge_embargo_limitation" name="test_purge_embargo_months_has_no_effect_on_walk_forward" time="1.229" /><testcase classname="tests.test_purge_embargo_limitation" name="test_first_rebalance_after_test_start_has_no_embargo_gap" time="0.661" /><testcase classname="tests.test_quote_factor" name="test_adjusted_series_divides_by_quote_factor" time="0.041" /><testcase classname="tests.test_quote_factor" name="test_paper_settles_at_per_share_price" time="0.037" /><testcase classname="tests.test_readonly_entrypoints" name="test_status_on_missing_database_does_not_create_it" time="0.008" /><testcase classname="tests.test_readonly_entrypoints" name="test_status_does_not_migrate_a_legacy_schema" time="0.010" /><testcase classname="tests.test_readonly_entrypoints" name="test_read_connection_enforces_no_writes_and_requires_existing_source" time="0.004" /><testcase classname="tests.test_readonly_entrypoints" name="test_consultative_cli_paths_use_readonly_connection[analyst]" time="0.007" /><testcase classname="tests.test_readonly_entrypoints" name="test_consultative_cli_paths_use_readonly_connection[splits-review]" time="0.007" /><testcase classname="tests.test_repairs_cvm" name="test_real_ambev_units_and_energisa_version_reach_new_table" time="0.043" /><testcase classname="tests.test_repairs_cvm" name="test_public_receipt_parser_keys_by_version" time="0.001" /><testcase classname="tests.test_repairs_cvm" name="test_no_fallback_to_bad_legacy_fundamentals" time="0.038" /><testcase classname="tests.test_repairs_cvm" name="test_versions_are_available_independently_and_null_revision_does_not_backfill" time="0.040" /><testcase classname="tests.test_repairs_cvm" name="test_missing_actual_share_basis_cannot_double_apply_bbas_split" time="0.036" /><testcase classname="tests.test_repairs_cvm" name="test_fre_keeps_count_and_receipt_of_each_document" time="0.043" /><testcase classname="tests.test_repairs_cvm" name="test_value_signal_joins_independent_dates_and_verified_price_basis" time="0.038" /><testcase classname="tests.test_repairs_cvm" name="test_conflicting_immutable_batch_is_atomic" time="0.037" /><testcase classname="tests.test_repairs_cvm" name="test_public_parser_rejects_unsupported_units[USD-MIL-1]" time="0.002" /><testcase classname="tests.test_repairs_cvm" name="test_public_parser_rejects_unsupported_units[REAL-?-1]" time="0.002" /><testcase classname="tests.test_repairs_cvm" name="test_public_parser_rejects_unsupported_units[REAL-MIL-NaN]" time="0.002" /><testcase classname="tests.test_repairs_cvm" name="test_public_parser_rejects_unsupported_units[REAL-MIL-1.000,00]" time="0.002" /><testcase classname="tests.test_repairs_cvm" name="test_legacy_dividend_ingestion_is_not_a_public_total_return_source" time="0.001" /><testcase classname="tests.test_repairs_cvm" name="test_package_import_of_corrected_parser_without_legacy_sys_path" time="0.073" /><testcase classname="tests.test_repairs_cvm" name="test_corrected_modules_import_as_a_package_without_flat_import_shims" time="0.128" /><testcase classname="tests.test_repairs_cvm" name="test_copy_rebuilder_preserves_source_and_never_overwrites" time="0.060" /><testcase classname="tests.test_repairs_cvm" name="test_missing_statement_version_is_excluded_with_persistent_reason" time="0.038" /><testcase classname="tests.test_repairs_execution" name="test_next_open_excludes_pre_entry_gap_and_next_close_excludes_intraday" time="0.001" /><testcase classname="tests.test_repairs_execution" name="test_quantities_are_held_instead_of_daily_equal_weight_reset" time="0.001" /><testcase classname="tests.test_repairs_execution" name="test_monthly_resize_same_names_pays_cost_on_weight_drift" time="0.001" /><testcase classname="tests.test_repairs_execution" name="test_missing_open_delays_only_that_order_and_retains_cash" time="0.001" /><testcase classname="tests.test_repairs_execution" name="test_stale_name_keeps_weight_and_recovers_full_gap" time="0.001" /><testcase classname="tests.test_repairs_execution" name="test_empty_target_sells_existing_holdings_with_exit_cost" time="0.001" /><testcase classname="tests.test_repairs_execution" name="test_future_prices_cannot_change_past_executions_or_nav" time="0.001" /><testcase classname="tests.test_repairs_execution" name="test_worst_price_and_doubled_cost_are_effective_controls" time="0.001" /><testcase classname="tests.test_repairs_execution" name="test_cash_entitlement_ex_date_and_payment_do_not_create_double_return" time="0.001" /><testcase classname="tests.test_repairs_executio
[...]
_parse_fre_float_brazilian_numbers" time="0.001" /><testcase classname="tests.test_rj_ingest" name="test_build_ticker_map_marks_unmapped" time="0.001" /><testcase classname="tests.test_rj_ingest" name="test_parse_dfp_drops_penultimo_comparison_column" time="0.001" /><testcase classname="tests.test_rj_ingest" name="test_parse_dfp_fail_loud_without_value_column" time="0.001" /><testcase classname="tests.test_rj_ingest" name="test_compute_fundamentals_leverage_excludes_equity_from_passivo_total" time="0.001" /><testcase classname="tests.test_rj_ingest" name="test_compute_fundamentals_skips_company_missing_any_account" time="0.001" /><testcase classname="tests.test_rj_ingest" name="test_compute_fundamentals_net_margin_independent_of_roe_leverage" time="0.001" /><testcase classname="tests.test_rj_ingest" name="test_compute_fundamentals_net_margin_none_when_revenue_missing" time="0.001" /><testcase classname="tests.test_rj_ingest" name="test_ingest_dfp_year_writes_fundamentals" time="0.048" /><testcase classname="tests.test_rj_ingest" name="test_ingest_dfp_year_accepts_prefetched_zbytes_without_downloading" time="0.036" /><testcase classname="tests.test_rj_ingest" name="test_ingest_dfp_year_backfills_revenue_on_preexisting_row" time="0.034" /><testcase classname="tests.test_rj_ingest" name="test_ingest_dfp_year_skips_unmapped_company" time="0.035" /><testcase classname="tests.test_rj_ingest" name="test_to_float_requires_explicit_format" time="0.001" /><testcase classname="tests.test_rj_ingest" name="test_to_float_en_is_plain_decimal_point" time="0.001" /><testcase classname="tests.test_rj_ingest" name="test_to_float_br_is_thousands_dot_decimal_comma" time="0.001" /><testcase classname="tests.test_rj_ingest" name="test_parse_fre_dividend_rows_sums_by_pay_date_downstream" time="0.001" /><testcase classname="tests.test_rj_ingest" name="test_parse_fre_dividend_rows_drops_rows_without_pay_date" time="0.001" /><testcase classname="tests.test_rj_ingest" name="test_parse_fre_dividend_rows_fail_loud_without_amount_column" time="0.001" /><testcase classname="tests.test_rj_ingest" name="test_open_fre_distribuicao_capital_main_picks_non_classe_acao_file" time="0.001" /><testcase classname="tests.test_rj_ingest" name="test_parse_fre_capital_total_rows_keeps_latest_ref_date_per_cnpj" time="0.001" /><testcase classname="tests.test_rj_ingest" name="test_ingest_fre_dividends_year_writes_value_per_share" time="0.035" /><testcase classname="tests.test_rj_ingest" name="test_ingest_fre_dividends_year_skips_company_without_reliable_share_total" time="0.034" /><testcase classname="tests.test_rj_ingest" name="test_ingest_fre_dividends_year_skips_unmapped_company" time="0.035" /><testcase classname="tests.test_rj_next_gen" name="test_next_gen_registry_disjoint_from_preregistered" time="0.001" /><testcase classname="tests.test_rj_next_gen" name="test_max_lottery_uses_only_past_and_picks_extremes" time="0.001" /><testcase classname="tests.test_rj_next_gen" name="test_equity_issuance_respects_known_at" time="0.001" /><testcase classname="tests.test_rj_next_gen" name="test_retail_migration_delta" time="0.001" /><testcase classname="tests.test_rj_next_gen" name="test_altman_z_and_chs_nimta" time="0.001" /><testcase classname="tests.test_rj_next_gen" name="test_impute_zeros_auditable" time="0.001" /><testcase classname="tests.test_rj_next_gen" name="test_clr_invariant_and_fail_closed" time="0.001" /><testcase classname="tests.test_rj_next_gen" name="test_market_adjusted_rally_isolates_idiosyncratic" time="0.001" /><testcase classname="tests.test_rj_next_gen" name="test_walk_forward_never_looks_back" time="0.001" /><testcase classname="tests.test_rj_next_gen" name="test_walk_forward_splits_rejects_nonpositive_step" time="0.001" /><testcase classname="tests.test_rj_next_gen" name="test_market_adjusted_rally_skips_bad_index_tick_mid_window" time="0.001" /><testcase classname="tests.test_rj_next_gen" name="test_romano_wolf_detects_strong_signal_and_ignores_noise" time="1.515" /><testcase classname="tests.test_rj_next_gen" name="test_oos_haircut" time="0.001" /><testcase classname="tests.test_rj_pipeline" name="test_pipeline_end_to_end_on_synthetic_db" time="0.098" /><testcase classname="tests.test_rj_pipeline" name="test_pipeline_excludes_company_without_prices" time="0.065" /><testcase classname="tests.test_rj_pipeline" name="test_company_without_trough_is_censored_then_becomes_control" time="0.076" /><testcase classname="tests.test_rj_pipeline" name="test_pipeline_reports_censored_separately" time="0.061" /><testcase classname="tests.test_rj_pipeline" name="test_pipeline_liquidity_unavailable_without_free_float" time="0.057" /><testcase classname="tests.test_rj_pipeline" name="test_ownership_family_is_always_unavailable_pending_real_ingester" time="0.062" /><testcase classname="tests.test_rj_pipeline" name="test_persist_run_does_not_overwrite_score_with_null" time="0.067" /><testcase classname="tests.test_rj_pipeline" name="test_adjustment_applied_after_trough_does_not_change_family_scores" time="0.002" /><testcase classname="tests.test_rj_pipeline" name="test_adjustment_between_high_and_trough_is_economic_not_leakage" time="0.001" /><testcase classname="tests.test_rj_power" name="test_power_is_monotone_in_effect_size" time="10.514" /><testcase classname="tests.test_rj_power" name="test_simulate_power_is_deterministic" time="6.483" /><testcase classname="tests.test_rj_power" name="test_minimum_detectable_effect_reads_grid" time="0.001" /><testcase classname="tests.test_rj_power" name="test_format_grid_renders_all_cells" time="0.001" /><testcase classname="tests.test_rj_power_gate" name="test_sensitivity_detects_planted_effect" time="20.282" /><testcase classname="tests.test_rj_power_gate" name="test_specificity_false_positive_rate_near_nominal" time="26.909" /><testcase classname="tests.test_rj_smoke_synthetic" name="test_classify_episode_detects_rally" time="0.019" /><testcase classname="tests.test_rj_smoke_synthetic" name="test_classify_episode_no_rally_when_window_closed" time="0.018" /><testcase classname="tests.test_rj_smoke_synthetic" name="test_drawdown_family_direction" time="0.001" /><testcase classname="tests.test_rj_smoke_synthetic" name="test_judge_run_all_families_end_to_end" time="20.340" /><testcase classname="tests.test_rj_smoke_synthetic" name="test_point_in_time_candidates_no_lookahead" time="0.002" /><testcase classname="tests.test_rj_smoke_synthetic" name="test_classify_episode_primary_vs_secondary_window" time="0.018" /><testcase classname="tests.test_rj_smoke_synthetic" name="test_classify_episode_censoring_boundary_exact_window" time="0.017" /><testcase classname="tests.test_rj_smoke_synthetic" name="test_classify_episode_censoring_boundary_one_short" time="0.017" /><testcase classname="tests.test_rj_smoke_synthetic" name="test_full_window_required_for_candidates" time="0.001" /><testcase classname="tests.test_rj_smoke_synthetic" name="test_select_primary_and_secondary_episodes" time="0.003" /><testcase classname="tests.test_secrets_telemetry" name="test_guard_catches_planted_secret" time="0.001" /><testcase classname="tests.test_secrets_telemetry" name="test_guard_passes_clean_text" time="0.001" /><testcase classname="tests.test_secrets_telemetry" name="test_real_telemetry_has_no_secrets" time="0.001" /><testcase classname="tests.test_source_closure" name="test_actual_installments_preserve_parents_and_never_pay_aggregate_twice" time="0.024" /><testcase classname="tests.test_source_closure" name="test_cpfl_image_table_and_br_distribuidora_principal_have_distinct_payment_schedules" time="0.009" /><testcase classname="tests.test_source_closure" name="test_jcp_does_not_inherit_dividend_date_or_unverified_net" time="0.009" /><testcase classname="tests.test_source_closure" name="test_installment_cross_entitlement_join_rejected[ticker-WRONG3]" time="0.005" /><testcase classname="tests.test_source_closure" name="test_installment_cross_entitlement_join_rejected[isin-BRWRONG00000]" time="0.005" /><testcase classname="tests.test_source_closure" name="test_installment_cross_entitlement_join_rejected[action-DIVIDENDO]" time="0.004" /><testcase classname="tests.test_source_closure" name="test_installment_cross_entitlement_join_rejected[ex_date-2020-01-07]" time="0.004" /><testcase classname="tests.test_source_closure" name="test_unsafe_installment_materialization_rejected[duplicate_date]" time="0.004" /><testcase classname="tests.test_source_closure" name="test_unsafe_installment_materialization_rejected[duplicate_parent]" time="0.009" /><testcase classname="tests.test_source_closure" name="test_unsafe_installment_materialization_rejected[missing_source]" time="0.004" /><testcase classname="tests.test_source_closure" name="test_unsafe_installment_materialization_rejected[future_knowledge]" time="0.004" /><testcase classname="tests.test_source_closure" name="test_unsafe_installment_materialization_rejected[wrong_sum]" time="0.005" /><testcase classname="tests.test_source_closure" name="test_unsafe_installment_materialization_rejected[unreviewed_rounding]" time="0.004" /><testcase classname="tests.test_source_closure" name="test_unsafe_installment_materialization_rejected[wrong_rounding]" time="0.005" /><testcase classname="tests.test_source_closure" name="test_unsafe_installment_materialization_rejected[net_without_tax]" time="0.004" /><testcase classname="tests.test_source_closure" name="test_approved_integer_splits_conserve_cost_basis_on_odd_holdings[TOTS3]" time="0.001" /><testcase classname="tests.test_source_closure" name="test_approved_integer_splits_conserve_cost_basis_on_odd_holdings[RADL3]" time="0.001" /><testcase classname="tests.test_source_closure" name="test_approved_integer_splits_conserve_cost_basis_on_odd_holdings[HAPV3]" time="0.001" /><testcase classname="tests.test_source_closure" name="test_approved_integer_splits_conserve_cost_basis_on_odd_holdings[CSMG3]" time="0.001" /><testcase classname="tests.test_source_closure" name="test_approved_integer_splits_conserve_cost_basis_on_odd_holdings[ENEV3]" time="0.001" /><testcase classname="tests.test_source_closure" name="test_approved_integer_splits_conserve_cost_basis_on_odd_holdings[CSAN3]" time="0.001" /><testcase classname="tests.test_source_closure" name="test_approved_integer_splits_conserve_cost_basis_on_odd_holdings[PRIO3]" time="0.001" /><testcase classname="tests.test_source_closure" name="test_approved_integer_splits_conserve_cost_basis_on_odd_holdings[MGLU3]" time="0.001" /><testcase classname="tests.test_source_closure" name="test_b3_credit_pdf_section_and_identity_golden" time="0.004" /><testcase classname="tests.test_source_closure" name="test_b3_wrong_report_date_and_duplicate_pages_never_certify_income" time="0.003" /><testcase classname="tests.test_source_closure" name="test_hashed_local_reconstruction_is_not_counted_as_primary_evidence" time="0.001" /><testcase classname="tests.test_source_closure" name="test_published_credit_with_missing_approval_is_preserved_outside_joinable_rows" time="0.004" /><testcase classname="tests.test_source_closure" name="test_real_hypera_repeated_raw_rows_map_to_one_payment_without_mutating_sources" time="0.005" /><testcase classname="tests.test_source_closure" name="test_identical_iguatemi_installment_records_are_not_automatically_deduplicated" time="0.003" /><testcase classname="tests.test_source_closure" name="test_unproven_or_conflicting_duplicate_reviews_are_rejected[unreviewed]" time="0.004" /><testcase classname="tests.test_source_closure" name="test_unproven_or_conflicting_duplicate_reviews_are_rejected[missing_issuer]" time="0.004" /><testcase classname="tests.test_source_closure" name="test_unproven_or_conflicting_duplicate_reviews_are_rejected[two_distributions]" time="0.004" /><testcase classname="tests.test_source_closure" name="test_unproven_or_conflicting_duplicate_reviews_are_rejected[same_raw_row]" time="0.004" /><testcase classname="tests.test_source_closure" name="test_unproven_or_conflicting_duplicate_reviews_are_rejected[changed_raw_row]" time="0.004" /><testcase classname="tests.test_source_closure" name="test_unproven_or_conflicting_duplicate_reviews_are_rejected[wrong_approval]" time="0.004" /><testcase classname="tests.test_source_closure" name="test_unproven_or_conflicting_duplicate_reviews_are_rejected[wrong_cum]" time="0.004" /><testcase classname="tests.test_source_closure" name="test_unproven_or_conflicting_duplicate_reviews_are_rejected[wrong_isin]" time="0.004" /><testcase classname="tests.test_source_closure" name="test_unproven_or_conflicting_duplicate_reviews_are_rejected[wrong_gross]" time="0.004" /><testcase classname="tests.test_source_closure" name="test_unproven_or_conflicting_duplicate_reviews_are_rejected[wrong_ex]" time="0.004" /><testcase classname="tests.test_source_closure" name="test_unproven_or_conflicting_duplicate_reviews_are_rejected[overlapping]" time="0.004" /><testcase classname="tests.test_source_closure" name="test_unproven_or_conflicting_duplicate_reviews_are_rejected[conflicting_payment]" time="0.004" /><testcase classname="tests.test_source_closure" name="test_unproven_or_conflicting_duplicate_reviews_are_rejected[missing_raw_id]" time="0.004" /><testcase classname="tests.test_source_closure" name="test_unproven_or_conflicting_duplicate_reviews_are_rejected[invented_duplicate]" time="0.003" /><testcase classname="tests.test_source_closure" name="test_unproven_or_conflicting_duplicate_reviews_are_rejected[installment_parent]" time="0.004" /><testcase classname="tests.test_source_closure" name="test_unproven_or_conflicting_duplicate_reviews_are_rejected[unbound_issuer]" time="0.004" /><testcase classname="tests.test_source_closure" name="test_unproven_or_conflicting_duplicate_reviews_are_rejected[negative_raw_row]" time="0.004" /><testcase classname="tests.test_source_closure" name="test_real_cvm_blank_subjects_initial_approval_and_all_revisions_are_kept" time="0.002" /><testcase classname="tests.test_source_closure" name="test_cvm_window_excludes_future_filings_but_preserves_prior_versions" time="0.001" /><testcase classname="tests.test_source_history" name="test_real_zero_float_companies_do_not_destroy_2016_import" time="0.037" /><testcase classname="tests.test_source_history" name="test_nonpositive_or_nonfinite_shares_are_document_local_rejections[0]" time="0.001" /><testcase classname="tests.test_source_history" name="test_nonpositive_or_nonfinite_shares_are_document_local_rejections[-1]" time="0.001" /><testcase classname="tests.test_source_history" name="test_nonpositive_or_nonfinite_shares_are_document_local_rejections[NaN]" time="0.001" /><testcase classname="tests.test_source_history" name="test_nonpositive_or_nonfinite_shares_are_document_local_rejections[inf]" time="0.001" /><testcase classname="tests.test_source_history" name="test_all_invalid_share_documents_still_fail_loud" time="0.001" /><testcase classname="tests.test_source_history" name="test_exact_bbas_reported_capital_is_not_a_certified_share_basis" time="0.002" /><testcase classname="tests.test_source_history" name="test_fca_document_availability_and_unit_composition_are_preserved" time="0.002" /><testcase classname="tests.test_source_history" name="test_foreign_document_identity_cannot_supply_metadata" time="0.001" /><testcase classname="tests.test_source_history" name="test_audit_staging_is_idempotent_and_cannot_supply_factor_inputs" time="0.032" /><testcase classname="tests.test_source_history" name="test_source_fixture_hashes" time="0.001" /><testcase classname="tests.test_source_history" name="test_history_rebuild_preserves_operational_tables_and_refuses_existing_output" time="0.049" /><testcase classname="tests.test_stats_pedagio" name="test_psr_bounded_0_1" time="0.001" /><testcase classname="tests.test_stats_pedagio" name="test_psr_too_few_points_is_nan" time="0.001" /><testcase classname="tests.test_stats_pedagio" name="test_psr_strong_positive_beats_zero_null" time="0.002" /><testcase classname="tests.test_stats_pedagio" name="test_psr_monotonic_in_benchmark" time="0.002" /><testcase classname="tests.test_stats_pedagio" name="test_psr_more_data_raises_confidence" time="0.002" /><testcase classname="tests.test_stats_pedagio" name="test_psr_penalizes_fat_left_tail" time="0.002" /><testcase classname="tests.test_stats_pedagio" name="test_paired_bootstrap_runs_with_tuples" time="2.568" /><testcase classname="tests.test_stats_pedagio" name="test_paired_bootstrap_reproducible" time="3.444" /><testcase classname="tests.test_stats_pedagio" name="test_paired_resampling_preserves_cross_correlation" time="4.535" /><testcase classname="tests.test_stock_bonus" name="test_real_bonus_import_is_idempotent_and_conflicts_rollback" time="0.039" /><testcase classname="tests.test_stock_bonus" name="test_bonus_nav_is_recognized_on_ex_but_new_shares_cannot_be_sold_before_credit" time="0.001" /><testcase classname="tests.test_stock_bonus" name="test_cash_before_bonus_uses_original_quantity_even_during_quote_gap" time="0.001" /><testcase classname="tests.test_stock_bonus" name="test_purchase_on_ex_does_not_receive_bonus" time="0.001" /><testcase classname="tests.test_stock_bonus" name="test_bonus_with_no_quote_keeps_economic_mark_and_does_not_create_profit" time="0.001" /><testcase classname="tests.test_stock_bonus" name="test_lot_rounding_keeps_cash_and_pays_only_actual_trade_cost" time="0.001" /><testcase classname="tests.test_stock_bonus" name="test_adverse_buy_completes_its_budget_and_does_not_turn_into_a_later_sale" time="0.001" /><testcase classname="tests.test_stock_bonus" name="test_board_lot_setting_does_not_silently_sell_bonus_odd_lots" time="0.001" /><testcase classname="tests.test_universe" name="test_universe_is_point_in_time" time="0.040" /><testcase classname="tests.test_universe" name="test_excludes_quarantined" time="0.044" /><testcase classname="tests.test_universe" name="test_future_quarantine_does_not_exclude" time="0.038" /><testcase classname="tests.test_universe" name="test_resolved_quarantine_does_not_exclude" time="0.036" /><testcase classname="tests.test_universe" name="test_dedup_on_pn_keeps_more_liquid" time="0.036" /><testcase classname="tests.test_universe" name="test_excludes_delisted_ticker_stale_before_window" time="0.035" /><testcase classname="tests.test_universe" name="test_sporadic_trader_median_counts_no_trade_days_as_zero" time="0.037" /><testcase classname="tests.test_universe" name="test_min_history_excludes_short" time="0.037" /><testcase classname="tests.test_universe" name="test_newly_listed_ticker_does_not_appear_before_its_ipo_date" time="0.040" /><testcase classname="tests.test_versioned_sources.VersionedSources" name="test_caller_transaction_is_not_committed" time="0.003" /><testcase classname="tests.test_versioned_sources.VersionedSources" name="test_changed_excluded_content_conflicts_but_new_version_keeps_prior" time="0.003" /><testcase classname="tests.test_versioned_sources.VersionedSources" name="test_failed_outer_commit_releases_writer" time="0.004" /><testcase classname="tests.test_versioned_sources.VersionedSources" name="test_malformed_failure_preserves_callers_prior_write" time="0.002" /><testcase classname="tests.test_versioned_sources.VersionedSources" name="test_malformed_line_after_committed_batches_rolls_back_catalog_and_prices" time="0.069" /><testcase classname="tests.test_versioned_sources.VersionedSources" name="test_renamed_identical_source_replays_and_preserves_first_observation" time="0.003" /><testcase classname="tests.test_versioned_sources.TemporalEvidence" name="test_future_same_instant_and_duplicate_evidence_rejected" time="0.002" /><testcase classname="tests.test_versioned_sources.TemporalEvidence" name="test_invalid_chronology_naive_timestamp_and_nonfinite_rejected" time="0.002" /><testcase classname="tests.test_versioned_sources.TemporalEvidence" name="test_offset_normalization_and_eligible_arithmetic" time="0.001" /></testsuite></testsuites>